<html>
<head>
<title>TestNG:  Default test</title>
<link href="../testng.css" rel="stylesheet" type="text/css" />
<link href="../my-testng.css" rel="stylesheet" type="text/css" />

<style type="text/css">
.log { display: none;} 
.stack-trace { display: none;} 
</style>
<script type="text/javascript">
<!--
function flip(e) {
  current = e.style.display;
  if (current == 'block') {
    e.style.display = 'none';
    return 0;
  }
  else {
    e.style.display = 'block';
    return 1;
  }
}

function toggleBox(szDivId, elem, msg1, msg2)
{
  var res = -1;  if (document.getElementById) {
    res = flip(document.getElementById(szDivId));
  }
  else if (document.all) {
    // this is the way old msie versions work
    res = flip(document.all[szDivId]);
  }
  if(elem) {
    if(res == 0) elem.innerHTML = msg1; else elem.innerHTML = msg2;
  }

}

function toggleAllBoxes() {
  if (document.getElementsByTagName) {
    d = document.getElementsByTagName('div');
    for (i = 0; i < d.length; i++) {
      if (d[i].className == 'log') {
        flip(d[i]);
      }
    }
  }
}

// -->
</script>

</head>
<body>
<h2 align='center'>Default test</h2><table border='1' align="center">
<tr>
<td>Tests passed/Failed/Skipped:</td><td>97/7/0</td>
</tr><tr>
<td>Started on:</td><td>Tue Oct 04 10:48:17 WIB 2022</td>
</tr>
<tr><td>Total time:</td><td>912 seconds (912323 ms)</td>
</tr><tr>
<td>Included groups:</td><td></td>
</tr><tr>
<td>Excluded groups:</td><td></td>
</tr>
</table><p/>
<small><i>(Hover the method name to see the test class name)</i></small><p/>
<table width='100%' border='1' class='invocation-failed'>
<tr><td colspan='4' align='center'><b>FAILED TESTS</b></td></tr>
<tr><td><b>Test method</b></td>
<td><b>Attribute(s)</b></td>
<td width="30%"><b>Exception</b></td>
<td width="10%"><b>Time (seconds)</b></td>
<td><b>Instance</b></td>
</tr>
<tr>
<td title='com.sqa.psikotes.framework.runner.TestRunner.runScenario()'><b>runScenario</b><br>Test class: com.sqa.psikotes.framework.runner.TestRunner<br>Test method: Runs Cucumber Scenarios<br>Parameters: "TSDU004002 Admin ingin menampilkan beberapa data NON ACTIVE berdasarkan name dan email menggunakan berwarna hijau", "TSDU004 Mencari user non active"</td>
<td><div><pre>io.cucumber.testng.UndefinedStepException: The step &apos;TSDU004002 Tampil hasil filter NON ACTIVE User berdasarkan buhi&apos; is undefined.
You can implement this step using the snippet(s) below:

@Then(&quot;TSDU004002 Tampil hasil filter NON ACTIVE User berdasarkan buhi&quot;)
public void tsdu004002_tampil_hasil_filter_non_active_user_berdasarkan_buhi() {
    // Write code here that turns the phrase above into concrete actions
    throw new io.cucumber.java.PendingException();
}

	at io.cucumber.core.runtime.TestCaseResultObserver.assertTestCasePassed(TestCaseResultObserver.java:69)
	at io.cucumber.testng.TestCaseResultObserver.assertTestCasePassed(TestCaseResultObserver.java:23)
	at io.cucumber.testng.TestNGCucumberRunner.lambda$runScenario$1(TestNGCucumberRunner.java:133)
	at io.cucumber.core.runtime.CucumberExecutionContext.lambda$runTestCase$5(CucumberExecutionContext.java:129)
	at io.cucumber.core.runtime.RethrowingThrowableCollector.executeAndThrow(RethrowingThrowableCollector.java:23)
	at io.cucumber.core.runtime.CucumberExecutionContext.runTestCase(CucumberExecutionContext.java:129)
	at io.cucumber.testng.TestNGCucumberRunner.runScenario(TestNGCucumberRunner.java:129)
	at io.cucumber.testng.AbstractTestNGCucumberTests.runScenario(AbstractTestNGCucumberTests.java:35)
	at jdk.internal.reflect.GeneratedMethodAccessor134.invoke(Unknown Source)
	at java.base/jdk.internal.reflect.DelegatingMethodAccessorImpl.invoke(DelegatingMethodAccessorImpl.java:43)
	at java.base/java.lang.reflect.Method.invoke(Method.java:568)
	at org.testng.internal.invokers.MethodInvocationHelper.invokeMethod(MethodInvocationHelper.java:139)
	at org.testng.internal.invokers.TestInvoker.invokeMethod(TestInvoker.java:677)
	at org.testng.internal.invokers.TestInvoker.invokeTestMethod(TestInvoker.java:221)
	at org.testng.internal.invokers.MethodRunner.runInSequence(MethodRunner.java:50)
	at org.testng.internal.invokers.TestInvoker$MethodInvocationAgent.invoke(TestInvoker.java:962)
	at org.testng.internal.invokers.TestInvoker.invokeTestMethods(TestInvoker.java:194)
	at org.testng.internal.invokers.TestMethodWorker.invokeTestMethods(TestMethodWorker.java:148)
	at org.testng.internal.invokers.TestMethodWorker.run(TestMethodWorker.java:128)
	at java.base/java.util.ArrayList.forEach(ArrayList.java:1511)
	at org.testng.TestRunner.privateRun(TestRunner.java:806)
	at org.testng.TestRunner.run(TestRunner.java:601)
	at org.testng.SuiteRunner.runTest(SuiteRunner.java:433)
	at org.testng.SuiteRunner.runSequentially(SuiteRunner.java:427)
	at org.testng.SuiteRunner.privateRun(SuiteRunner.java:387)
	at org.testng.SuiteRunner.run(SuiteRunner.java:330)
	at org.testng.SuiteRunnerWorker.runSuite(SuiteRunnerWorker.java:52)
	at org.testng.SuiteRunnerWorker.run(SuiteRunnerWorker.java:95)
	at org.testng.TestNG.runSuitesSequentially(TestNG.java:1256)
	at org.testng.TestNG.runSuitesLocally(TestNG.java:1176)
	at org.testng.TestNG.runSuites(TestNG.java:1099)
	at org.testng.TestNG.run(TestNG.java:1067)
	at org.testng.remote.AbstractRemoteTestNG.run(AbstractRemoteTestNG.java:115)
	at org.testng.remote.RemoteTestNG.initAndRun(RemoteTestNG.java:251)
	at org.testng.remote.RemoteTestNG.main(RemoteTestNG.java:77)
</pre></div><a href='#' onClick='toggleBox("stack-trace1474657733", this, "Click to show all stack frames", "Click to hide stack frames")'>Click to show all stack frames</a>
<div class='stack-trace' id='stack-trace1474657733'><pre>io.cucumber.testng.UndefinedStepException: The step &apos;TSDU004002 Tampil hasil filter NON ACTIVE User berdasarkan buhi&apos; is undefined.
You can implement this step using the snippet(s) below:

@Then(&quot;TSDU004002 Tampil hasil filter NON ACTIVE User berdasarkan buhi&quot;)
public void tsdu004002_tampil_hasil_filter_non_active_user_berdasarkan_buhi() {
    // Write code here that turns the phrase above into concrete actions
    throw new io.cucumber.java.PendingException();
}

	at io.cucumber.core.runtime.TestCaseResultObserver.assertTestCasePassed(TestCaseResultObserver.java:69)
	at io.cucumber.testng.TestCaseResultObserver.assertTestCasePassed(TestCaseResultObserver.java:23)
	at io.cucumber.testng.TestNGCucumberRunner.lambda$runScenario$1(TestNGCucumberRunner.java:133)
	at io.cucumber.core.runtime.CucumberExecutionContext.lambda$runTestCase$5(CucumberExecutionContext.java:129)
	at io.cucumber.core.runtime.RethrowingThrowableCollector.executeAndThrow(RethrowingThrowableCollector.java:23)
	at io.cucumber.core.runtime.CucumberExecutionContext.runTestCase(CucumberExecutionContext.java:129)
	at io.cucumber.testng.TestNGCucumberRunner.runScenario(TestNGCucumberRunner.java:129)
	at io.cucumber.testng.AbstractTestNGCucumberTests.runScenario(AbstractTestNGCucumberTests.java:35)
	at jdk.internal.reflect.GeneratedMethodAccessor134.invoke(Unknown Source)
	at java.base/jdk.internal.reflect.DelegatingMethodAccessorImpl.invoke(DelegatingMethodAccessorImpl.java:43)
	at java.base/java.lang.reflect.Method.invoke(Method.java:568)
	at org.testng.internal.invokers.MethodInvocationHelper.invokeMethod(MethodInvocationHelper.java:139)
	at org.testng.internal.invokers.TestInvoker.invokeMethod(TestInvoker.java:677)
	at org.testng.internal.invokers.TestInvoker.invokeTestMethod(TestInvoker.java:221)
	at org.testng.internal.invokers.MethodRunner.runInSequence(MethodRunner.java:50)
	at org.testng.internal.invokers.TestInvoker$MethodInvocationAgent.invoke(TestInvoker.java:962)
	at org.testng.internal.invokers.TestInvoker.invokeTestMethods(TestInvoker.java:194)
	at org.testng.internal.invokers.TestMethodWorker.invokeTestMethods(TestMethodWorker.java:148)
	at org.testng.internal.invokers.TestMethodWorker.run(TestMethodWorker.java:128)
	at java.base/java.util.ArrayList.forEach(ArrayList.java:1511)
	at org.testng.TestRunner.privateRun(TestRunner.java:806)
	at org.testng.TestRunner.run(TestRunner.java:601)
	at org.testng.SuiteRunner.runTest(SuiteRunner.java:433)
	at org.testng.SuiteRunner.runSequentially(SuiteRunner.java:427)
	at org.testng.SuiteRunner.privateRun(SuiteRunner.java:387)
	at org.testng.SuiteRunner.run(SuiteRunner.java:330)
	at org.testng.SuiteRunnerWorker.runSuite(SuiteRunnerWorker.java:52)
	at org.testng.SuiteRunnerWorker.run(SuiteRunnerWorker.java:95)
	at org.testng.TestNG.runSuitesSequentially(TestNG.java:1256)
	at org.testng.TestNG.runSuitesLocally(TestNG.java:1176)
	at org.testng.TestNG.runSuites(TestNG.java:1099)
	at org.testng.TestNG.run(TestNG.java:1067)
	at org.testng.remote.AbstractRemoteTestNG.run(AbstractRemoteTestNG.java:115)
	at org.testng.remote.RemoteTestNG.initAndRun(RemoteTestNG.java:251)
	at org.testng.remote.RemoteTestNG.main(RemoteTestNG.java:77)
</pre></div></td>
<td>10</td>
<td>com.sqa.psikotes.framework.runner.TestRunner@2767e23c</td></tr>
<tr>
<td title='com.sqa.psikotes.framework.runner.TestRunner.runScenario()'><b>runScenario</b><br>Test class: com.sqa.psikotes.framework.runner.TestRunner<br>Test method: Runs Cucumber Scenarios<br>Parameters: "TSDU004001 Admin ingin menampilkan beberapa data NON ACTIVE berdasarkan name dan email menggunakan tombol search", "TSDU004 Mencari user non active"</td>
<td><div><pre>io.cucumber.testng.UndefinedStepException: The step &apos;TSDU004001 Tampil hasil filter NON ACTIVE User berdasarkan yuhu&apos; is undefined.
You can implement this step using the snippet(s) below:

@Then(&quot;TSDU004001 Tampil hasil filter NON ACTIVE User berdasarkan yuhu&quot;)
public void tsdu004001_tampil_hasil_filter_non_active_user_berdasarkan_yuhu() {
    // Write code here that turns the phrase above into concrete actions
    throw new io.cucumber.java.PendingException();
}

	at io.cucumber.core.runtime.TestCaseResultObserver.assertTestCasePassed(TestCaseResultObserver.java:69)
	at io.cucumber.testng.TestCaseResultObserver.assertTestCasePassed(TestCaseResultObserver.java:23)
	at io.cucumber.testng.TestNGCucumberRunner.lambda$runScenario$1(TestNGCucumberRunner.java:133)
	at io.cucumber.core.runtime.CucumberExecutionContext.lambda$runTestCase$5(CucumberExecutionContext.java:129)
	at io.cucumber.core.runtime.RethrowingThrowableCollector.executeAndThrow(RethrowingThrowableCollector.java:23)
	at io.cucumber.core.runtime.CucumberExecutionContext.runTestCase(CucumberExecutionContext.java:129)
	at io.cucumber.testng.TestNGCucumberRunner.runScenario(TestNGCucumberRunner.java:129)
	at io.cucumber.testng.AbstractTestNGCucumberTests.runScenario(AbstractTestNGCucumberTests.java:35)
	at jdk.internal.reflect.GeneratedMethodAccessor134.invoke(Unknown Source)
	at java.base/jdk.internal.reflect.DelegatingMethodAccessorImpl.invoke(DelegatingMethodAccessorImpl.java:43)
	at java.base/java.lang.reflect.Method.invoke(Method.java:568)
	at org.testng.internal.invokers.MethodInvocationHelper.invokeMethod(MethodInvocationHelper.java:139)
	at org.testng.internal.invokers.TestInvoker.invokeMethod(TestInvoker.java:677)
	at org.testng.internal.invokers.TestInvoker.invokeTestMethod(TestInvoker.java:221)
	at org.testng.internal.invokers.MethodRunner.runInSequence(MethodRunner.java:50)
	at org.testng.internal.invokers.TestInvoker$MethodInvocationAgent.invoke(TestInvoker.java:962)
	at org.testng.internal.invokers.TestInvoker.invokeTestMethods(TestInvoker.java:194)
	at org.testng.internal.invokers.TestMethodWorker.invokeTestMethods(TestMethodWorker.java:148)
	at org.testng.internal.invokers.TestMethodWorker.run(TestMethodWorker.java:128)
	at java.base/java.util.ArrayList.forEach(ArrayList.java:1511)
	at org.testng.TestRunner.privateRun(TestRunner.java:806)
	at org.testng.TestRunner.run(TestRunner.java:601)
	at org.testng.SuiteRunner.runTest(SuiteRunner.java:433)
	at org.testng.SuiteRunner.runSequentially(SuiteRunner.java:427)
	at org.testng.SuiteRunner.privateRun(SuiteRunner.java:387)
	at org.testng.SuiteRunner.run(SuiteRunner.java:330)
	at org.testng.SuiteRunnerWorker.runSuite(SuiteRunnerWorker.java:52)
	at org.testng.SuiteRunnerWorker.run(SuiteRunnerWorker.java:95)
	at org.testng.TestNG.runSuitesSequentially(TestNG.java:1256)
	at org.testng.TestNG.runSuitesLocally(TestNG.java:1176)
	at org.testng.TestNG.runSuites(TestNG.java:1099)
	at org.testng.TestNG.run(TestNG.java:1067)
	at org.testng.remote.AbstractRemoteTestNG.run(AbstractRemoteTestNG.java:115)
	at org.testng.remote.RemoteTestNG.initAndRun(RemoteTestNG.java:251)
	at org.testng.remote.RemoteTestNG.main(RemoteTestNG.java:77)
</pre></div><a href='#' onClick='toggleBox("stack-trace725270251", this, "Click to show all stack frames", "Click to hide stack frames")'>Click to show all stack frames</a>
<div class='stack-trace' id='stack-trace725270251'><pre>io.cucumber.testng.UndefinedStepException: The step &apos;TSDU004001 Tampil hasil filter NON ACTIVE User berdasarkan yuhu&apos; is undefined.
You can implement this step using the snippet(s) below:

@Then(&quot;TSDU004001 Tampil hasil filter NON ACTIVE User berdasarkan yuhu&quot;)
public void tsdu004001_tampil_hasil_filter_non_active_user_berdasarkan_yuhu() {
    // Write code here that turns the phrase above into concrete actions
    throw new io.cucumber.java.PendingException();
}

	at io.cucumber.core.runtime.TestCaseResultObserver.assertTestCasePassed(TestCaseResultObserver.java:69)
	at io.cucumber.testng.TestCaseResultObserver.assertTestCasePassed(TestCaseResultObserver.java:23)
	at io.cucumber.testng.TestNGCucumberRunner.lambda$runScenario$1(TestNGCucumberRunner.java:133)
	at io.cucumber.core.runtime.CucumberExecutionContext.lambda$runTestCase$5(CucumberExecutionContext.java:129)
	at io.cucumber.core.runtime.RethrowingThrowableCollector.executeAndThrow(RethrowingThrowableCollector.java:23)
	at io.cucumber.core.runtime.CucumberExecutionContext.runTestCase(CucumberExecutionContext.java:129)
	at io.cucumber.testng.TestNGCucumberRunner.runScenario(TestNGCucumberRunner.java:129)
	at io.cucumber.testng.AbstractTestNGCucumberTests.runScenario(AbstractTestNGCucumberTests.java:35)
	at jdk.internal.reflect.GeneratedMethodAccessor134.invoke(Unknown Source)
	at java.base/jdk.internal.reflect.DelegatingMethodAccessorImpl.invoke(DelegatingMethodAccessorImpl.java:43)
	at java.base/java.lang.reflect.Method.invoke(Method.java:568)
	at org.testng.internal.invokers.MethodInvocationHelper.invokeMethod(MethodInvocationHelper.java:139)
	at org.testng.internal.invokers.TestInvoker.invokeMethod(TestInvoker.java:677)
	at org.testng.internal.invokers.TestInvoker.invokeTestMethod(TestInvoker.java:221)
	at org.testng.internal.invokers.MethodRunner.runInSequence(MethodRunner.java:50)
	at org.testng.internal.invokers.TestInvoker$MethodInvocationAgent.invoke(TestInvoker.java:962)
	at org.testng.internal.invokers.TestInvoker.invokeTestMethods(TestInvoker.java:194)
	at org.testng.internal.invokers.TestMethodWorker.invokeTestMethods(TestMethodWorker.java:148)
	at org.testng.internal.invokers.TestMethodWorker.run(TestMethodWorker.java:128)
	at java.base/java.util.ArrayList.forEach(ArrayList.java:1511)
	at org.testng.TestRunner.privateRun(TestRunner.java:806)
	at org.testng.TestRunner.run(TestRunner.java:601)
	at org.testng.SuiteRunner.runTest(SuiteRunner.java:433)
	at org.testng.SuiteRunner.runSequentially(SuiteRunner.java:427)
	at org.testng.SuiteRunner.privateRun(SuiteRunner.java:387)
	at org.testng.SuiteRunner.run(SuiteRunner.java:330)
	at org.testng.SuiteRunnerWorker.runSuite(SuiteRunnerWorker.java:52)
	at org.testng.SuiteRunnerWorker.run(SuiteRunnerWorker.java:95)
	at org.testng.TestNG.runSuitesSequentially(TestNG.java:1256)
	at org.testng.TestNG.runSuitesLocally(TestNG.java:1176)
	at org.testng.TestNG.runSuites(TestNG.java:1099)
	at org.testng.TestNG.run(TestNG.java:1067)
	at org.testng.remote.AbstractRemoteTestNG.run(AbstractRemoteTestNG.java:115)
	at org.testng.remote.RemoteTestNG.initAndRun(RemoteTestNG.java:251)
	at org.testng.remote.RemoteTestNG.main(RemoteTestNG.java:77)
</pre></div></td>
<td>10</td>
<td>com.sqa.psikotes.framework.runner.TestRunner@2767e23c</td></tr>
<tr>
<td title='com.sqa.psikotes.framework.runner.TestRunner.runScenario()'><b>runScenario</b><br>Test class: com.sqa.psikotes.framework.runner.TestRunner<br>Test method: Runs Cucumber Scenarios<br>Parameters: "TSDU005001 Admin ingin menampilkan semua data ACTIVE Users", "TSDU005 Menampilkan user active"</td>
<td><div><pre>io.cucumber.testng.UndefinedStepException: The step &apos;TSDU005 Admin harus membuka halaman  data users&apos; and 3 other step(s) are undefined.
You can implement these steps using the snippet(s) below:

@Given(&quot;TSDU005 Admin harus membuka halaman  data users&quot;)
public void tsdu005_admin_harus_membuka_halaman_data_users() {
    // Write code here that turns the phrase above into concrete actions
    throw new io.cucumber.java.PendingException();
}
@When(&quot;TSDU005001 Admin klik tombol untuk dropdown yang ada di sebelah kanan search field&quot;)
public void tsdu005001_admin_klik_tombol_untuk_dropdown_yang_ada_di_sebelah_kanan_search_field() {
    // Write code here that turns the phrase above into concrete actions
    throw new io.cucumber.java.PendingException();
}
@When(&quot;TSDU005001 Admin memilih ACTIVE&quot;)
public void tsdu005001_admin_memilih_active() {
    // Write code here that turns the phrase above into concrete actions
    throw new io.cucumber.java.PendingException();
}
@Then(&quot;TSDU005001 Tampil status ACTIVE&quot;)
public void tsdu005001_tampil_status_active() {
    // Write code here that turns the phrase above into concrete actions
    throw new io.cucumber.java.PendingException();
}

	at io.cucumber.core.runtime.TestCaseResultObserver.assertTestCasePassed(TestCaseResultObserver.java:69)
	at io.cucumber.testng.TestCaseResultObserver.assertTestCasePassed(TestCaseResultObserver.java:23)
	at io.cucumber.testng.TestNGCucumberRunner.lambda$runScenario$1(TestNGCucumberRunner.java:133)
	at io.cucumber.core.runtime.CucumberExecutionContext.lambda$runTestCase$5(CucumberExecutionContext.java:129)
	at io.cucumber.core.runtime.RethrowingThrowableCollector.executeAndThrow(RethrowingThrowableCollector.java:23)
	at io.cucumber.core.runtime.CucumberExecutionContext.runTestCase(CucumberExecutionContext.java:129)
	at io.cucumber.testng.TestNGCucumberRunner.runScenario(TestNGCucumberRunner.java:129)
	at io.cucumber.testng.AbstractTestNGCucumberTests.runScenario(AbstractTestNGCucumberTests.java:35)
	at jdk.internal.reflect.GeneratedMethodAccessor134.invoke(Unknown Source)
	at java.base/jdk.internal.reflect.DelegatingMethodAccessorImpl.invoke(DelegatingMethodAccessorImpl.java:43)
	at java.base/java.lang.reflect.Method.invoke(Method.java:568)
	at org.testng.internal.invokers.MethodInvocationHelper.invokeMethod(MethodInvocationHelper.java:139)
	at org.testng.internal.invokers.TestInvoker.invokeMethod(TestInvoker.java:677)
	at org.testng.internal.invokers.TestInvoker.invokeTestMethod(TestInvoker.java:221)
	at org.testng.internal.invokers.MethodRunner.runInSequence(MethodRunner.java:50)
	at org.testng.internal.invokers.TestInvoker$MethodInvocationAgent.invoke(TestInvoker.java:962)
	at org.testng.internal.invokers.TestInvoker.invokeTestMethods(TestInvoker.java:194)
	at org.testng.internal.invokers.TestMethodWorker.invokeTestMethods(TestMethodWorker.java:148)
	at org.testng.internal.invokers.TestMethodWorker.run(TestMethodWorker.java:128)
	at java.base/java.util.ArrayList.forEach(ArrayList.java:1511)
	at org.testng.TestRunner.privateRun(TestRunner.java:806)
	at org.testng.TestRunner.run(TestRunner.java:601)
	at org.testng.SuiteRunner.runTest(SuiteRunner.java:433)
	at org.testng.SuiteRunner.runSequentially(SuiteRunner.java:427)
	at org.testng.SuiteRunner.privateRun(SuiteRunner.java:387)
	at org.testng.SuiteRunner.run(SuiteRunner.java:330)
	at org.testng.SuiteRunnerWorker.runSuite(SuiteRunnerWorker.java:52)
	at org.testng.SuiteRunnerWorker.run(SuiteRunnerWorker.java:95)
	at org.testng.TestNG.runSuitesSequentially(TestNG.java:1256)
	at org.testng.TestNG.runSuitesLocally(TestNG.java:1176)
	at org.testng.TestNG.runSuites(TestNG.java:1099)
	at org.testng.TestNG.run(TestNG.java:1067)
	at org.testng.remote.AbstractRemoteTestNG.run(AbstractRemoteTestNG.java:115)
	at org.testng.remote.RemoteTestNG.initAndRun(RemoteTestNG.java:251)
	at org.testng.remote.RemoteTestNG.main(RemoteTestNG.java:77)
</pre></div><a href='#' onClick='toggleBox("stack-trace960510275", this, "Click to show all stack frames", "Click to hide stack frames")'>Click to show all stack frames</a>
<div class='stack-trace' id='stack-trace960510275'><pre>io.cucumber.testng.UndefinedStepException: The step &apos;TSDU005 Admin harus membuka halaman  data users&apos; and 3 other step(s) are undefined.
You can implement these steps using the snippet(s) below:

@Given(&quot;TSDU005 Admin harus membuka halaman  data users&quot;)
public void tsdu005_admin_harus_membuka_halaman_data_users() {
    // Write code here that turns the phrase above into concrete actions
    throw new io.cucumber.java.PendingException();
}
@When(&quot;TSDU005001 Admin klik tombol untuk dropdown yang ada di sebelah kanan search field&quot;)
public void tsdu005001_admin_klik_tombol_untuk_dropdown_yang_ada_di_sebelah_kanan_search_field() {
    // Write code here that turns the phrase above into concrete actions
    throw new io.cucumber.java.PendingException();
}
@When(&quot;TSDU005001 Admin memilih ACTIVE&quot;)
public void tsdu005001_admin_memilih_active() {
    // Write code here that turns the phrase above into concrete actions
    throw new io.cucumber.java.PendingException();
}
@Then(&quot;TSDU005001 Tampil status ACTIVE&quot;)
public void tsdu005001_tampil_status_active() {
    // Write code here that turns the phrase above into concrete actions
    throw new io.cucumber.java.PendingException();
}

	at io.cucumber.core.runtime.TestCaseResultObserver.assertTestCasePassed(TestCaseResultObserver.java:69)
	at io.cucumber.testng.TestCaseResultObserver.assertTestCasePassed(TestCaseResultObserver.java:23)
	at io.cucumber.testng.TestNGCucumberRunner.lambda$runScenario$1(TestNGCucumberRunner.java:133)
	at io.cucumber.core.runtime.CucumberExecutionContext.lambda$runTestCase$5(CucumberExecutionContext.java:129)
	at io.cucumber.core.runtime.RethrowingThrowableCollector.executeAndThrow(RethrowingThrowableCollector.java:23)
	at io.cucumber.core.runtime.CucumberExecutionContext.runTestCase(CucumberExecutionContext.java:129)
	at io.cucumber.testng.TestNGCucumberRunner.runScenario(TestNGCucumberRunner.java:129)
	at io.cucumber.testng.AbstractTestNGCucumberTests.runScenario(AbstractTestNGCucumberTests.java:35)
	at jdk.internal.reflect.GeneratedMethodAccessor134.invoke(Unknown Source)
	at java.base/jdk.internal.reflect.DelegatingMethodAccessorImpl.invoke(DelegatingMethodAccessorImpl.java:43)
	at java.base/java.lang.reflect.Method.invoke(Method.java:568)
	at org.testng.internal.invokers.MethodInvocationHelper.invokeMethod(MethodInvocationHelper.java:139)
	at org.testng.internal.invokers.TestInvoker.invokeMethod(TestInvoker.java:677)
	at org.testng.internal.invokers.TestInvoker.invokeTestMethod(TestInvoker.java:221)
	at org.testng.internal.invokers.MethodRunner.runInSequence(MethodRunner.java:50)
	at org.testng.internal.invokers.TestInvoker$MethodInvocationAgent.invoke(TestInvoker.java:962)
	at org.testng.internal.invokers.TestInvoker.invokeTestMethods(TestInvoker.java:194)
	at org.testng.internal.invokers.TestMethodWorker.invokeTestMethods(TestMethodWorker.java:148)
	at org.testng.internal.invokers.TestMethodWorker.run(TestMethodWorker.java:128)
	at java.base/java.util.ArrayList.forEach(ArrayList.java:1511)
	at org.testng.TestRunner.privateRun(TestRunner.java:806)
	at org.testng.TestRunner.run(TestRunner.java:601)
	at org.testng.SuiteRunner.runTest(SuiteRunner.java:433)
	at org.testng.SuiteRunner.runSequentially(SuiteRunner.java:427)
	at org.testng.SuiteRunner.privateRun(SuiteRunner.java:387)
	at org.testng.SuiteRunner.run(SuiteRunner.java:330)
	at org.testng.SuiteRunnerWorker.runSuite(SuiteRunnerWorker.java:52)
	at org.testng.SuiteRunnerWorker.run(SuiteRunnerWorker.java:95)
	at org.testng.TestNG.runSuitesSequentially(TestNG.java:1256)
	at org.testng.TestNG.runSuitesLocally(TestNG.java:1176)
	at org.testng.TestNG.runSuites(TestNG.java:1099)
	at org.testng.TestNG.run(TestNG.java:1067)
	at org.testng.remote.AbstractRemoteTestNG.run(AbstractRemoteTestNG.java:115)
	at org.testng.remote.RemoteTestNG.initAndRun(RemoteTestNG.java:251)
	at org.testng.remote.RemoteTestNG.main(RemoteTestNG.java:77)
</pre></div></td>
<td>0</td>
<td>com.sqa.psikotes.framework.runner.TestRunner@2767e23c</td></tr>
<tr>
<td title='com.sqa.psikotes.framework.runner.TestRunner.runScenario()'><b>runScenario</b><br>Test class: com.sqa.psikotes.framework.runner.TestRunner<br>Test method: Runs Cucumber Scenarios<br>Parameters: "TSDU004002 Admin ingin menampilkan beberapa data NON ACTIVE berdasarkan name dan email menggunakan berwarna hijau", "TSDU004 Mencari user non active"</td>
<td><div><pre>io.cucumber.testng.UndefinedStepException: The step &apos;TSDU004002 Tampil hasil filter NON ACTIVE User berdasarkan buhi@gmail.com&apos; is undefined.
You can implement this step using the snippet(s) below:

@Then(&quot;TSDU004002 Tampil hasil filter NON ACTIVE User berdasarkan buhi@gmail.com&quot;)
public void tsdu004002_tampil_hasil_filter_non_active_user_berdasarkan_buhi_gmail_com() {
    // Write code here that turns the phrase above into concrete actions
    throw new io.cucumber.java.PendingException();
}

	at io.cucumber.core.runtime.TestCaseResultObserver.assertTestCasePassed(TestCaseResultObserver.java:69)
	at io.cucumber.testng.TestCaseResultObserver.assertTestCasePassed(TestCaseResultObserver.java:23)
	at io.cucumber.testng.TestNGCucumberRunner.lambda$runScenario$1(TestNGCucumberRunner.java:133)
	at io.cucumber.core.runtime.CucumberExecutionContext.lambda$runTestCase$5(CucumberExecutionContext.java:129)
	at io.cucumber.core.runtime.RethrowingThrowableCollector.executeAndThrow(RethrowingThrowableCollector.java:23)
	at io.cucumber.core.runtime.CucumberExecutionContext.runTestCase(CucumberExecutionContext.java:129)
	at io.cucumber.testng.TestNGCucumberRunner.runScenario(TestNGCucumberRunner.java:129)
	at io.cucumber.testng.AbstractTestNGCucumberTests.runScenario(AbstractTestNGCucumberTests.java:35)
	at jdk.internal.reflect.GeneratedMethodAccessor134.invoke(Unknown Source)
	at java.base/jdk.internal.reflect.DelegatingMethodAccessorImpl.invoke(DelegatingMethodAccessorImpl.java:43)
	at java.base/java.lang.reflect.Method.invoke(Method.java:568)
	at org.testng.internal.invokers.MethodInvocationHelper.invokeMethod(MethodInvocationHelper.java:139)
	at org.testng.internal.invokers.TestInvoker.invokeMethod(TestInvoker.java:677)
	at org.testng.internal.invokers.TestInvoker.invokeTestMethod(TestInvoker.java:221)
	at org.testng.internal.invokers.MethodRunner.runInSequence(MethodRunner.java:50)
	at org.testng.internal.invokers.TestInvoker$MethodInvocationAgent.invoke(TestInvoker.java:962)
	at org.testng.internal.invokers.TestInvoker.invokeTestMethods(TestInvoker.java:194)
	at org.testng.internal.invokers.TestMethodWorker.invokeTestMethods(TestMethodWorker.java:148)
	at org.testng.internal.invokers.TestMethodWorker.run(TestMethodWorker.java:128)
	at java.base/java.util.ArrayList.forEach(ArrayList.java:1511)
	at org.testng.TestRunner.privateRun(TestRunner.java:806)
	at org.testng.TestRunner.run(TestRunner.java:601)
	at org.testng.SuiteRunner.runTest(SuiteRunner.java:433)
	at org.testng.SuiteRunner.runSequentially(SuiteRunner.java:427)
	at org.testng.SuiteRunner.privateRun(SuiteRunner.java:387)
	at org.testng.SuiteRunner.run(SuiteRunner.java:330)
	at org.testng.SuiteRunnerWorker.runSuite(SuiteRunnerWorker.java:52)
	at org.testng.SuiteRunnerWorker.run(SuiteRunnerWorker.java:95)
	at org.testng.TestNG.runSuitesSequentially(TestNG.java:1256)
	at org.testng.TestNG.runSuitesLocally(TestNG.java:1176)
	at org.testng.TestNG.runSuites(TestNG.java:1099)
	at org.testng.TestNG.run(TestNG.java:1067)
	at org.testng.remote.AbstractRemoteTestNG.run(AbstractRemoteTestNG.java:115)
	at org.testng.remote.RemoteTestNG.initAndRun(RemoteTestNG.java:251)
	at org.testng.remote.RemoteTestNG.main(RemoteTestNG.java:77)
</pre></div><a href='#' onClick='toggleBox("stack-trace347696158", this, "Click to show all stack frames", "Click to hide stack frames")'>Click to show all stack frames</a>
<div class='stack-trace' id='stack-trace347696158'><pre>io.cucumber.testng.UndefinedStepException: The step &apos;TSDU004002 Tampil hasil filter NON ACTIVE User berdasarkan buhi@gmail.com&apos; is undefined.
You can implement this step using the snippet(s) below:

@Then(&quot;TSDU004002 Tampil hasil filter NON ACTIVE User berdasarkan buhi@gmail.com&quot;)
public void tsdu004002_tampil_hasil_filter_non_active_user_berdasarkan_buhi_gmail_com() {
    // Write code here that turns the phrase above into concrete actions
    throw new io.cucumber.java.PendingException();
}

	at io.cucumber.core.runtime.TestCaseResultObserver.assertTestCasePassed(TestCaseResultObserver.java:69)
	at io.cucumber.testng.TestCaseResultObserver.assertTestCasePassed(TestCaseResultObserver.java:23)
	at io.cucumber.testng.TestNGCucumberRunner.lambda$runScenario$1(TestNGCucumberRunner.java:133)
	at io.cucumber.core.runtime.CucumberExecutionContext.lambda$runTestCase$5(CucumberExecutionContext.java:129)
	at io.cucumber.core.runtime.RethrowingThrowableCollector.executeAndThrow(RethrowingThrowableCollector.java:23)
	at io.cucumber.core.runtime.CucumberExecutionContext.runTestCase(CucumberExecutionContext.java:129)
	at io.cucumber.testng.TestNGCucumberRunner.runScenario(TestNGCucumberRunner.java:129)
	at io.cucumber.testng.AbstractTestNGCucumberTests.runScenario(AbstractTestNGCucumberTests.java:35)
	at jdk.internal.reflect.GeneratedMethodAccessor134.invoke(Unknown Source)
	at java.base/jdk.internal.reflect.DelegatingMethodAccessorImpl.invoke(DelegatingMethodAccessorImpl.java:43)
	at java.base/java.lang.reflect.Method.invoke(Method.java:568)
	at org.testng.internal.invokers.MethodInvocationHelper.invokeMethod(MethodInvocationHelper.java:139)
	at org.testng.internal.invokers.TestInvoker.invokeMethod(TestInvoker.java:677)
	at org.testng.internal.invokers.TestInvoker.invokeTestMethod(TestInvoker.java:221)
	at org.testng.internal.invokers.MethodRunner.runInSequence(MethodRunner.java:50)
	at org.testng.internal.invokers.TestInvoker$MethodInvocationAgent.invoke(TestInvoker.java:962)
	at org.testng.internal.invokers.TestInvoker.invokeTestMethods(TestInvoker.java:194)
	at org.testng.internal.invokers.TestMethodWorker.invokeTestMethods(TestMethodWorker.java:148)
	at org.testng.internal.invokers.TestMethodWorker.run(TestMethodWorker.java:128)
	at java.base/java.util.ArrayList.forEach(ArrayList.java:1511)
	at org.testng.TestRunner.privateRun(TestRunner.java:806)
	at org.testng.TestRunner.run(TestRunner.java:601)
	at org.testng.SuiteRunner.runTest(SuiteRunner.java:433)
	at org.testng.SuiteRunner.runSequentially(SuiteRunner.java:427)
	at org.testng.SuiteRunner.privateRun(SuiteRunner.java:387)
	at org.testng.SuiteRunner.run(SuiteRunner.java:330)
	at org.testng.SuiteRunnerWorker.runSuite(SuiteRunnerWorker.java:52)
	at org.testng.SuiteRunnerWorker.run(SuiteRunnerWorker.java:95)
	at org.testng.TestNG.runSuitesSequentially(TestNG.java:1256)
	at org.testng.TestNG.runSuitesLocally(TestNG.java:1176)
	at org.testng.TestNG.runSuites(TestNG.java:1099)
	at org.testng.TestNG.run(TestNG.java:1067)
	at org.testng.remote.AbstractRemoteTestNG.run(AbstractRemoteTestNG.java:115)
	at org.testng.remote.RemoteTestNG.initAndRun(RemoteTestNG.java:251)
	at org.testng.remote.RemoteTestNG.main(RemoteTestNG.java:77)
</pre></div></td>
<td>10</td>
<td>com.sqa.psikotes.framework.runner.TestRunner@2767e23c</td></tr>
<tr>
<td title='com.sqa.psikotes.framework.runner.TestRunner.runScenario()'><b>runScenario</b><br>Test class: com.sqa.psikotes.framework.runner.TestRunner<br>Test method: Runs Cucumber Scenarios<br>Parameters: "TSDU004003 Admin ingin menampilkan beberapa data NON ACTIVE berdasarkan name dan email menggunakan enter pada keyboard", "TSDU004 Mencari user non active"</td>
<td><div><pre>io.cucumber.testng.UndefinedStepException: The step &apos;TSDU004003 Tampil hasil filter NON ACTIVE User berdasarkan kuma&apos; is undefined.
You can implement this step using the snippet(s) below:

@Then(&quot;TSDU004003 Tampil hasil filter NON ACTIVE User berdasarkan kuma&quot;)
public void tsdu004003_tampil_hasil_filter_non_active_user_berdasarkan_kuma() {
    // Write code here that turns the phrase above into concrete actions
    throw new io.cucumber.java.PendingException();
}

	at io.cucumber.core.runtime.TestCaseResultObserver.assertTestCasePassed(TestCaseResultObserver.java:69)
	at io.cucumber.testng.TestCaseResultObserver.assertTestCasePassed(TestCaseResultObserver.java:23)
	at io.cucumber.testng.TestNGCucumberRunner.lambda$runScenario$1(TestNGCucumberRunner.java:133)
	at io.cucumber.core.runtime.CucumberExecutionContext.lambda$runTestCase$5(CucumberExecutionContext.java:129)
	at io.cucumber.core.runtime.RethrowingThrowableCollector.executeAndThrow(RethrowingThrowableCollector.java:23)
	at io.cucumber.core.runtime.CucumberExecutionContext.runTestCase(CucumberExecutionContext.java:129)
	at io.cucumber.testng.TestNGCucumberRunner.runScenario(TestNGCucumberRunner.java:129)
	at io.cucumber.testng.AbstractTestNGCucumberTests.runScenario(AbstractTestNGCucumberTests.java:35)
	at jdk.internal.reflect.GeneratedMethodAccessor134.invoke(Unknown Source)
	at java.base/jdk.internal.reflect.DelegatingMethodAccessorImpl.invoke(DelegatingMethodAccessorImpl.java:43)
	at java.base/java.lang.reflect.Method.invoke(Method.java:568)
	at org.testng.internal.invokers.MethodInvocationHelper.invokeMethod(MethodInvocationHelper.java:139)
	at org.testng.internal.invokers.TestInvoker.invokeMethod(TestInvoker.java:677)
	at org.testng.internal.invokers.TestInvoker.invokeTestMethod(TestInvoker.java:221)
	at org.testng.internal.invokers.MethodRunner.runInSequence(MethodRunner.java:50)
	at org.testng.internal.invokers.TestInvoker$MethodInvocationAgent.invoke(TestInvoker.java:962)
	at org.testng.internal.invokers.TestInvoker.invokeTestMethods(TestInvoker.java:194)
	at org.testng.internal.invokers.TestMethodWorker.invokeTestMethods(TestMethodWorker.java:148)
	at org.testng.internal.invokers.TestMethodWorker.run(TestMethodWorker.java:128)
	at java.base/java.util.ArrayList.forEach(ArrayList.java:1511)
	at org.testng.TestRunner.privateRun(TestRunner.java:806)
	at org.testng.TestRunner.run(TestRunner.java:601)
	at org.testng.SuiteRunner.runTest(SuiteRunner.java:433)
	at org.testng.SuiteRunner.runSequentially(SuiteRunner.java:427)
	at org.testng.SuiteRunner.privateRun(SuiteRunner.java:387)
	at org.testng.SuiteRunner.run(SuiteRunner.java:330)
	at org.testng.SuiteRunnerWorker.runSuite(SuiteRunnerWorker.java:52)
	at org.testng.SuiteRunnerWorker.run(SuiteRunnerWorker.java:95)
	at org.testng.TestNG.runSuitesSequentially(TestNG.java:1256)
	at org.testng.TestNG.runSuitesLocally(TestNG.java:1176)
	at org.testng.TestNG.runSuites(TestNG.java:1099)
	at org.testng.TestNG.run(TestNG.java:1067)
	at org.testng.remote.AbstractRemoteTestNG.run(AbstractRemoteTestNG.java:115)
	at org.testng.remote.RemoteTestNG.initAndRun(RemoteTestNG.java:251)
	at org.testng.remote.RemoteTestNG.main(RemoteTestNG.java:77)
</pre></div><a href='#' onClick='toggleBox("stack-trace2012237082", this, "Click to show all stack frames", "Click to hide stack frames")'>Click to show all stack frames</a>
<div class='stack-trace' id='stack-trace2012237082'><pre>io.cucumber.testng.UndefinedStepException: The step &apos;TSDU004003 Tampil hasil filter NON ACTIVE User berdasarkan kuma&apos; is undefined.
You can implement this step using the snippet(s) below:

@Then(&quot;TSDU004003 Tampil hasil filter NON ACTIVE User berdasarkan kuma&quot;)
public void tsdu004003_tampil_hasil_filter_non_active_user_berdasarkan_kuma() {
    // Write code here that turns the phrase above into concrete actions
    throw new io.cucumber.java.PendingException();
}

	at io.cucumber.core.runtime.TestCaseResultObserver.assertTestCasePassed(TestCaseResultObserver.java:69)
	at io.cucumber.testng.TestCaseResultObserver.assertTestCasePassed(TestCaseResultObserver.java:23)
	at io.cucumber.testng.TestNGCucumberRunner.lambda$runScenario$1(TestNGCucumberRunner.java:133)
	at io.cucumber.core.runtime.CucumberExecutionContext.lambda$runTestCase$5(CucumberExecutionContext.java:129)
	at io.cucumber.core.runtime.RethrowingThrowableCollector.executeAndThrow(RethrowingThrowableCollector.java:23)
	at io.cucumber.core.runtime.CucumberExecutionContext.runTestCase(CucumberExecutionContext.java:129)
	at io.cucumber.testng.TestNGCucumberRunner.runScenario(TestNGCucumberRunner.java:129)
	at io.cucumber.testng.AbstractTestNGCucumberTests.runScenario(AbstractTestNGCucumberTests.java:35)
	at jdk.internal.reflect.GeneratedMethodAccessor134.invoke(Unknown Source)
	at java.base/jdk.internal.reflect.DelegatingMethodAccessorImpl.invoke(DelegatingMethodAccessorImpl.java:43)
	at java.base/java.lang.reflect.Method.invoke(Method.java:568)
	at org.testng.internal.invokers.MethodInvocationHelper.invokeMethod(MethodInvocationHelper.java:139)
	at org.testng.internal.invokers.TestInvoker.invokeMethod(TestInvoker.java:677)
	at org.testng.internal.invokers.TestInvoker.invokeTestMethod(TestInvoker.java:221)
	at org.testng.internal.invokers.MethodRunner.runInSequence(MethodRunner.java:50)
	at org.testng.internal.invokers.TestInvoker$MethodInvocationAgent.invoke(TestInvoker.java:962)
	at org.testng.internal.invokers.TestInvoker.invokeTestMethods(TestInvoker.java:194)
	at org.testng.internal.invokers.TestMethodWorker.invokeTestMethods(TestMethodWorker.java:148)
	at org.testng.internal.invokers.TestMethodWorker.run(TestMethodWorker.java:128)
	at java.base/java.util.ArrayList.forEach(ArrayList.java:1511)
	at org.testng.TestRunner.privateRun(TestRunner.java:806)
	at org.testng.TestRunner.run(TestRunner.java:601)
	at org.testng.SuiteRunner.runTest(SuiteRunner.java:433)
	at org.testng.SuiteRunner.runSequentially(SuiteRunner.java:427)
	at org.testng.SuiteRunner.privateRun(SuiteRunner.java:387)
	at org.testng.SuiteRunner.run(SuiteRunner.java:330)
	at org.testng.SuiteRunnerWorker.runSuite(SuiteRunnerWorker.java:52)
	at org.testng.SuiteRunnerWorker.run(SuiteRunnerWorker.java:95)
	at org.testng.TestNG.runSuitesSequentially(TestNG.java:1256)
	at org.testng.TestNG.runSuitesLocally(TestNG.java:1176)
	at org.testng.TestNG.runSuites(TestNG.java:1099)
	at org.testng.TestNG.run(TestNG.java:1067)
	at org.testng.remote.AbstractRemoteTestNG.run(AbstractRemoteTestNG.java:115)
	at org.testng.remote.RemoteTestNG.initAndRun(RemoteTestNG.java:251)
	at org.testng.remote.RemoteTestNG.main(RemoteTestNG.java:77)
</pre></div></td>
<td>8</td>
<td>com.sqa.psikotes.framework.runner.TestRunner@2767e23c</td></tr>
<tr>
<td title='com.sqa.psikotes.framework.runner.TestRunner.runScenario()'><b>runScenario</b><br>Test class: com.sqa.psikotes.framework.runner.TestRunner<br>Test method: Runs Cucumber Scenarios<br>Parameters: "TSDU004003 Admin ingin menampilkan beberapa data NON ACTIVE berdasarkan name dan email menggunakan enter pada keyboard", "TSDU004 Mencari user non active"</td>
<td><div><pre>io.cucumber.testng.UndefinedStepException: The step &apos;TSDU004003 Tampil hasil filter NON ACTIVE User berdasarkan kuma@gmail.com&apos; is undefined.
You can implement this step using the snippet(s) below:

@Then(&quot;TSDU004003 Tampil hasil filter NON ACTIVE User berdasarkan kuma@gmail.com&quot;)
public void tsdu004003_tampil_hasil_filter_non_active_user_berdasarkan_kuma_gmail_com() {
    // Write code here that turns the phrase above into concrete actions
    throw new io.cucumber.java.PendingException();
}

	at io.cucumber.core.runtime.TestCaseResultObserver.assertTestCasePassed(TestCaseResultObserver.java:69)
	at io.cucumber.testng.TestCaseResultObserver.assertTestCasePassed(TestCaseResultObserver.java:23)
	at io.cucumber.testng.TestNGCucumberRunner.lambda$runScenario$1(TestNGCucumberRunner.java:133)
	at io.cucumber.core.runtime.CucumberExecutionContext.lambda$runTestCase$5(CucumberExecutionContext.java:129)
	at io.cucumber.core.runtime.RethrowingThrowableCollector.executeAndThrow(RethrowingThrowableCollector.java:23)
	at io.cucumber.core.runtime.CucumberExecutionContext.runTestCase(CucumberExecutionContext.java:129)
	at io.cucumber.testng.TestNGCucumberRunner.runScenario(TestNGCucumberRunner.java:129)
	at io.cucumber.testng.AbstractTestNGCucumberTests.runScenario(AbstractTestNGCucumberTests.java:35)
	at jdk.internal.reflect.GeneratedMethodAccessor134.invoke(Unknown Source)
	at java.base/jdk.internal.reflect.DelegatingMethodAccessorImpl.invoke(DelegatingMethodAccessorImpl.java:43)
	at java.base/java.lang.reflect.Method.invoke(Method.java:568)
	at org.testng.internal.invokers.MethodInvocationHelper.invokeMethod(MethodInvocationHelper.java:139)
	at org.testng.internal.invokers.TestInvoker.invokeMethod(TestInvoker.java:677)
	at org.testng.internal.invokers.TestInvoker.invokeTestMethod(TestInvoker.java:221)
	at org.testng.internal.invokers.MethodRunner.runInSequence(MethodRunner.java:50)
	at org.testng.internal.invokers.TestInvoker$MethodInvocationAgent.invoke(TestInvoker.java:962)
	at org.testng.internal.invokers.TestInvoker.invokeTestMethods(TestInvoker.java:194)
	at org.testng.internal.invokers.TestMethodWorker.invokeTestMethods(TestMethodWorker.java:148)
	at org.testng.internal.invokers.TestMethodWorker.run(TestMethodWorker.java:128)
	at java.base/java.util.ArrayList.forEach(ArrayList.java:1511)
	at org.testng.TestRunner.privateRun(TestRunner.java:806)
	at org.testng.TestRunner.run(TestRunner.java:601)
	at org.testng.SuiteRunner.runTest(SuiteRunner.java:433)
	at org.testng.SuiteRunner.runSequentially(SuiteRunner.java:427)
	at org.testng.SuiteRunner.privateRun(SuiteRunner.java:387)
	at org.testng.SuiteRunner.run(SuiteRunner.java:330)
	at org.testng.SuiteRunnerWorker.runSuite(SuiteRunnerWorker.java:52)
	at org.testng.SuiteRunnerWorker.run(SuiteRunnerWorker.java:95)
	at org.testng.TestNG.runSuitesSequentially(TestNG.java:1256)
	at org.testng.TestNG.runSuitesLocally(TestNG.java:1176)
	at org.testng.TestNG.runSuites(TestNG.java:1099)
	at org.testng.TestNG.run(TestNG.java:1067)
	at org.testng.remote.AbstractRemoteTestNG.run(AbstractRemoteTestNG.java:115)
	at org.testng.remote.RemoteTestNG.initAndRun(RemoteTestNG.java:251)
	at org.testng.remote.RemoteTestNG.main(RemoteTestNG.java:77)
</pre></div><a href='#' onClick='toggleBox("stack-trace1627979043", this, "Click to show all stack frames", "Click to hide stack frames")'>Click to show all stack frames</a>
<div class='stack-trace' id='stack-trace1627979043'><pre>io.cucumber.testng.UndefinedStepException: The step &apos;TSDU004003 Tampil hasil filter NON ACTIVE User berdasarkan kuma@gmail.com&apos; is undefined.
You can implement this step using the snippet(s) below:

@Then(&quot;TSDU004003 Tampil hasil filter NON ACTIVE User berdasarkan kuma@gmail.com&quot;)
public void tsdu004003_tampil_hasil_filter_non_active_user_berdasarkan_kuma_gmail_com() {
    // Write code here that turns the phrase above into concrete actions
    throw new io.cucumber.java.PendingException();
}

	at io.cucumber.core.runtime.TestCaseResultObserver.assertTestCasePassed(TestCaseResultObserver.java:69)
	at io.cucumber.testng.TestCaseResultObserver.assertTestCasePassed(TestCaseResultObserver.java:23)
	at io.cucumber.testng.TestNGCucumberRunner.lambda$runScenario$1(TestNGCucumberRunner.java:133)
	at io.cucumber.core.runtime.CucumberExecutionContext.lambda$runTestCase$5(CucumberExecutionContext.java:129)
	at io.cucumber.core.runtime.RethrowingThrowableCollector.executeAndThrow(RethrowingThrowableCollector.java:23)
	at io.cucumber.core.runtime.CucumberExecutionContext.runTestCase(CucumberExecutionContext.java:129)
	at io.cucumber.testng.TestNGCucumberRunner.runScenario(TestNGCucumberRunner.java:129)
	at io.cucumber.testng.AbstractTestNGCucumberTests.runScenario(AbstractTestNGCucumberTests.java:35)
	at jdk.internal.reflect.GeneratedMethodAccessor134.invoke(Unknown Source)
	at java.base/jdk.internal.reflect.DelegatingMethodAccessorImpl.invoke(DelegatingMethodAccessorImpl.java:43)
	at java.base/java.lang.reflect.Method.invoke(Method.java:568)
	at org.testng.internal.invokers.MethodInvocationHelper.invokeMethod(MethodInvocationHelper.java:139)
	at org.testng.internal.invokers.TestInvoker.invokeMethod(TestInvoker.java:677)
	at org.testng.internal.invokers.TestInvoker.invokeTestMethod(TestInvoker.java:221)
	at org.testng.internal.invokers.MethodRunner.runInSequence(MethodRunner.java:50)
	at org.testng.internal.invokers.TestInvoker$MethodInvocationAgent.invoke(TestInvoker.java:962)
	at org.testng.internal.invokers.TestInvoker.invokeTestMethods(TestInvoker.java:194)
	at org.testng.internal.invokers.TestMethodWorker.invokeTestMethods(TestMethodWorker.java:148)
	at org.testng.internal.invokers.TestMethodWorker.run(TestMethodWorker.java:128)
	at java.base/java.util.ArrayList.forEach(ArrayList.java:1511)
	at org.testng.TestRunner.privateRun(TestRunner.java:806)
	at org.testng.TestRunner.run(TestRunner.java:601)
	at org.testng.SuiteRunner.runTest(SuiteRunner.java:433)
	at org.testng.SuiteRunner.runSequentially(SuiteRunner.java:427)
	at org.testng.SuiteRunner.privateRun(SuiteRunner.java:387)
	at org.testng.SuiteRunner.run(SuiteRunner.java:330)
	at org.testng.SuiteRunnerWorker.runSuite(SuiteRunnerWorker.java:52)
	at org.testng.SuiteRunnerWorker.run(SuiteRunnerWorker.java:95)
	at org.testng.TestNG.runSuitesSequentially(TestNG.java:1256)
	at org.testng.TestNG.runSuitesLocally(TestNG.java:1176)
	at org.testng.TestNG.runSuites(TestNG.java:1099)
	at org.testng.TestNG.run(TestNG.java:1067)
	at org.testng.remote.AbstractRemoteTestNG.run(AbstractRemoteTestNG.java:115)
	at org.testng.remote.RemoteTestNG.initAndRun(RemoteTestNG.java:251)
	at org.testng.remote.RemoteTestNG.main(RemoteTestNG.java:77)
</pre></div></td>
<td>8</td>
<td>com.sqa.psikotes.framework.runner.TestRunner@2767e23c</td></tr>
<tr>
<td title='com.sqa.psikotes.framework.runner.TestRunner.runScenario()'><b>runScenario</b><br>Test class: com.sqa.psikotes.framework.runner.TestRunner<br>Test method: Runs Cucumber Scenarios<br>Parameters: "TSDU004001 Admin ingin menampilkan beberapa data NON ACTIVE berdasarkan name dan email menggunakan tombol search", "TSDU004 Mencari user non active"</td>
<td><div><pre>io.cucumber.testng.UndefinedStepException: The step &apos;TSDU004001 Tampil hasil filter NON ACTIVE User berdasarkan yuh@gmail.com&apos; is undefined.
You can implement this step using the snippet(s) below:

@Then(&quot;TSDU004001 Tampil hasil filter NON ACTIVE User berdasarkan yuh@gmail.com&quot;)
public void tsdu004001_tampil_hasil_filter_non_active_user_berdasarkan_yuh_gmail_com() {
    // Write code here that turns the phrase above into concrete actions
    throw new io.cucumber.java.PendingException();
}

	at io.cucumber.core.runtime.TestCaseResultObserver.assertTestCasePassed(TestCaseResultObserver.java:69)
	at io.cucumber.testng.TestCaseResultObserver.assertTestCasePassed(TestCaseResultObserver.java:23)
	at io.cucumber.testng.TestNGCucumberRunner.lambda$runScenario$1(TestNGCucumberRunner.java:133)
	at io.cucumber.core.runtime.CucumberExecutionContext.lambda$runTestCase$5(CucumberExecutionContext.java:129)
	at io.cucumber.core.runtime.RethrowingThrowableCollector.executeAndThrow(RethrowingThrowableCollector.java:23)
	at io.cucumber.core.runtime.CucumberExecutionContext.runTestCase(CucumberExecutionContext.java:129)
	at io.cucumber.testng.TestNGCucumberRunner.runScenario(TestNGCucumberRunner.java:129)
	at io.cucumber.testng.AbstractTestNGCucumberTests.runScenario(AbstractTestNGCucumberTests.java:35)
	at jdk.internal.reflect.GeneratedMethodAccessor134.invoke(Unknown Source)
	at java.base/jdk.internal.reflect.DelegatingMethodAccessorImpl.invoke(DelegatingMethodAccessorImpl.java:43)
	at java.base/java.lang.reflect.Method.invoke(Method.java:568)
	at org.testng.internal.invokers.MethodInvocationHelper.invokeMethod(MethodInvocationHelper.java:139)
	at org.testng.internal.invokers.TestInvoker.invokeMethod(TestInvoker.java:677)
	at org.testng.internal.invokers.TestInvoker.invokeTestMethod(TestInvoker.java:221)
	at org.testng.internal.invokers.MethodRunner.runInSequence(MethodRunner.java:50)
	at org.testng.internal.invokers.TestInvoker$MethodInvocationAgent.invoke(TestInvoker.java:962)
	at org.testng.internal.invokers.TestInvoker.invokeTestMethods(TestInvoker.java:194)
	at org.testng.internal.invokers.TestMethodWorker.invokeTestMethods(TestMethodWorker.java:148)
	at org.testng.internal.invokers.TestMethodWorker.run(TestMethodWorker.java:128)
	at java.base/java.util.ArrayList.forEach(ArrayList.java:1511)
	at org.testng.TestRunner.privateRun(TestRunner.java:806)
	at org.testng.TestRunner.run(TestRunner.java:601)
	at org.testng.SuiteRunner.runTest(SuiteRunner.java:433)
	at org.testng.SuiteRunner.runSequentially(SuiteRunner.java:427)
	at org.testng.SuiteRunner.privateRun(SuiteRunner.java:387)
	at org.testng.SuiteRunner.run(SuiteRunner.java:330)
	at org.testng.SuiteRunnerWorker.runSuite(SuiteRunnerWorker.java:52)
	at org.testng.SuiteRunnerWorker.run(SuiteRunnerWorker.java:95)
	at org.testng.TestNG.runSuitesSequentially(TestNG.java:1256)
	at org.testng.TestNG.runSuitesLocally(TestNG.java:1176)
	at org.testng.TestNG.runSuites(TestNG.java:1099)
	at org.testng.TestNG.run(TestNG.java:1067)
	at org.testng.remote.AbstractRemoteTestNG.run(AbstractRemoteTestNG.java:115)
	at org.testng.remote.RemoteTestNG.initAndRun(RemoteTestNG.java:251)
	at org.testng.remote.RemoteTestNG.main(RemoteTestNG.java:77)
</pre></div><a href='#' onClick='toggleBox("stack-trace1822323955", this, "Click to show all stack frames", "Click to hide stack frames")'>Click to show all stack frames</a>
<div class='stack-trace' id='stack-trace1822323955'><pre>io.cucumber.testng.UndefinedStepException: The step &apos;TSDU004001 Tampil hasil filter NON ACTIVE User berdasarkan yuh@gmail.com&apos; is undefined.
You can implement this step using the snippet(s) below:

@Then(&quot;TSDU004001 Tampil hasil filter NON ACTIVE User berdasarkan yuh@gmail.com&quot;)
public void tsdu004001_tampil_hasil_filter_non_active_user_berdasarkan_yuh_gmail_com() {
    // Write code here that turns the phrase above into concrete actions
    throw new io.cucumber.java.PendingException();
}

	at io.cucumber.core.runtime.TestCaseResultObserver.assertTestCasePassed(TestCaseResultObserver.java:69)
	at io.cucumber.testng.TestCaseResultObserver.assertTestCasePassed(TestCaseResultObserver.java:23)
	at io.cucumber.testng.TestNGCucumberRunner.lambda$runScenario$1(TestNGCucumberRunner.java:133)
	at io.cucumber.core.runtime.CucumberExecutionContext.lambda$runTestCase$5(CucumberExecutionContext.java:129)
	at io.cucumber.core.runtime.RethrowingThrowableCollector.executeAndThrow(RethrowingThrowableCollector.java:23)
	at io.cucumber.core.runtime.CucumberExecutionContext.runTestCase(CucumberExecutionContext.java:129)
	at io.cucumber.testng.TestNGCucumberRunner.runScenario(TestNGCucumberRunner.java:129)
	at io.cucumber.testng.AbstractTestNGCucumberTests.runScenario(AbstractTestNGCucumberTests.java:35)
	at jdk.internal.reflect.GeneratedMethodAccessor134.invoke(Unknown Source)
	at java.base/jdk.internal.reflect.DelegatingMethodAccessorImpl.invoke(DelegatingMethodAccessorImpl.java:43)
	at java.base/java.lang.reflect.Method.invoke(Method.java:568)
	at org.testng.internal.invokers.MethodInvocationHelper.invokeMethod(MethodInvocationHelper.java:139)
	at org.testng.internal.invokers.TestInvoker.invokeMethod(TestInvoker.java:677)
	at org.testng.internal.invokers.TestInvoker.invokeTestMethod(TestInvoker.java:221)
	at org.testng.internal.invokers.MethodRunner.runInSequence(MethodRunner.java:50)
	at org.testng.internal.invokers.TestInvoker$MethodInvocationAgent.invoke(TestInvoker.java:962)
	at org.testng.internal.invokers.TestInvoker.invokeTestMethods(TestInvoker.java:194)
	at org.testng.internal.invokers.TestMethodWorker.invokeTestMethods(TestMethodWorker.java:148)
	at org.testng.internal.invokers.TestMethodWorker.run(TestMethodWorker.java:128)
	at java.base/java.util.ArrayList.forEach(ArrayList.java:1511)
	at org.testng.TestRunner.privateRun(TestRunner.java:806)
	at org.testng.TestRunner.run(TestRunner.java:601)
	at org.testng.SuiteRunner.runTest(SuiteRunner.java:433)
	at org.testng.SuiteRunner.runSequentially(SuiteRunner.java:427)
	at org.testng.SuiteRunner.privateRun(SuiteRunner.java:387)
	at org.testng.SuiteRunner.run(SuiteRunner.java:330)
	at org.testng.SuiteRunnerWorker.runSuite(SuiteRunnerWorker.java:52)
	at org.testng.SuiteRunnerWorker.run(SuiteRunnerWorker.java:95)
	at org.testng.TestNG.runSuitesSequentially(TestNG.java:1256)
	at org.testng.TestNG.runSuitesLocally(TestNG.java:1176)
	at org.testng.TestNG.runSuites(TestNG.java:1099)
	at org.testng.TestNG.run(TestNG.java:1067)
	at org.testng.remote.AbstractRemoteTestNG.run(AbstractRemoteTestNG.java:115)
	at org.testng.remote.RemoteTestNG.initAndRun(RemoteTestNG.java:251)
	at org.testng.remote.RemoteTestNG.main(RemoteTestNG.java:77)
</pre></div></td>
<td>11</td>
<td>com.sqa.psikotes.framework.runner.TestRunner@2767e23c</td></tr>
</table><p>
<table width='100%' border='1' class='invocation-passed'>
<tr><td colspan='4' align='center'><b>PASSED TESTS</b></td></tr>
<tr><td><b>Test method</b></td>
<td><b>Attribute(s)</b></td>
<td width="30%"><b>Exception</b></td>
<td width="10%"><b>Time (seconds)</b></td>
<td><b>Instance</b></td>
</tr>
<tr>
<td title='com.sqa.psikotes.framework.runner.TestRunner.runScenario()'><b>runScenario</b><br>Test class: com.sqa.psikotes.framework.runner.TestRunner<br>Test method: Runs Cucumber Scenarios<br>Parameters: "TSDU002003 Admin ingin mencari data yang ada berdasarkan name menggunakan enter pada keyboard", "TSDU002 Admin mencari data"</td>
<td></td>
<td>8</td>
<td>com.sqa.psikotes.framework.runner.TestRunner@2767e23c</td></tr>
<tr>
<td title='com.sqa.psikotes.framework.runner.TestRunner.runScenario()'><b>runScenario</b><br>Test class: com.sqa.psikotes.framework.runner.TestRunner<br>Test method: Runs Cucumber Scenarios<br>Parameters: "TSDU011017 Admin cek p25 NON ACTIVE data yang tampil", "TSDU011 Admin show page p25 non active"</td>
<td></td>
<td>3</td>
<td>com.sqa.psikotes.framework.runner.TestRunner@2767e23c</td></tr>
<tr>
<td title='com.sqa.psikotes.framework.runner.TestRunner.runScenario()'><b>runScenario</b><br>Test class: com.sqa.psikotes.framework.runner.TestRunner<br>Test method: Runs Cucumber Scenarios<br>Parameters: "TSDU008008 Admin edit kategori dengan mencentang kategori STAFF dan LEADER di status User NON ACTIVE", "TSDU008 Edit user non active"</td>
<td></td>
<td>19</td>
<td>com.sqa.psikotes.framework.runner.TestRunner@2767e23c</td></tr>
<tr>
<td title='com.sqa.psikotes.framework.runner.TestRunner.runScenario()'><b>runScenario</b><br>Test class: com.sqa.psikotes.framework.runner.TestRunner<br>Test method: Runs Cucumber Scenarios<br>Parameters: "TSDU008005 Admin edit kategori dengan mencentang kategori LEADER di status User NON ACTIVE", "TSDU008 Edit user non active"</td>
<td></td>
<td>18</td>
<td>com.sqa.psikotes.framework.runner.TestRunner@2767e23c</td></tr>
<tr>
<td title='com.sqa.psikotes.framework.runner.TestRunner.runScenario()'><b>runScenario</b><br>Test class: com.sqa.psikotes.framework.runner.TestRunner<br>Test method: Runs Cucumber Scenarios<br>Parameters: "TSDU011012 Admin cek p10 NON ACTIVE data yang tampil", "TSDU011 Admin show page p10 non active"</td>
<td></td>
<td>3</td>
<td>com.sqa.psikotes.framework.runner.TestRunner@2767e23c</td></tr>
<tr>
<td title='com.sqa.psikotes.framework.runner.TestRunner.runScenario()'><b>runScenario</b><br>Test class: com.sqa.psikotes.framework.runner.TestRunner<br>Test method: Runs Cucumber Scenarios<br>Parameters: "TSDU011030 Admin cek p10 ACTIVE data yang tampil", "TSDU011 Admin show page p10 active"</td>
<td></td>
<td>3</td>
<td>com.sqa.psikotes.framework.runner.TestRunner@2767e23c</td></tr>
<tr>
<td title='com.sqa.psikotes.framework.runner.TestRunner.runScenario()'><b>runScenario</b><br>Test class: com.sqa.psikotes.framework.runner.TestRunner<br>Test method: Runs Cucumber Scenarios<br>Parameters: "TSDU011033 Admin cek p10 ACTIVE data yang tampil", "TSDU011 Admin show page p10 active"</td>
<td></td>
<td>3</td>
<td>com.sqa.psikotes.framework.runner.TestRunner@2767e23c</td></tr>
<tr>
<td title='com.sqa.psikotes.framework.runner.TestRunner.runScenario()'><b>runScenario</b><br>Test class: com.sqa.psikotes.framework.runner.TestRunner<br>Test method: Runs Cucumber Scenarios<br>Parameters: "TSDU011026 Admin cek p100 NON ACTIVE data yang tampil", "TSDU011 Admin show page p100 non active"</td>
<td></td>
<td>8</td>
<td>com.sqa.psikotes.framework.runner.TestRunner@2767e23c</td></tr>
<tr>
<td title='com.sqa.psikotes.framework.runner.TestRunner.runScenario()'><b>runScenario</b><br>Test class: com.sqa.psikotes.framework.runner.TestRunner<br>Test method: Runs Cucumber Scenarios<br>Parameters: "TSDU011029 Admin cek p10 ACTIVE data yang tampil", "TSDU011 Admin show page p10 active"</td>
<td></td>
<td>5</td>
<td>com.sqa.psikotes.framework.runner.TestRunner@2767e23c</td></tr>
<tr>
<td title='com.sqa.psikotes.framework.runner.TestRunner.runScenario()'><b>runScenario</b><br>Test class: com.sqa.psikotes.framework.runner.TestRunner<br>Test method: Runs Cucumber Scenarios<br>Parameters: "TSDU008009 Admin edit kategori dengan menghilangkan centang kategori STAFF dan LEADER di status User NON ACTIVE", "TSDU008 Edit user non active"</td>
<td></td>
<td>19</td>
<td>com.sqa.psikotes.framework.runner.TestRunner@2767e23c</td></tr>
<tr>
<td title='com.sqa.psikotes.framework.runner.TestRunner.runScenario()'><b>runScenario</b><br>Test class: com.sqa.psikotes.framework.runner.TestRunner<br>Test method: Runs Cucumber Scenarios<br>Parameters: "TSDU009007 Admin edit kategori dengan mencentang kategori STAFF dan LEADER di status User ACTIVE", "TSDU009 Edit user active"</td>
<td></td>
<td>19</td>
<td>com.sqa.psikotes.framework.runner.TestRunner@2767e23c</td></tr>
<tr>
<td title='com.sqa.psikotes.framework.runner.TestRunner.runScenario()'><b>runScenario</b><br>Test class: com.sqa.psikotes.framework.runner.TestRunner<br>Test method: Runs Cucumber Scenarios<br>Parameters: "TSDU011001 Admin cek p10 NON ACTIVE data yang tampil", "TSDU011 Admin show page p10 non active"</td>
<td></td>
<td>8</td>
<td>com.sqa.psikotes.framework.runner.TestRunner@2767e23c</td></tr>
<tr>
<td title='com.sqa.psikotes.framework.runner.TestRunner.runScenario()'><b>runScenario</b><br>Test class: com.sqa.psikotes.framework.runner.TestRunner<br>Test method: Runs Cucumber Scenarios<br>Parameters: "TSDU011047 Admin cek p25 ACTIVE data yang tampil", "TSDU011 Admin show page p25 active"</td>
<td></td>
<td>3</td>
<td>com.sqa.psikotes.framework.runner.TestRunner@2767e23c</td></tr>
<tr>
<td title='com.sqa.psikotes.framework.runner.TestRunner.runScenario()'><b>runScenario</b><br>Test class: com.sqa.psikotes.framework.runner.TestRunner<br>Test method: Runs Cucumber Scenarios<br>Parameters: "TSDU011050 Admin cek p50 ACTIVE data yang tampil", "TSDU011 Admin show page p50 active"</td>
<td></td>
<td>3</td>
<td>com.sqa.psikotes.framework.runner.TestRunner@2767e23c</td></tr>
<tr>
<td title='com.sqa.psikotes.framework.runner.TestRunner.runScenario()'><b>runScenario</b><br>Test class: com.sqa.psikotes.framework.runner.TestRunner<br>Test method: Runs Cucumber Scenarios<br>Parameters: "TSDU002003 Admin ingin mencari data yang ada berdasarkan name menggunakan enter pada keyboard", "TSDU002 Admin mencari data"</td>
<td></td>
<td>8</td>
<td>com.sqa.psikotes.framework.runner.TestRunner@2767e23c</td></tr>
<tr>
<td title='com.sqa.psikotes.framework.runner.TestRunner.runScenario()'><b>runScenario</b><br>Test class: com.sqa.psikotes.framework.runner.TestRunner<br>Test method: Runs Cucumber Scenarios<br>Parameters: "TSDU011052 Admin cek p50 ACTIVE data yang tampil", "TSDU011 Admin show page p50 active"</td>
<td></td>
<td>3</td>
<td>com.sqa.psikotes.framework.runner.TestRunner@2767e23c</td></tr>
<tr>
<td title='com.sqa.psikotes.framework.runner.TestRunner.runScenario()'><b>runScenario</b><br>Test class: com.sqa.psikotes.framework.runner.TestRunner<br>Test method: Runs Cucumber Scenarios<br>Parameters: "TSDU011028 Admin cek p10 ACTIVE data yang tampil", "TSDU011 Admin show page p10 active"</td>
<td></td>
<td>10</td>
<td>com.sqa.psikotes.framework.runner.TestRunner@2767e23c</td></tr>
<tr>
<td title='com.sqa.psikotes.framework.runner.TestRunner.runScenario()'><b>runScenario</b><br>Test class: com.sqa.psikotes.framework.runner.TestRunner<br>Test method: Runs Cucumber Scenarios<br>Parameters: "TSDU006002 Admin ingin menampilkan beberapa data ACTIVE berdasarkan name dan email menggunakan berwarna hijau", "TSDU006 Mencari user active"</td>
<td></td>
<td>12</td>
<td>com.sqa.psikotes.framework.runner.TestRunner@2767e23c</td></tr>
<tr>
<td title='com.sqa.psikotes.framework.runner.TestRunner.runScenario()'><b>runScenario</b><br>Test class: com.sqa.psikotes.framework.runner.TestRunner<br>Test method: Runs Cucumber Scenarios<br>Parameters: "TSDU011018 Admin cek p25 NON ACTIVE data yang tampil", "TSDU011 Admin show page p25 non active"</td>
<td></td>
<td>3</td>
<td>com.sqa.psikotes.framework.runner.TestRunner@2767e23c</td></tr>
<tr>
<td title='com.sqa.psikotes.framework.runner.TestRunner.runScenario()'><b>runScenario</b><br>Test class: com.sqa.psikotes.framework.runner.TestRunner<br>Test method: Runs Cucumber Scenarios<br>Parameters: "TSLP001N002 Admin login valid dan menekan tombol enter (green button) username", "TSLP001 Admin login valid ke web"</td>
<td></td>
<td>7</td>
<td>com.sqa.psikotes.framework.runner.TestRunner@2767e23c</td></tr>
<tr>
<td title='com.sqa.psikotes.framework.runner.TestRunner.runScenario()'><b>runScenario</b><br>Test class: com.sqa.psikotes.framework.runner.TestRunner<br>Test method: Runs Cucumber Scenarios<br>Parameters: "TSDU011004 Admin cek p10 NON ACTIVE data yang tampil", "TSDU011 Admin show page p10 non active"</td>
<td></td>
<td>3</td>
<td>com.sqa.psikotes.framework.runner.TestRunner@2767e23c</td></tr>
<tr>
<td title='com.sqa.psikotes.framework.runner.TestRunner.runScenario()'><b>runScenario</b><br>Test class: com.sqa.psikotes.framework.runner.TestRunner<br>Test method: Runs Cucumber Scenarios<br>Parameters: "TSDU008004 Admin edit kategori dengan mencentang kategori STAFF di status User NON ACTIVE", "TSDU008 Edit user non active"</td>
<td></td>
<td>18</td>
<td>com.sqa.psikotes.framework.runner.TestRunner@2767e23c</td></tr>
<tr>
<td title='com.sqa.psikotes.framework.runner.TestRunner.runScenario()'><b>runScenario</b><br>Test class: com.sqa.psikotes.framework.runner.TestRunner<br>Test method: Runs Cucumber Scenarios<br>Parameters: "TSDU009003 Admin edit kategori dengan mencentang kategori STAFF di status User ACTIVE", "TSDU009 Edit user active"</td>
<td></td>
<td>20</td>
<td>com.sqa.psikotes.framework.runner.TestRunner@2767e23c</td></tr>
<tr>
<td title='com.sqa.psikotes.framework.runner.TestRunner.runScenario()'><b>runScenario</b><br>Test class: com.sqa.psikotes.framework.runner.TestRunner<br>Test method: Runs Cucumber Scenarios<br>Parameters: "TSAP001001 Admin masuk ke halaman admin", "TSAP001 Masuk halaman admin"</td>
<td></td>
<td>6</td>
<td>com.sqa.psikotes.framework.runner.TestRunner@2767e23c</td></tr>
<tr>
<td title='com.sqa.psikotes.framework.runner.TestRunner.runScenario()'><b>runScenario</b><br>Test class: com.sqa.psikotes.framework.runner.TestRunner<br>Test method: Runs Cucumber Scenarios<br>Parameters: "TSDU011032 Admin cek p10 ACTIVE data yang tampil", "TSDU011 Admin show page p10 active"</td>
<td></td>
<td>3</td>
<td>com.sqa.psikotes.framework.runner.TestRunner@2767e23c</td></tr>
<tr>
<td title='com.sqa.psikotes.framework.runner.TestRunner.runScenario()'><b>runScenario</b><br>Test class: com.sqa.psikotes.framework.runner.TestRunner<br>Test method: Runs Cucumber Scenarios<br>Parameters: "TSDU011019 Admin cek p25 NON ACTIVE data yang tampil", "TSDU011 Admin show page p25 non active"</td>
<td></td>
<td>3</td>
<td>com.sqa.psikotes.framework.runner.TestRunner@2767e23c</td></tr>
<tr>
<td title='com.sqa.psikotes.framework.runner.TestRunner.runScenario()'><b>runScenario</b><br>Test class: com.sqa.psikotes.framework.runner.TestRunner<br>Test method: Runs Cucumber Scenarios<br>Parameters: "TSDU011049 Admin cek p50 ACTIVE data yang tampil", "TSDU011 Admin show page p50 active"</td>
<td></td>
<td>5</td>
<td>com.sqa.psikotes.framework.runner.TestRunner@2767e23c</td></tr>
<tr>
<td title='com.sqa.psikotes.framework.runner.TestRunner.runScenario()'><b>runScenario</b><br>Test class: com.sqa.psikotes.framework.runner.TestRunner<br>Test method: Runs Cucumber Scenarios<br>Parameters: "TSDU002002 Admin ingin mencari data yang ada berdasarkan name menggunakan tombol berwarna hijau", "TSDU002 Admin mencari data"</td>
<td></td>
<td>10</td>
<td>com.sqa.psikotes.framework.runner.TestRunner@2767e23c</td></tr>
<tr>
<td title='com.sqa.psikotes.framework.runner.TestRunner.runScenario()'><b>runScenario</b><br>Test class: com.sqa.psikotes.framework.runner.TestRunner<br>Test method: Runs Cucumber Scenarios<br>Parameters: "TSDU011024 Admin cek p50 NON ACTIVE data yang tampil", "TSDU011 Admin show page p50 non active"</td>
<td></td>
<td>3</td>
<td>com.sqa.psikotes.framework.runner.TestRunner@2767e23c</td></tr>
<tr>
<td title='com.sqa.psikotes.framework.runner.TestRunner.runScenario()'><b>runScenario</b><br>Test class: com.sqa.psikotes.framework.runner.TestRunner<br>Test method: Runs Cucumber Scenarios<br>Parameters: "TSDU011027 Admin cek p100 NON ACTIVE data yang tampil", "TSDU011 Admin show page p100 non active"</td>
<td></td>
<td>5</td>
<td>com.sqa.psikotes.framework.runner.TestRunner@2767e23c</td></tr>
<tr>
<td title='com.sqa.psikotes.framework.runner.TestRunner.runScenario()'><b>runScenario</b><br>Test class: com.sqa.psikotes.framework.runner.TestRunner<br>Test method: Runs Cucumber Scenarios<br>Parameters: "TSDU010002 Admin edit password non active user", "TSDU010 Admin edit password user"</td>
<td></td>
<td>16</td>
<td>com.sqa.psikotes.framework.runner.TestRunner@2767e23c</td></tr>
<tr>
<td title='com.sqa.psikotes.framework.runner.TestRunner.runScenario()'><b>runScenario</b><br>Test class: com.sqa.psikotes.framework.runner.TestRunner<br>Test method: Runs Cucumber Scenarios<br>Parameters: "TSDU011040 Admin cek p10 ACTIVE data yang tampil", "TSDU011 Admin show page p10 active"</td>
<td></td>
<td>3</td>
<td>com.sqa.psikotes.framework.runner.TestRunner@2767e23c</td></tr>
<tr>
<td title='com.sqa.psikotes.framework.runner.TestRunner.runScenario()'><b>runScenario</b><br>Test class: com.sqa.psikotes.framework.runner.TestRunner<br>Test method: Runs Cucumber Scenarios<br>Parameters: "TSDU011010 Admin cek p10 NON ACTIVE data yang tampil", "TSDU011 Admin show page p10 non active"</td>
<td></td>
<td>3</td>
<td>com.sqa.psikotes.framework.runner.TestRunner@2767e23c</td></tr>
<tr>
<td title='com.sqa.psikotes.framework.runner.TestRunner.runScenario()'><b>runScenario</b><br>Test class: com.sqa.psikotes.framework.runner.TestRunner<br>Test method: Runs Cucumber Scenarios<br>Parameters: "TSLP001001 Admin login valid dan menekan tombol sign in", "TSLP001 Admin login valid ke web"</td>
<td></td>
<td>8</td>
<td>com.sqa.psikotes.framework.runner.TestRunner@2767e23c</td></tr>
<tr>
<td title='com.sqa.psikotes.framework.runner.TestRunner.runScenario()'><b>runScenario</b><br>Test class: com.sqa.psikotes.framework.runner.TestRunner<br>Test method: Runs Cucumber Scenarios<br>Parameters: "TSDU011045 Admin cek p25 ACTIVE data yang tampil", "TSDU011 Admin show page p25 active"</td>
<td></td>
<td>3</td>
<td>com.sqa.psikotes.framework.runner.TestRunner@2767e23c</td></tr>
<tr>
<td title='com.sqa.psikotes.framework.runner.TestRunner.runScenario()'><b>runScenario</b><br>Test class: com.sqa.psikotes.framework.runner.TestRunner<br>Test method: Runs Cucumber Scenarios<br>Parameters: "TSDU009004 Admin edit kategori dengan mencentang kategori LEADER di status User ACTIVE", "TSDU009 Edit user active"</td>
<td></td>
<td>18</td>
<td>com.sqa.psikotes.framework.runner.TestRunner@2767e23c</td></tr>
<tr>
<td title='com.sqa.psikotes.framework.runner.TestRunner.runScenario()'><b>runScenario</b><br>Test class: com.sqa.psikotes.framework.runner.TestRunner<br>Test method: Runs Cucumber Scenarios<br>Parameters: "TSDU011043 Admin cek p25 ACTIVE data yang tampil", "TSDU011 Admin show page p25 active"</td>
<td></td>
<td>3</td>
<td>com.sqa.psikotes.framework.runner.TestRunner@2767e23c</td></tr>
<tr>
<td title='com.sqa.psikotes.framework.runner.TestRunner.runScenario()'><b>runScenario</b><br>Test class: com.sqa.psikotes.framework.runner.TestRunner<br>Test method: Runs Cucumber Scenarios<br>Parameters: "TSDU006003 Admin ingin menampilkan beberapa data ACTIVE berdasarkan name dan email menggunakan enter pada keyboard", "TSDU006 Mencari user active"</td>
<td></td>
<td>12</td>
<td>com.sqa.psikotes.framework.runner.TestRunner@2767e23c</td></tr>
<tr>
<td title='com.sqa.psikotes.framework.runner.TestRunner.runScenario()'><b>runScenario</b><br>Test class: com.sqa.psikotes.framework.runner.TestRunner<br>Test method: Runs Cucumber Scenarios<br>Parameters: "TSDU011031 Admin cek p10 ACTIVE data yang tampil", "TSDU011 Admin show page p10 active"</td>
<td></td>
<td>3</td>
<td>com.sqa.psikotes.framework.runner.TestRunner@2767e23c</td></tr>
<tr>
<td title='com.sqa.psikotes.framework.runner.TestRunner.runScenario()'><b>runScenario</b><br>Test class: com.sqa.psikotes.framework.runner.TestRunner<br>Test method: Runs Cucumber Scenarios<br>Parameters: "TSDU011020 Admin cek p25 NON ACTIVE data yang tampil", "TSDU011 Admin show page p25 non active"</td>
<td></td>
<td>3</td>
<td>com.sqa.psikotes.framework.runner.TestRunner@2767e23c</td></tr>
<tr>
<td title='com.sqa.psikotes.framework.runner.TestRunner.runScenario()'><b>runScenario</b><br>Test class: com.sqa.psikotes.framework.runner.TestRunner<br>Test method: Runs Cucumber Scenarios<br>Parameters: "TSDU006002 Admin ingin menampilkan beberapa data ACTIVE berdasarkan name dan email menggunakan berwarna hijau", "TSDU006 Mencari user active"</td>
<td></td>
<td>12</td>
<td>com.sqa.psikotes.framework.runner.TestRunner@2767e23c</td></tr>
<tr>
<td title='com.sqa.psikotes.framework.runner.TestRunner.runScenario()'><b>runScenario</b><br>Test class: com.sqa.psikotes.framework.runner.TestRunner<br>Test method: Runs Cucumber Scenarios<br>Parameters: "TSDU011009 Admin cek p10 NON ACTIVE data yang tampil", "TSDU011 Admin show page p10 non active"</td>
<td></td>
<td>3</td>
<td>com.sqa.psikotes.framework.runner.TestRunner@2767e23c</td></tr>
<tr>
<td title='com.sqa.psikotes.framework.runner.TestRunner.runScenario()'><b>runScenario</b><br>Test class: com.sqa.psikotes.framework.runner.TestRunner<br>Test method: Runs Cucumber Scenarios<br>Parameters: "TSDU011039 Admin cek p10 ACTIVE data yang tampil", "TSDU011 Admin show page p10 active"</td>
<td></td>
<td>3</td>
<td>com.sqa.psikotes.framework.runner.TestRunner@2767e23c</td></tr>
<tr>
<td title='com.sqa.psikotes.framework.runner.TestRunner.runScenario()'><b>runScenario</b><br>Test class: com.sqa.psikotes.framework.runner.TestRunner<br>Test method: Runs Cucumber Scenarios<br>Parameters: "TSDU008001 Admin klik  icon edit", "TSDU008 Edit user non active"</td>
<td></td>
<td>12</td>
<td>com.sqa.psikotes.framework.runner.TestRunner@2767e23c</td></tr>
<tr>
<td title='com.sqa.psikotes.framework.runner.TestRunner.runScenario()'><b>runScenario</b><br>Test class: com.sqa.psikotes.framework.runner.TestRunner<br>Test method: Runs Cucumber Scenarios<br>Parameters: "TSDU011014 Admin cek p25 NON ACTIVE data yang tampil", "TSDU011 Admin show page p25 non active"</td>
<td></td>
<td>8</td>
<td>com.sqa.psikotes.framework.runner.TestRunner@2767e23c</td></tr>
<tr>
<td title='com.sqa.psikotes.framework.runner.TestRunner.runScenario()'><b>runScenario</b><br>Test class: com.sqa.psikotes.framework.runner.TestRunner<br>Test method: Runs Cucumber Scenarios<br>Parameters: "TSDU011022 Admin cek p50 NON ACTIVE data yang tampil", "TSDU011 Admin show page p50 non active"</td>
<td></td>
<td>5</td>
<td>com.sqa.psikotes.framework.runner.TestRunner@2767e23c</td></tr>
<tr>
<td title='com.sqa.psikotes.framework.runner.TestRunner.runScenario()'><b>runScenario</b><br>Test class: com.sqa.psikotes.framework.runner.TestRunner<br>Test method: Runs Cucumber Scenarios<br>Parameters: "TSDU011025 Admin cek p50 NON ACTIVE data yang tampil", "TSDU011 Admin show page p50 non active"</td>
<td></td>
<td>3</td>
<td>com.sqa.psikotes.framework.runner.TestRunner@2767e23c</td></tr>
<tr>
<td title='com.sqa.psikotes.framework.runner.TestRunner.runScenario()'><b>runScenario</b><br>Test class: com.sqa.psikotes.framework.runner.TestRunner<br>Test method: Runs Cucumber Scenarios<br>Parameters: "TSDU011046 Admin cek p25 ACTIVE data yang tampil", "TSDU011 Admin show page p25 active"</td>
<td></td>
<td>3</td>
<td>com.sqa.psikotes.framework.runner.TestRunner@2767e23c</td></tr>
<tr>
<td title='com.sqa.psikotes.framework.runner.TestRunner.runScenario()'><b>runScenario</b><br>Test class: com.sqa.psikotes.framework.runner.TestRunner<br>Test method: Runs Cucumber Scenarios<br>Parameters: "TSDU009005 Admin edit kategori dengan menghilangkan centang kategori STAFF di status User NON ACTIVE", "TSDU009 Edit user active"</td>
<td></td>
<td>18</td>
<td>com.sqa.psikotes.framework.runner.TestRunner@2767e23c</td></tr>
<tr>
<td title='com.sqa.psikotes.framework.runner.TestRunner.runScenario()'><b>runScenario</b><br>Test class: com.sqa.psikotes.framework.runner.TestRunner<br>Test method: Runs Cucumber Scenarios<br>Parameters: "TSDU011005 Admin cek p10 NON ACTIVE data yang tampil", "TSDU011 Admin show page p10 non active"</td>
<td></td>
<td>3</td>
<td>com.sqa.psikotes.framework.runner.TestRunner@2767e23c</td></tr>
<tr>
<td title='com.sqa.psikotes.framework.runner.TestRunner.runScenario()'><b>runScenario</b><br>Test class: com.sqa.psikotes.framework.runner.TestRunner<br>Test method: Runs Cucumber Scenarios<br>Parameters: "TSDU008007 Admin edit kategori dengan menghilangkan centang kategori LEADER di status User NON ACTIVE", "TSDU008 Edit user non active"</td>
<td></td>
<td>18</td>
<td>com.sqa.psikotes.framework.runner.TestRunner@2767e23c</td></tr>
<tr>
<td title='com.sqa.psikotes.framework.runner.TestRunner.runScenario()'><b>runScenario</b><br>Test class: com.sqa.psikotes.framework.runner.TestRunner<br>Test method: Runs Cucumber Scenarios<br>Parameters: "TSDU006003 Admin ingin menampilkan beberapa data ACTIVE berdasarkan name dan email menggunakan enter pada keyboard", "TSDU006 Mencari user active"</td>
<td></td>
<td>12</td>
<td>com.sqa.psikotes.framework.runner.TestRunner@2767e23c</td></tr>
<tr>
<td title='com.sqa.psikotes.framework.runner.TestRunner.runScenario()'><b>runScenario</b><br>Test class: com.sqa.psikotes.framework.runner.TestRunner<br>Test method: Runs Cucumber Scenarios<br>Parameters: "TSDU011036 Admin cek p10 ACTIVE data yang tampil", "TSDU011 Admin show page p10 active"</td>
<td></td>
<td>3</td>
<td>com.sqa.psikotes.framework.runner.TestRunner@2767e23c</td></tr>
<tr>
<td title='com.sqa.psikotes.framework.runner.TestRunner.runScenario()'><b>runScenario</b><br>Test class: com.sqa.psikotes.framework.runner.TestRunner<br>Test method: Runs Cucumber Scenarios<br>Parameters: "TSDU011041 Admin cek p25 ACTIVE data yang tampil", "TSDU011 Admin show page p25 active"</td>
<td></td>
<td>11</td>
<td>com.sqa.psikotes.framework.runner.TestRunner@2767e23c</td></tr>
<tr>
<td title='com.sqa.psikotes.framework.runner.TestRunner.runScenario()'><b>runScenario</b><br>Test class: com.sqa.psikotes.framework.runner.TestRunner<br>Test method: Runs Cucumber Scenarios<br>Parameters: "TSDU011011 Admin cek p10 NON ACTIVE data yang tampil", "TSDU011 Admin show page p10 non active"</td>
<td></td>
<td>3</td>
<td>com.sqa.psikotes.framework.runner.TestRunner@2767e23c</td></tr>
<tr>
<td title='com.sqa.psikotes.framework.runner.TestRunner.runScenario()'><b>runScenario</b><br>Test class: com.sqa.psikotes.framework.runner.TestRunner<br>Test method: Runs Cucumber Scenarios<br>Parameters: "TSDU001001 Admin ingin membuka halaman data Admin", "TSDU001 Membuka halaman Data Users"</td>
<td></td>
<td>6</td>
<td>com.sqa.psikotes.framework.runner.TestRunner@2767e23c</td></tr>
<tr>
<td title='com.sqa.psikotes.framework.runner.TestRunner.runScenario()'><b>runScenario</b><br>Test class: com.sqa.psikotes.framework.runner.TestRunner<br>Test method: Runs Cucumber Scenarios<br>Parameters: "TSDU008002 Admin edit status User dari NON ACTIVE menjadi ACTIVE dan cek validasi dari pop up", "TSDU008 Edit user non active"</td>
<td></td>
<td>17</td>
<td>com.sqa.psikotes.framework.runner.TestRunner@2767e23c</td></tr>
<tr>
<td title='com.sqa.psikotes.framework.runner.TestRunner.runScenario()'><b>runScenario</b><br>Test class: com.sqa.psikotes.framework.runner.TestRunner<br>Test method: Runs Cucumber Scenarios<br>Parameters: "TSDU002002 Admin ingin mencari data yang ada berdasarkan name menggunakan tombol berwarna hijau", "TSDU002 Admin mencari data"</td>
<td></td>
<td>10</td>
<td>com.sqa.psikotes.framework.runner.TestRunner@2767e23c</td></tr>
<tr>
<td title='com.sqa.psikotes.framework.runner.TestRunner.runScenario()'><b>runScenario</b><br>Test class: com.sqa.psikotes.framework.runner.TestRunner<br>Test method: Runs Cucumber Scenarios<br>Parameters: "TSDU011053 Admin cek p100 ACTIVE data yang tampil", "TSDU011 Admin show page p100 active"</td>
<td></td>
<td>10</td>
<td>com.sqa.psikotes.framework.runner.TestRunner@2767e23c</td></tr>
<tr>
<td title='com.sqa.psikotes.framework.runner.TestRunner.runScenario()'><b>runScenario</b><br>Test class: com.sqa.psikotes.framework.runner.TestRunner<br>Test method: Runs Cucumber Scenarios<br>Parameters: "TSDU011006 Admin cek p10 NON ACTIVE data yang tampil", "TSDU011 Admin show page p10 non active"</td>
<td></td>
<td>3</td>
<td>com.sqa.psikotes.framework.runner.TestRunner@2767e23c</td></tr>
<tr>
<td title='com.sqa.psikotes.framework.runner.TestRunner.runScenario()'><b>runScenario</b><br>Test class: com.sqa.psikotes.framework.runner.TestRunner<br>Test method: Runs Cucumber Scenarios<br>Parameters: "TSDU011042 Admin cek p25 ACTIVE data yang tampil", "TSDU011 Admin show page p25 active"</td>
<td></td>
<td>5</td>
<td>com.sqa.psikotes.framework.runner.TestRunner@2767e23c</td></tr>
<tr>
<td title='com.sqa.psikotes.framework.runner.TestRunner.runScenario()'><b>runScenario</b><br>Test class: com.sqa.psikotes.framework.runner.TestRunner<br>Test method: Runs Cucumber Scenarios<br>Parameters: "TSDU011035 Admin cek p10 ACTIVE data yang tampil", "TSDU011 Admin show page p10 active"</td>
<td></td>
<td>3</td>
<td>com.sqa.psikotes.framework.runner.TestRunner@2767e23c</td></tr>
<tr>
<td title='com.sqa.psikotes.framework.runner.TestRunner.runScenario()'><b>runScenario</b><br>Test class: com.sqa.psikotes.framework.runner.TestRunner<br>Test method: Runs Cucumber Scenarios<br>Parameters: "TSDU011054 Admin cek p100 ACTIVE data yang tampil", "TSDU011 Admin show page p100 active"</td>
<td></td>
<td>5</td>
<td>com.sqa.psikotes.framework.runner.TestRunner@2767e23c</td></tr>
<tr>
<td title='com.sqa.psikotes.framework.runner.TestRunner.runScenario()'><b>runScenario</b><br>Test class: com.sqa.psikotes.framework.runner.TestRunner<br>Test method: Runs Cucumber Scenarios<br>Parameters: "TSDU008003 Admin edit status User dari NON ACTIVE menjadi ACTIVE dan cek validasi dari tabel active", "TSDU008 Edit user non active"</td>
<td></td>
<td>29</td>
<td>com.sqa.psikotes.framework.runner.TestRunner@2767e23c</td></tr>
<tr>
<td title='com.sqa.psikotes.framework.runner.TestRunner.runScenario()'><b>runScenario</b><br>Test class: com.sqa.psikotes.framework.runner.TestRunner<br>Test method: Runs Cucumber Scenarios<br>Parameters: "TSDU006001 Admin ingin menampilkan beberapa data ACTIVE berdasarkan name dan email menggunakan tombol search", "TSDU006 Mencari user active"</td>
<td></td>
<td>12</td>
<td>com.sqa.psikotes.framework.runner.TestRunner@2767e23c</td></tr>
<tr>
<td title='com.sqa.psikotes.framework.runner.TestRunner.runScenario()'><b>runScenario</b><br>Test class: com.sqa.psikotes.framework.runner.TestRunner<br>Test method: Runs Cucumber Scenarios<br>Parameters: "TSDU006001 Admin ingin menampilkan beberapa data ACTIVE berdasarkan name dan email menggunakan tombol search", "TSDU006 Mencari user active"</td>
<td></td>
<td>12</td>
<td>com.sqa.psikotes.framework.runner.TestRunner@2767e23c</td></tr>
<tr>
<td title='com.sqa.psikotes.framework.runner.TestRunner.runScenario()'><b>runScenario</b><br>Test class: com.sqa.psikotes.framework.runner.TestRunner<br>Test method: Runs Cucumber Scenarios<br>Parameters: "TSLP001N003 Admin login valid dan menekan tombol enter (green button) password", "TSLP001 Admin login valid ke web"</td>
<td></td>
<td>7</td>
<td>com.sqa.psikotes.framework.runner.TestRunner@2767e23c</td></tr>
<tr>
<td title='com.sqa.psikotes.framework.runner.TestRunner.runScenario()'><b>runScenario</b><br>Test class: com.sqa.psikotes.framework.runner.TestRunner<br>Test method: Runs Cucumber Scenarios<br>Parameters: "TSDU002002 Admin ingin mencari data yang ada berdasarkan name menggunakan tombol berwarna hijau", "TSDU002 Admin mencari data"</td>
<td></td>
<td>10</td>
<td>com.sqa.psikotes.framework.runner.TestRunner@2767e23c</td></tr>
<tr>
<td title='com.sqa.psikotes.framework.runner.TestRunner.runScenario()'><b>runScenario</b><br>Test class: com.sqa.psikotes.framework.runner.TestRunner<br>Test method: Runs Cucumber Scenarios<br>Parameters: "TSDU003001 Admin ingin menampilkan semua data NON ACTIVE Admins", "TSDU003 Menampilkan user non active"</td>
<td></td>
<td>8</td>
<td>com.sqa.psikotes.framework.runner.TestRunner@2767e23c</td></tr>
<tr>
<td title='com.sqa.psikotes.framework.runner.TestRunner.runScenario()'><b>runScenario</b><br>Test class: com.sqa.psikotes.framework.runner.TestRunner<br>Test method: Runs Cucumber Scenarios<br>Parameters: "TSDU011034 Admin cek p10 ACTIVE data yang tampil", "TSDU011 Admin show page p10 active"</td>
<td></td>
<td>3</td>
<td>com.sqa.psikotes.framework.runner.TestRunner@2767e23c</td></tr>
<tr>
<td title='com.sqa.psikotes.framework.runner.TestRunner.runScenario()'><b>runScenario</b><br>Test class: com.sqa.psikotes.framework.runner.TestRunner<br>Test method: Runs Cucumber Scenarios<br>Parameters: "TSDU011038 Admin cek p10 ACTIVE data yang tampil", "TSDU011 Admin show page p10 active"</td>
<td></td>
<td>3</td>
<td>com.sqa.psikotes.framework.runner.TestRunner@2767e23c</td></tr>
<tr>
<td title='com.sqa.psikotes.framework.runner.TestRunner.runScenario()'><b>runScenario</b><br>Test class: com.sqa.psikotes.framework.runner.TestRunner<br>Test method: Runs Cucumber Scenarios<br>Parameters: "TSDU011051 Admin cek p50 ACTIVE data yang tampil", "TSDU011 Admin show page p50 active"</td>
<td></td>
<td>3</td>
<td>com.sqa.psikotes.framework.runner.TestRunner@2767e23c</td></tr>
<tr>
<td title='com.sqa.psikotes.framework.runner.TestRunner.runScenario()'><b>runScenario</b><br>Test class: com.sqa.psikotes.framework.runner.TestRunner<br>Test method: Runs Cucumber Scenarios<br>Parameters: "TSDU002001 Admin ingin mencari data yang ada berdasarkan name menggunakan tombol search", "TSDU002 Admin mencari data"</td>
<td></td>
<td>10</td>
<td>com.sqa.psikotes.framework.runner.TestRunner@2767e23c</td></tr>
<tr>
<td title='com.sqa.psikotes.framework.runner.TestRunner.runScenario()'><b>runScenario</b><br>Test class: com.sqa.psikotes.framework.runner.TestRunner<br>Test method: Runs Cucumber Scenarios<br>Parameters: "TSDU010001 Admin klik icon edit password", "TSDU010 Admin edit password user"</td>
<td></td>
<td>8</td>
<td>com.sqa.psikotes.framework.runner.TestRunner@2767e23c</td></tr>
<tr>
<td title='com.sqa.psikotes.framework.runner.TestRunner.runScenario()'><b>runScenario</b><br>Test class: com.sqa.psikotes.framework.runner.TestRunner<br>Test method: Runs Cucumber Scenarios<br>Parameters: "TSDU009001 Admin edit status User dari ACTIVE menjadi NON ACTIVE dan cek validasi dari pop up", "TSDU009 Edit user active"</td>
<td></td>
<td>17</td>
<td>com.sqa.psikotes.framework.runner.TestRunner@2767e23c</td></tr>
<tr>
<td title='com.sqa.psikotes.framework.runner.TestRunner.runScenario()'><b>runScenario</b><br>Test class: com.sqa.psikotes.framework.runner.TestRunner<br>Test method: Runs Cucumber Scenarios<br>Parameters: "TSDU011002 Admin cek p10 NON ACTIVE data yang tampil", "TSDU011 Admin show page p10 non active"</td>
<td></td>
<td>5</td>
<td>com.sqa.psikotes.framework.runner.TestRunner@2767e23c</td></tr>
<tr>
<td title='com.sqa.psikotes.framework.runner.TestRunner.runScenario()'><b>runScenario</b><br>Test class: com.sqa.psikotes.framework.runner.TestRunner<br>Test method: Runs Cucumber Scenarios<br>Parameters: "TSDU008006 Admin edit kategori dengan menghilangkan centang kategori STAFF di status User NON ACTIVE", "TSDU008 Edit user non active"</td>
<td></td>
<td>18</td>
<td>com.sqa.psikotes.framework.runner.TestRunner@2767e23c</td></tr>
<tr>
<td title='com.sqa.psikotes.framework.runner.TestRunner.runScenario()'><b>runScenario</b><br>Test class: com.sqa.psikotes.framework.runner.TestRunner<br>Test method: Runs Cucumber Scenarios<br>Parameters: "TSDU010003 Admin edit password active user", "TSDU010 Admin edit password user"</td>
<td></td>
<td>16</td>
<td>com.sqa.psikotes.framework.runner.TestRunner@2767e23c</td></tr>
<tr>
<td title='com.sqa.psikotes.framework.runner.TestRunner.runScenario()'><b>runScenario</b><br>Test class: com.sqa.psikotes.framework.runner.TestRunner<br>Test method: Runs Cucumber Scenarios<br>Parameters: "TSDU002001 Admin ingin mencari data yang ada berdasarkan name menggunakan tombol search", "TSDU002 Admin mencari data"</td>
<td></td>
<td>10</td>
<td>com.sqa.psikotes.framework.runner.TestRunner@2767e23c</td></tr>
<tr>
<td title='com.sqa.psikotes.framework.runner.TestRunner.runScenario()'><b>runScenario</b><br>Test class: com.sqa.psikotes.framework.runner.TestRunner<br>Test method: Runs Cucumber Scenarios<br>Parameters: "TSLP001004 Admin login valid dan menekan enter keyboard", "TSLP001 Admin login valid ke web"</td>
<td></td>
<td>6</td>
<td>com.sqa.psikotes.framework.runner.TestRunner@2767e23c</td></tr>
<tr>
<td title='com.sqa.psikotes.framework.runner.TestRunner.runScenario()'><b>runScenario</b><br>Test class: com.sqa.psikotes.framework.runner.TestRunner<br>Test method: Runs Cucumber Scenarios<br>Parameters: "TSDU011016 Admin cek p25 NON ACTIVE data yang tampil", "TSDU011 Admin show page p25 non active"</td>
<td></td>
<td>3</td>
<td>com.sqa.psikotes.framework.runner.TestRunner@2767e23c</td></tr>
<tr>
<td title='com.sqa.psikotes.framework.runner.TestRunner.runScenario()'><b>runScenario</b><br>Test class: com.sqa.psikotes.framework.runner.TestRunner<br>Test method: Runs Cucumber Scenarios<br>Parameters: "TSDU011008 Admin cek p10 NON ACTIVE data yang tampil", "TSDU011 Admin show page p10 non active"</td>
<td></td>
<td>3</td>
<td>com.sqa.psikotes.framework.runner.TestRunner@2767e23c</td></tr>
<tr>
<td title='com.sqa.psikotes.framework.runner.TestRunner.runScenario()'><b>runScenario</b><br>Test class: com.sqa.psikotes.framework.runner.TestRunner<br>Test method: Runs Cucumber Scenarios<br>Parameters: "TSDU002001 Admin ingin mencari data yang ada berdasarkan name menggunakan tombol search", "TSDU002 Admin mencari data"</td>
<td></td>
<td>10</td>
<td>com.sqa.psikotes.framework.runner.TestRunner@2767e23c</td></tr>
<tr>
<td title='com.sqa.psikotes.framework.runner.TestRunner.runScenario()'><b>runScenario</b><br>Test class: com.sqa.psikotes.framework.runner.TestRunner<br>Test method: Runs Cucumber Scenarios<br>Parameters: "TSDU011021 Admin cek p50 NON ACTIVE data yang tampil", "TSDU011 Admin show page p50 non active"</td>
<td></td>
<td>8</td>
<td>com.sqa.psikotes.framework.runner.TestRunner@2767e23c</td></tr>
<tr>
<td title='com.sqa.psikotes.framework.runner.TestRunner.runScenario()'><b>runScenario</b><br>Test class: com.sqa.psikotes.framework.runner.TestRunner<br>Test method: Runs Cucumber Scenarios<br>Parameters: "TSDU011037 Admin cek p10 ACTIVE data yang tampil", "TSDU011 Admin show page p10 active"</td>
<td></td>
<td>3</td>
<td>com.sqa.psikotes.framework.runner.TestRunner@2767e23c</td></tr>
<tr>
<td title='com.sqa.psikotes.framework.runner.TestRunner.runScenario()'><b>runScenario</b><br>Test class: com.sqa.psikotes.framework.runner.TestRunner<br>Test method: Runs Cucumber Scenarios<br>Parameters: "TSDU011003 Admin cek p10 NON ACTIVE data yang tampil", "TSDU011 Admin show page p10 non active"</td>
<td></td>
<td>3</td>
<td>com.sqa.psikotes.framework.runner.TestRunner@2767e23c</td></tr>
<tr>
<td title='com.sqa.psikotes.framework.runner.TestRunner.runScenario()'><b>runScenario</b><br>Test class: com.sqa.psikotes.framework.runner.TestRunner<br>Test method: Runs Cucumber Scenarios<br>Parameters: "TSDU011023 Admin cek p50 NON ACTIVE data yang tampil", "TSDU011 Admin show page p50 non active"</td>
<td></td>
<td>3</td>
<td>com.sqa.psikotes.framework.runner.TestRunner@2767e23c</td></tr>
<tr>
<td title='com.sqa.psikotes.framework.runner.TestRunner.runScenario()'><b>runScenario</b><br>Test class: com.sqa.psikotes.framework.runner.TestRunner<br>Test method: Runs Cucumber Scenarios<br>Parameters: "TSDU011015 Admin cek p25 NON ACTIVE data yang tampil", "TSDU011 Admin show page p25 non active"</td>
<td></td>
<td>5</td>
<td>com.sqa.psikotes.framework.runner.TestRunner@2767e23c</td></tr>
<tr>
<td title='com.sqa.psikotes.framework.runner.TestRunner.runScenario()'><b>runScenario</b><br>Test class: com.sqa.psikotes.framework.runner.TestRunner<br>Test method: Runs Cucumber Scenarios<br>Parameters: "TSDU009008 Admin edit kategori dengan menghilangkan centang kategori STAFF dan LEADER di status User NON ACTIVE", "TSDU009 Edit user active"</td>
<td></td>
<td>19</td>
<td>com.sqa.psikotes.framework.runner.TestRunner@2767e23c</td></tr>
<tr>
<td title='com.sqa.psikotes.framework.runner.TestRunner.runScenario()'><b>runScenario</b><br>Test class: com.sqa.psikotes.framework.runner.TestRunner<br>Test method: Runs Cucumber Scenarios<br>Parameters: "TSDU007001 Admin ingin melihat detail salah satu Data Users", "TSDU007 Melihat detail user"</td>
<td></td>
<td>10</td>
<td>com.sqa.psikotes.framework.runner.TestRunner@2767e23c</td></tr>
<tr>
<td title='com.sqa.psikotes.framework.runner.TestRunner.runScenario()'><b>runScenario</b><br>Test class: com.sqa.psikotes.framework.runner.TestRunner<br>Test method: Runs Cucumber Scenarios<br>Parameters: "TSDU009006 Admin edit kategori dengan menghilangkan centang kategori LEADER di status User NON ACTIVE", "TSDU009 Edit user active"</td>
<td></td>
<td>18</td>
<td>com.sqa.psikotes.framework.runner.TestRunner@2767e23c</td></tr>
<tr>
<td title='com.sqa.psikotes.framework.runner.TestRunner.runScenario()'><b>runScenario</b><br>Test class: com.sqa.psikotes.framework.runner.TestRunner<br>Test method: Runs Cucumber Scenarios<br>Parameters: "TSDU011013 Admin cek p10 NON ACTIVE data yang tampil", "TSDU011 Admin show page p10 non active"</td>
<td></td>
<td>3</td>
<td>com.sqa.psikotes.framework.runner.TestRunner@2767e23c</td></tr>
<tr>
<td title='com.sqa.psikotes.framework.runner.TestRunner.runScenario()'><b>runScenario</b><br>Test class: com.sqa.psikotes.framework.runner.TestRunner<br>Test method: Runs Cucumber Scenarios<br>Parameters: "TSDU011048 Admin cek p50 ACTIVE data yang tampil", "TSDU011 Admin show page p50 active"</td>
<td></td>
<td>11</td>
<td>com.sqa.psikotes.framework.runner.TestRunner@2767e23c</td></tr>
<tr>
<td title='com.sqa.psikotes.framework.runner.TestRunner.runScenario()'><b>runScenario</b><br>Test class: com.sqa.psikotes.framework.runner.TestRunner<br>Test method: Runs Cucumber Scenarios<br>Parameters: "TSDU011007 Admin cek p10 NON ACTIVE data yang tampil", "TSDU011 Admin show page p10 non active"</td>
<td></td>
<td>3</td>
<td>com.sqa.psikotes.framework.runner.TestRunner@2767e23c</td></tr>
<tr>
<td title='com.sqa.psikotes.framework.runner.TestRunner.runScenario()'><b>runScenario</b><br>Test class: com.sqa.psikotes.framework.runner.TestRunner<br>Test method: Runs Cucumber Scenarios<br>Parameters: "TSDU002003 Admin ingin mencari data yang ada berdasarkan name menggunakan enter pada keyboard", "TSDU002 Admin mencari data"</td>
<td></td>
<td>9</td>
<td>com.sqa.psikotes.framework.runner.TestRunner@2767e23c</td></tr>
<tr>
<td title='com.sqa.psikotes.framework.runner.TestRunner.runScenario()'><b>runScenario</b><br>Test class: com.sqa.psikotes.framework.runner.TestRunner<br>Test method: Runs Cucumber Scenarios<br>Parameters: "TSDU011044 Admin cek p25 ACTIVE data yang tampil", "TSDU011 Admin show page p25 active"</td>
<td></td>
<td>3</td>
<td>com.sqa.psikotes.framework.runner.TestRunner@2767e23c</td></tr>
<tr>
<td title='com.sqa.psikotes.framework.runner.TestRunner.runScenario()'><b>runScenario</b><br>Test class: com.sqa.psikotes.framework.runner.TestRunner<br>Test method: Runs Cucumber Scenarios<br>Parameters: "TSDU009002 Admin edit status User dari ACTIVE menjadi NON ACTIVE dan cek validasi dari tabel active", "TSDU009 Edit user active"</td>
<td></td>
<td>29</td>
<td>com.sqa.psikotes.framework.runner.TestRunner@2767e23c</td></tr>
</table><p>
</body>
</html>