<?xml version="1.0" encoding="UTF-8"?>
<testng-results ignored="0" total="104" passed="97" failed="7" skipped="0">
  <reporter-output>
  </reporter-output>
  <suite started-at="2022-10-04T10:48:17 WIB" name="Default suite" finished-at="2022-10-04T11:03:30 WIB" duration-ms="912323">
    <groups>
      <group name="cucumber">
        <method signature="AbstractTestNGCucumberTests.runScenario(io.cucumber.testng.PickleWrapper,io.cucumber.testng.FeatureWrapper)[pri:0, instance:com.sqa.psikotes.framework.runner.TestRunner@2767e23c]" name="runScenario" class="io.cucumber.testng.AbstractTestNGCucumberTests"/>
      </group> <!-- cucumber -->
    </groups>
    <test started-at="2022-10-04T10:48:17 WIB" name="Default test" finished-at="2022-10-04T11:03:30 WIB" duration-ms="912323">
      <class name="com.sqa.psikotes.framework.runner.TestRunner">
        <test-method is-config="true" signature="setUpClass(org.testng.ITestContext)[pri:0, instance:com.sqa.psikotes.framework.runner.TestRunner@2767e23c]" started-at="2022-10-04T10:48:17 WIB" name="setUpClass" finished-at="2022-10-04T10:48:18 WIB" duration-ms="686" status="PASS">
          <params>
            <param index="0">
              <value>
                <![CDATA[org.testng.TestRunner@4d55b63d]]>
              </value>
            </param>
          </params>
          <reporter-output>
          </reporter-output>
        </test-method> <!-- setUpClass -->
        <test-method signature="runScenario(io.cucumber.testng.PickleWrapper,io.cucumber.testng.FeatureWrapper)[pri:0, instance:com.sqa.psikotes.framework.runner.TestRunner@2767e23c]" started-at="2022-10-04T10:48:18 WIB" name="runScenario" description="Runs Cucumber Scenarios" data-provider="scenarios" finished-at="2022-10-04T10:48:27 WIB" duration-ms="8745" status="PASS">
          <params>
            <param index="0">
              <value>
                <![CDATA["TSLP001001 Admin login valid dan menekan tombol sign in"]]>
              </value>
            </param>
            <param index="1">
              <value>
                <![CDATA["TSLP001 Admin login valid ke web"]]>
              </value>
            </param>
          </params>
          <reporter-output>
          </reporter-output>
        </test-method> <!-- runScenario -->
        <test-method signature="runScenario(io.cucumber.testng.PickleWrapper,io.cucumber.testng.FeatureWrapper)[pri:0, instance:com.sqa.psikotes.framework.runner.TestRunner@2767e23c]" started-at="2022-10-04T10:48:27 WIB" name="runScenario" description="Runs Cucumber Scenarios" data-provider="scenarios" finished-at="2022-10-04T10:48:34 WIB" duration-ms="7088" status="PASS">
          <params>
            <param index="0">
              <value>
                <![CDATA["TSLP001N002 Admin login valid dan menekan tombol enter (green button) username"]]>
              </value>
            </param>
            <param index="1">
              <value>
                <![CDATA["TSLP001 Admin login valid ke web"]]>
              </value>
            </param>
          </params>
          <reporter-output>
          </reporter-output>
        </test-method> <!-- runScenario -->
        <test-method signature="runScenario(io.cucumber.testng.PickleWrapper,io.cucumber.testng.FeatureWrapper)[pri:0, instance:com.sqa.psikotes.framework.runner.TestRunner@2767e23c]" started-at="2022-10-04T10:48:34 WIB" name="runScenario" description="Runs Cucumber Scenarios" data-provider="scenarios" finished-at="2022-10-04T10:48:41 WIB" duration-ms="7155" status="PASS">
          <params>
            <param index="0">
              <value>
                <![CDATA["TSLP001N003 Admin login valid dan menekan tombol enter (green button) password"]]>
              </value>
            </param>
            <param index="1">
              <value>
                <![CDATA["TSLP001 Admin login valid ke web"]]>
              </value>
            </param>
          </params>
          <reporter-output>
          </reporter-output>
        </test-method> <!-- runScenario -->
        <test-method signature="runScenario(io.cucumber.testng.PickleWrapper,io.cucumber.testng.FeatureWrapper)[pri:0, instance:com.sqa.psikotes.framework.runner.TestRunner@2767e23c]" started-at="2022-10-04T10:48:41 WIB" name="runScenario" description="Runs Cucumber Scenarios" data-provider="scenarios" finished-at="2022-10-04T10:48:48 WIB" duration-ms="6632" status="PASS">
          <params>
            <param index="0">
              <value>
                <![CDATA["TSLP001004 Admin login valid dan menekan enter keyboard"]]>
              </value>
            </param>
            <param index="1">
              <value>
                <![CDATA["TSLP001 Admin login valid ke web"]]>
              </value>
            </param>
          </params>
          <reporter-output>
          </reporter-output>
        </test-method> <!-- runScenario -->
        <test-method signature="runScenario(io.cucumber.testng.PickleWrapper,io.cucumber.testng.FeatureWrapper)[pri:0, instance:com.sqa.psikotes.framework.runner.TestRunner@2767e23c]" started-at="2022-10-04T10:48:48 WIB" name="runScenario" description="Runs Cucumber Scenarios" data-provider="scenarios" finished-at="2022-10-04T10:48:54 WIB" duration-ms="6801" status="PASS">
          <params>
            <param index="0">
              <value>
                <![CDATA["TSAP001001 Admin masuk ke halaman admin"]]>
              </value>
            </param>
            <param index="1">
              <value>
                <![CDATA["TSAP001 Masuk halaman admin"]]>
              </value>
            </param>
          </params>
          <reporter-output>
          </reporter-output>
        </test-method> <!-- runScenario -->
        <test-method signature="runScenario(io.cucumber.testng.PickleWrapper,io.cucumber.testng.FeatureWrapper)[pri:0, instance:com.sqa.psikotes.framework.runner.TestRunner@2767e23c]" started-at="2022-10-04T10:48:54 WIB" name="runScenario" description="Runs Cucumber Scenarios" data-provider="scenarios" finished-at="2022-10-04T10:49:01 WIB" duration-ms="6869" status="PASS">
          <params>
            <param index="0">
              <value>
                <![CDATA["TSDU001001 Admin ingin membuka halaman data Admin"]]>
              </value>
            </param>
            <param index="1">
              <value>
                <![CDATA["TSDU001 Membuka halaman Data Users"]]>
              </value>
            </param>
          </params>
          <reporter-output>
          </reporter-output>
        </test-method> <!-- runScenario -->
        <test-method signature="runScenario(io.cucumber.testng.PickleWrapper,io.cucumber.testng.FeatureWrapper)[pri:0, instance:com.sqa.psikotes.framework.runner.TestRunner@2767e23c]" started-at="2022-10-04T10:49:01 WIB" name="runScenario" description="Runs Cucumber Scenarios" data-provider="scenarios" finished-at="2022-10-04T10:49:12 WIB" duration-ms="10835" status="PASS">
          <params>
            <param index="0">
              <value>
                <![CDATA["TSDU002001 Admin ingin mencari data yang ada berdasarkan name menggunakan tombol search"]]>
              </value>
            </param>
            <param index="1">
              <value>
                <![CDATA["TSDU002 Admin mencari data"]]>
              </value>
            </param>
          </params>
          <reporter-output>
          </reporter-output>
        </test-method> <!-- runScenario -->
        <test-method signature="runScenario(io.cucumber.testng.PickleWrapper,io.cucumber.testng.FeatureWrapper)[pri:0, instance:com.sqa.psikotes.framework.runner.TestRunner@2767e23c]" started-at="2022-10-04T10:49:12 WIB" name="runScenario" description="Runs Cucumber Scenarios" data-provider="scenarios" finished-at="2022-10-04T10:49:23 WIB" duration-ms="10728" status="PASS">
          <params>
            <param index="0">
              <value>
                <![CDATA["TSDU002001 Admin ingin mencari data yang ada berdasarkan name menggunakan tombol search"]]>
              </value>
            </param>
            <param index="1">
              <value>
                <![CDATA["TSDU002 Admin mencari data"]]>
              </value>
            </param>
          </params>
          <reporter-output>
          </reporter-output>
        </test-method> <!-- runScenario -->
        <test-method signature="runScenario(io.cucumber.testng.PickleWrapper,io.cucumber.testng.FeatureWrapper)[pri:0, instance:com.sqa.psikotes.framework.runner.TestRunner@2767e23c]" started-at="2022-10-04T10:49:23 WIB" name="runScenario" description="Runs Cucumber Scenarios" data-provider="scenarios" finished-at="2022-10-04T10:49:34 WIB" duration-ms="10803" status="PASS">
          <params>
            <param index="0">
              <value>
                <![CDATA["TSDU002001 Admin ingin mencari data yang ada berdasarkan name menggunakan tombol search"]]>
              </value>
            </param>
            <param index="1">
              <value>
                <![CDATA["TSDU002 Admin mencari data"]]>
              </value>
            </param>
          </params>
          <reporter-output>
          </reporter-output>
        </test-method> <!-- runScenario -->
        <test-method signature="runScenario(io.cucumber.testng.PickleWrapper,io.cucumber.testng.FeatureWrapper)[pri:0, instance:com.sqa.psikotes.framework.runner.TestRunner@2767e23c]" started-at="2022-10-04T10:49:34 WIB" name="runScenario" description="Runs Cucumber Scenarios" data-provider="scenarios" finished-at="2022-10-04T10:49:45 WIB" duration-ms="10828" status="PASS">
          <params>
            <param index="0">
              <value>
                <![CDATA["TSDU002002 Admin ingin mencari data yang ada berdasarkan name menggunakan tombol berwarna hijau"]]>
              </value>
            </param>
            <param index="1">
              <value>
                <![CDATA["TSDU002 Admin mencari data"]]>
              </value>
            </param>
          </params>
          <reporter-output>
          </reporter-output>
        </test-method> <!-- runScenario -->
        <test-method signature="runScenario(io.cucumber.testng.PickleWrapper,io.cucumber.testng.FeatureWrapper)[pri:0, instance:com.sqa.psikotes.framework.runner.TestRunner@2767e23c]" started-at="2022-10-04T10:49:45 WIB" name="runScenario" description="Runs Cucumber Scenarios" data-provider="scenarios" finished-at="2022-10-04T10:49:55 WIB" duration-ms="10780" status="PASS">
          <params>
            <param index="0">
              <value>
                <![CDATA["TSDU002002 Admin ingin mencari data yang ada berdasarkan name menggunakan tombol berwarna hijau"]]>
              </value>
            </param>
            <param index="1">
              <value>
                <![CDATA["TSDU002 Admin mencari data"]]>
              </value>
            </param>
          </params>
          <reporter-output>
          </reporter-output>
        </test-method> <!-- runScenario -->
        <test-method signature="runScenario(io.cucumber.testng.PickleWrapper,io.cucumber.testng.FeatureWrapper)[pri:0, instance:com.sqa.psikotes.framework.runner.TestRunner@2767e23c]" started-at="2022-10-04T10:49:55 WIB" name="runScenario" description="Runs Cucumber Scenarios" data-provider="scenarios" finished-at="2022-10-04T10:50:06 WIB" duration-ms="10775" status="PASS">
          <params>
            <param index="0">
              <value>
                <![CDATA["TSDU002002 Admin ingin mencari data yang ada berdasarkan name menggunakan tombol berwarna hijau"]]>
              </value>
            </param>
            <param index="1">
              <value>
                <![CDATA["TSDU002 Admin mencari data"]]>
              </value>
            </param>
          </params>
          <reporter-output>
          </reporter-output>
        </test-method> <!-- runScenario -->
        <test-method signature="runScenario(io.cucumber.testng.PickleWrapper,io.cucumber.testng.FeatureWrapper)[pri:0, instance:com.sqa.psikotes.framework.runner.TestRunner@2767e23c]" started-at="2022-10-04T10:50:06 WIB" name="runScenario" description="Runs Cucumber Scenarios" data-provider="scenarios" finished-at="2022-10-04T10:50:15 WIB" duration-ms="8720" status="PASS">
          <params>
            <param index="0">
              <value>
                <![CDATA["TSDU002003 Admin ingin mencari data yang ada berdasarkan name menggunakan enter pada keyboard"]]>
              </value>
            </param>
            <param index="1">
              <value>
                <![CDATA["TSDU002 Admin mencari data"]]>
              </value>
            </param>
          </params>
          <reporter-output>
          </reporter-output>
        </test-method> <!-- runScenario -->
        <test-method signature="runScenario(io.cucumber.testng.PickleWrapper,io.cucumber.testng.FeatureWrapper)[pri:0, instance:com.sqa.psikotes.framework.runner.TestRunner@2767e23c]" started-at="2022-10-04T10:50:15 WIB" name="runScenario" description="Runs Cucumber Scenarios" data-provider="scenarios" finished-at="2022-10-04T10:50:24 WIB" duration-ms="8700" status="PASS">
          <params>
            <param index="0">
              <value>
                <![CDATA["TSDU002003 Admin ingin mencari data yang ada berdasarkan name menggunakan enter pada keyboard"]]>
              </value>
            </param>
            <param index="1">
              <value>
                <![CDATA["TSDU002 Admin mencari data"]]>
              </value>
            </param>
          </params>
          <reporter-output>
          </reporter-output>
        </test-method> <!-- runScenario -->
        <test-method signature="runScenario(io.cucumber.testng.PickleWrapper,io.cucumber.testng.FeatureWrapper)[pri:0, instance:com.sqa.psikotes.framework.runner.TestRunner@2767e23c]" started-at="2022-10-04T10:50:24 WIB" name="runScenario" description="Runs Cucumber Scenarios" data-provider="scenarios" finished-at="2022-10-04T10:50:34 WIB" duration-ms="9997" status="PASS">
          <params>
            <param index="0">
              <value>
                <![CDATA["TSDU002003 Admin ingin mencari data yang ada berdasarkan name menggunakan enter pada keyboard"]]>
              </value>
            </param>
            <param index="1">
              <value>
                <![CDATA["TSDU002 Admin mencari data"]]>
              </value>
            </param>
          </params>
          <reporter-output>
          </reporter-output>
        </test-method> <!-- runScenario -->
        <test-method signature="runScenario(io.cucumber.testng.PickleWrapper,io.cucumber.testng.FeatureWrapper)[pri:0, instance:com.sqa.psikotes.framework.runner.TestRunner@2767e23c]" started-at="2022-10-04T10:50:34 WIB" name="runScenario" description="Runs Cucumber Scenarios" data-provider="scenarios" finished-at="2022-10-04T10:50:42 WIB" duration-ms="8726" status="PASS">
          <params>
            <param index="0">
              <value>
                <![CDATA["TSDU003001 Admin ingin menampilkan semua data NON ACTIVE Admins"]]>
              </value>
            </param>
            <param index="1">
              <value>
                <![CDATA["TSDU003 Menampilkan user non active"]]>
              </value>
            </param>
          </params>
          <reporter-output>
          </reporter-output>
        </test-method> <!-- runScenario -->
        <test-method signature="runScenario(io.cucumber.testng.PickleWrapper,io.cucumber.testng.FeatureWrapper)[pri:0, instance:com.sqa.psikotes.framework.runner.TestRunner@2767e23c]" started-at="2022-10-04T10:50:42 WIB" name="runScenario" description="Runs Cucumber Scenarios" data-provider="scenarios" finished-at="2022-10-04T10:50:53 WIB" duration-ms="10800" status="FAIL">
          <params>
            <param index="0">
              <value>
                <![CDATA["TSDU004001 Admin ingin menampilkan beberapa data NON ACTIVE berdasarkan name dan email menggunakan tombol search"]]>
              </value>
            </param>
            <param index="1">
              <value>
                <![CDATA["TSDU004 Mencari user non active"]]>
              </value>
            </param>
          </params>
          <exception class="io.cucumber.testng.UndefinedStepException">
            <message>
              <![CDATA[The step 'TSDU004001 Tampil hasil filter NON ACTIVE User berdasarkan yuhu' is undefined.
You can implement this step using the snippet(s) below:

@Then("TSDU004001 Tampil hasil filter NON ACTIVE User berdasarkan yuhu")
public void tsdu004001_tampil_hasil_filter_non_active_user_berdasarkan_yuhu() {
    // Write code here that turns the phrase above into concrete actions
    throw new io.cucumber.java.PendingException();
}
]]>
            </message>
            <full-stacktrace>
              <![CDATA[io.cucumber.testng.UndefinedStepException: The step 'TSDU004001 Tampil hasil filter NON ACTIVE User berdasarkan yuhu' is undefined.
You can implement this step using the snippet(s) below:

@Then("TSDU004001 Tampil hasil filter NON ACTIVE User berdasarkan yuhu")
public void tsdu004001_tampil_hasil_filter_non_active_user_berdasarkan_yuhu() {
    // Write code here that turns the phrase above into concrete actions
    throw new io.cucumber.java.PendingException();
}

at io.cucumber.core.runtime.TestCaseResultObserver.assertTestCasePassed(TestCaseResultObserver.java:69)
at io.cucumber.testng.TestCaseResultObserver.assertTestCasePassed(TestCaseResultObserver.java:23)
at io.cucumber.testng.TestNGCucumberRunner.lambda$runScenario$1(TestNGCucumberRunner.java:133)
at io.cucumber.core.runtime.CucumberExecutionContext.lambda$runTestCase$5(CucumberExecutionContext.java:129)
at io.cucumber.core.runtime.RethrowingThrowableCollector.executeAndThrow(RethrowingThrowableCollector.java:23)
at io.cucumber.core.runtime.CucumberExecutionContext.runTestCase(CucumberExecutionContext.java:129)
at io.cucumber.testng.TestNGCucumberRunner.runScenario(TestNGCucumberRunner.java:129)
at io.cucumber.testng.AbstractTestNGCucumberTests.runScenario(AbstractTestNGCucumberTests.java:35)
at jdk.internal.reflect.GeneratedMethodAccessor134.invoke(Unknown Source)
at java.base/jdk.internal.reflect.DelegatingMethodAccessorImpl.invoke(DelegatingMethodAccessorImpl.java:43)
at java.base/java.lang.reflect.Method.invoke(Method.java:568)
at org.testng.internal.invokers.MethodInvocationHelper.invokeMethod(MethodInvocationHelper.java:139)
at org.testng.internal.invokers.TestInvoker.invokeMethod(TestInvoker.java:677)
at org.testng.internal.invokers.TestInvoker.invokeTestMethod(TestInvoker.java:221)
at org.testng.internal.invokers.MethodRunner.runInSequence(MethodRunner.java:50)
at org.testng.internal.invokers.TestInvoker$MethodInvocationAgent.invoke(TestInvoker.java:962)
at org.testng.internal.invokers.TestInvoker.invokeTestMethods(TestInvoker.java:194)
at org.testng.internal.invokers.TestMethodWorker.invokeTestMethods(TestMethodWorker.java:148)
at org.testng.internal.invokers.TestMethodWorker.run(TestMethodWorker.java:128)
at java.base/java.util.ArrayList.forEach(ArrayList.java:1511)
at org.testng.TestRunner.privateRun(TestRunner.java:806)
at org.testng.TestRunner.run(TestRunner.java:601)
at org.testng.SuiteRunner.runTest(SuiteRunner.java:433)
at org.testng.SuiteRunner.runSequentially(SuiteRunner.java:427)
at org.testng.SuiteRunner.privateRun(SuiteRunner.java:387)
at org.testng.SuiteRunner.run(SuiteRunner.java:330)
at org.testng.SuiteRunnerWorker.runSuite(SuiteRunnerWorker.java:52)
at org.testng.SuiteRunnerWorker.run(SuiteRunnerWorker.java:95)
at org.testng.TestNG.runSuitesSequentially(TestNG.java:1256)
at org.testng.TestNG.runSuitesLocally(TestNG.java:1176)
at org.testng.TestNG.runSuites(TestNG.java:1099)
at org.testng.TestNG.run(TestNG.java:1067)
at org.testng.remote.AbstractRemoteTestNG.run(AbstractRemoteTestNG.java:115)
at org.testng.remote.RemoteTestNG.initAndRun(RemoteTestNG.java:251)
at org.testng.remote.RemoteTestNG.main(RemoteTestNG.java:77)
]]>
            </full-stacktrace>
          </exception> <!-- io.cucumber.testng.UndefinedStepException -->
          <reporter-output>
          </reporter-output>
        </test-method> <!-- runScenario -->
        <test-method signature="runScenario(io.cucumber.testng.PickleWrapper,io.cucumber.testng.FeatureWrapper)[pri:0, instance:com.sqa.psikotes.framework.runner.TestRunner@2767e23c]" started-at="2022-10-04T10:50:53 WIB" name="runScenario" description="Runs Cucumber Scenarios" data-provider="scenarios" finished-at="2022-10-04T10:51:04 WIB" duration-ms="11212" status="FAIL">
          <params>
            <param index="0">
              <value>
                <![CDATA["TSDU004001 Admin ingin menampilkan beberapa data NON ACTIVE berdasarkan name dan email menggunakan tombol search"]]>
              </value>
            </param>
            <param index="1">
              <value>
                <![CDATA["TSDU004 Mencari user non active"]]>
              </value>
            </param>
          </params>
          <exception class="io.cucumber.testng.UndefinedStepException">
            <message>
              <![CDATA[The step 'TSDU004001 Tampil hasil filter NON ACTIVE User berdasarkan yuh@gmail.com' is undefined.
You can implement this step using the snippet(s) below:

@Then("TSDU004001 Tampil hasil filter NON ACTIVE User berdasarkan yuh@gmail.com")
public void tsdu004001_tampil_hasil_filter_non_active_user_berdasarkan_yuh_gmail_com() {
    // Write code here that turns the phrase above into concrete actions
    throw new io.cucumber.java.PendingException();
}
]]>
            </message>
            <full-stacktrace>
              <![CDATA[io.cucumber.testng.UndefinedStepException: The step 'TSDU004001 Tampil hasil filter NON ACTIVE User berdasarkan yuh@gmail.com' is undefined.
You can implement this step using the snippet(s) below:

@Then("TSDU004001 Tampil hasil filter NON ACTIVE User berdasarkan yuh@gmail.com")
public void tsdu004001_tampil_hasil_filter_non_active_user_berdasarkan_yuh_gmail_com() {
    // Write code here that turns the phrase above into concrete actions
    throw new io.cucumber.java.PendingException();
}

at io.cucumber.core.runtime.TestCaseResultObserver.assertTestCasePassed(TestCaseResultObserver.java:69)
at io.cucumber.testng.TestCaseResultObserver.assertTestCasePassed(TestCaseResultObserver.java:23)
at io.cucumber.testng.TestNGCucumberRunner.lambda$runScenario$1(TestNGCucumberRunner.java:133)
at io.cucumber.core.runtime.CucumberExecutionContext.lambda$runTestCase$5(CucumberExecutionContext.java:129)
at io.cucumber.core.runtime.RethrowingThrowableCollector.executeAndThrow(RethrowingThrowableCollector.java:23)
at io.cucumber.core.runtime.CucumberExecutionContext.runTestCase(CucumberExecutionContext.java:129)
at io.cucumber.testng.TestNGCucumberRunner.runScenario(TestNGCucumberRunner.java:129)
at io.cucumber.testng.AbstractTestNGCucumberTests.runScenario(AbstractTestNGCucumberTests.java:35)
at jdk.internal.reflect.GeneratedMethodAccessor134.invoke(Unknown Source)
at java.base/jdk.internal.reflect.DelegatingMethodAccessorImpl.invoke(DelegatingMethodAccessorImpl.java:43)
at java.base/java.lang.reflect.Method.invoke(Method.java:568)
at org.testng.internal.invokers.MethodInvocationHelper.invokeMethod(MethodInvocationHelper.java:139)
at org.testng.internal.invokers.TestInvoker.invokeMethod(TestInvoker.java:677)
at org.testng.internal.invokers.TestInvoker.invokeTestMethod(TestInvoker.java:221)
at org.testng.internal.invokers.MethodRunner.runInSequence(MethodRunner.java:50)
at org.testng.internal.invokers.TestInvoker$MethodInvocationAgent.invoke(TestInvoker.java:962)
at org.testng.internal.invokers.TestInvoker.invokeTestMethods(TestInvoker.java:194)
at org.testng.internal.invokers.TestMethodWorker.invokeTestMethods(TestMethodWorker.java:148)
at org.testng.internal.invokers.TestMethodWorker.run(TestMethodWorker.java:128)
at java.base/java.util.ArrayList.forEach(ArrayList.java:1511)
at org.testng.TestRunner.privateRun(TestRunner.java:806)
at org.testng.TestRunner.run(TestRunner.java:601)
at org.testng.SuiteRunner.runTest(SuiteRunner.java:433)
at org.testng.SuiteRunner.runSequentially(SuiteRunner.java:427)
at org.testng.SuiteRunner.privateRun(SuiteRunner.java:387)
at org.testng.SuiteRunner.run(SuiteRunner.java:330)
at org.testng.SuiteRunnerWorker.runSuite(SuiteRunnerWorker.java:52)
at org.testng.SuiteRunnerWorker.run(SuiteRunnerWorker.java:95)
at org.testng.TestNG.runSuitesSequentially(TestNG.java:1256)
at org.testng.TestNG.runSuitesLocally(TestNG.java:1176)
at org.testng.TestNG.runSuites(TestNG.java:1099)
at org.testng.TestNG.run(TestNG.java:1067)
at org.testng.remote.AbstractRemoteTestNG.run(AbstractRemoteTestNG.java:115)
at org.testng.remote.RemoteTestNG.initAndRun(RemoteTestNG.java:251)
at org.testng.remote.RemoteTestNG.main(RemoteTestNG.java:77)
]]>
            </full-stacktrace>
          </exception> <!-- io.cucumber.testng.UndefinedStepException -->
          <reporter-output>
          </reporter-output>
        </test-method> <!-- runScenario -->
        <test-method signature="runScenario(io.cucumber.testng.PickleWrapper,io.cucumber.testng.FeatureWrapper)[pri:0, instance:com.sqa.psikotes.framework.runner.TestRunner@2767e23c]" started-at="2022-10-04T10:51:04 WIB" name="runScenario" description="Runs Cucumber Scenarios" data-provider="scenarios" finished-at="2022-10-04T10:51:15 WIB" duration-ms="10872" status="FAIL">
          <params>
            <param index="0">
              <value>
                <![CDATA["TSDU004002 Admin ingin menampilkan beberapa data NON ACTIVE berdasarkan name dan email menggunakan berwarna hijau"]]>
              </value>
            </param>
            <param index="1">
              <value>
                <![CDATA["TSDU004 Mencari user non active"]]>
              </value>
            </param>
          </params>
          <exception class="io.cucumber.testng.UndefinedStepException">
            <message>
              <![CDATA[The step 'TSDU004002 Tampil hasil filter NON ACTIVE User berdasarkan buhi' is undefined.
You can implement this step using the snippet(s) below:

@Then("TSDU004002 Tampil hasil filter NON ACTIVE User berdasarkan buhi")
public void tsdu004002_tampil_hasil_filter_non_active_user_berdasarkan_buhi() {
    // Write code here that turns the phrase above into concrete actions
    throw new io.cucumber.java.PendingException();
}
]]>
            </message>
            <full-stacktrace>
              <![CDATA[io.cucumber.testng.UndefinedStepException: The step 'TSDU004002 Tampil hasil filter NON ACTIVE User berdasarkan buhi' is undefined.
You can implement this step using the snippet(s) below:

@Then("TSDU004002 Tampil hasil filter NON ACTIVE User berdasarkan buhi")
public void tsdu004002_tampil_hasil_filter_non_active_user_berdasarkan_buhi() {
    // Write code here that turns the phrase above into concrete actions
    throw new io.cucumber.java.PendingException();
}

at io.cucumber.core.runtime.TestCaseResultObserver.assertTestCasePassed(TestCaseResultObserver.java:69)
at io.cucumber.testng.TestCaseResultObserver.assertTestCasePassed(TestCaseResultObserver.java:23)
at io.cucumber.testng.TestNGCucumberRunner.lambda$runScenario$1(TestNGCucumberRunner.java:133)
at io.cucumber.core.runtime.CucumberExecutionContext.lambda$runTestCase$5(CucumberExecutionContext.java:129)
at io.cucumber.core.runtime.RethrowingThrowableCollector.executeAndThrow(RethrowingThrowableCollector.java:23)
at io.cucumber.core.runtime.CucumberExecutionContext.runTestCase(CucumberExecutionContext.java:129)
at io.cucumber.testng.TestNGCucumberRunner.runScenario(TestNGCucumberRunner.java:129)
at io.cucumber.testng.AbstractTestNGCucumberTests.runScenario(AbstractTestNGCucumberTests.java:35)
at jdk.internal.reflect.GeneratedMethodAccessor134.invoke(Unknown Source)
at java.base/jdk.internal.reflect.DelegatingMethodAccessorImpl.invoke(DelegatingMethodAccessorImpl.java:43)
at java.base/java.lang.reflect.Method.invoke(Method.java:568)
at org.testng.internal.invokers.MethodInvocationHelper.invokeMethod(MethodInvocationHelper.java:139)
at org.testng.internal.invokers.TestInvoker.invokeMethod(TestInvoker.java:677)
at org.testng.internal.invokers.TestInvoker.invokeTestMethod(TestInvoker.java:221)
at org.testng.internal.invokers.MethodRunner.runInSequence(MethodRunner.java:50)
at org.testng.internal.invokers.TestInvoker$MethodInvocationAgent.invoke(TestInvoker.java:962)
at org.testng.internal.invokers.TestInvoker.invokeTestMethods(TestInvoker.java:194)
at org.testng.internal.invokers.TestMethodWorker.invokeTestMethods(TestMethodWorker.java:148)
at org.testng.internal.invokers.TestMethodWorker.run(TestMethodWorker.java:128)
at java.base/java.util.ArrayList.forEach(ArrayList.java:1511)
at org.testng.TestRunner.privateRun(TestRunner.java:806)
at org.testng.TestRunner.run(TestRunner.java:601)
at org.testng.SuiteRunner.runTest(SuiteRunner.java:433)
at org.testng.SuiteRunner.runSequentially(SuiteRunner.java:427)
at org.testng.SuiteRunner.privateRun(SuiteRunner.java:387)
at org.testng.SuiteRunner.run(SuiteRunner.java:330)
at org.testng.SuiteRunnerWorker.runSuite(SuiteRunnerWorker.java:52)
at org.testng.SuiteRunnerWorker.run(SuiteRunnerWorker.java:95)
at org.testng.TestNG.runSuitesSequentially(TestNG.java:1256)
at org.testng.TestNG.runSuitesLocally(TestNG.java:1176)
at org.testng.TestNG.runSuites(TestNG.java:1099)
at org.testng.TestNG.run(TestNG.java:1067)
at org.testng.remote.AbstractRemoteTestNG.run(AbstractRemoteTestNG.java:115)
at org.testng.remote.RemoteTestNG.initAndRun(RemoteTestNG.java:251)
at org.testng.remote.RemoteTestNG.main(RemoteTestNG.java:77)
]]>
            </full-stacktrace>
          </exception> <!-- io.cucumber.testng.UndefinedStepException -->
          <reporter-output>
          </reporter-output>
        </test-method> <!-- runScenario -->
        <test-method signature="runScenario(io.cucumber.testng.PickleWrapper,io.cucumber.testng.FeatureWrapper)[pri:0, instance:com.sqa.psikotes.framework.runner.TestRunner@2767e23c]" started-at="2022-10-04T10:51:15 WIB" name="runScenario" description="Runs Cucumber Scenarios" data-provider="scenarios" finished-at="2022-10-04T10:51:26 WIB" duration-ms="10808" status="FAIL">
          <params>
            <param index="0">
              <value>
                <![CDATA["TSDU004002 Admin ingin menampilkan beberapa data NON ACTIVE berdasarkan name dan email menggunakan berwarna hijau"]]>
              </value>
            </param>
            <param index="1">
              <value>
                <![CDATA["TSDU004 Mencari user non active"]]>
              </value>
            </param>
          </params>
          <exception class="io.cucumber.testng.UndefinedStepException">
            <message>
              <![CDATA[The step 'TSDU004002 Tampil hasil filter NON ACTIVE User berdasarkan buhi@gmail.com' is undefined.
You can implement this step using the snippet(s) below:

@Then("TSDU004002 Tampil hasil filter NON ACTIVE User berdasarkan buhi@gmail.com")
public void tsdu004002_tampil_hasil_filter_non_active_user_berdasarkan_buhi_gmail_com() {
    // Write code here that turns the phrase above into concrete actions
    throw new io.cucumber.java.PendingException();
}
]]>
            </message>
            <full-stacktrace>
              <![CDATA[io.cucumber.testng.UndefinedStepException: The step 'TSDU004002 Tampil hasil filter NON ACTIVE User berdasarkan buhi@gmail.com' is undefined.
You can implement this step using the snippet(s) below:

@Then("TSDU004002 Tampil hasil filter NON ACTIVE User berdasarkan buhi@gmail.com")
public void tsdu004002_tampil_hasil_filter_non_active_user_berdasarkan_buhi_gmail_com() {
    // Write code here that turns the phrase above into concrete actions
    throw new io.cucumber.java.PendingException();
}

at io.cucumber.core.runtime.TestCaseResultObserver.assertTestCasePassed(TestCaseResultObserver.java:69)
at io.cucumber.testng.TestCaseResultObserver.assertTestCasePassed(TestCaseResultObserver.java:23)
at io.cucumber.testng.TestNGCucumberRunner.lambda$runScenario$1(TestNGCucumberRunner.java:133)
at io.cucumber.core.runtime.CucumberExecutionContext.lambda$runTestCase$5(CucumberExecutionContext.java:129)
at io.cucumber.core.runtime.RethrowingThrowableCollector.executeAndThrow(RethrowingThrowableCollector.java:23)
at io.cucumber.core.runtime.CucumberExecutionContext.runTestCase(CucumberExecutionContext.java:129)
at io.cucumber.testng.TestNGCucumberRunner.runScenario(TestNGCucumberRunner.java:129)
at io.cucumber.testng.AbstractTestNGCucumberTests.runScenario(AbstractTestNGCucumberTests.java:35)
at jdk.internal.reflect.GeneratedMethodAccessor134.invoke(Unknown Source)
at java.base/jdk.internal.reflect.DelegatingMethodAccessorImpl.invoke(DelegatingMethodAccessorImpl.java:43)
at java.base/java.lang.reflect.Method.invoke(Method.java:568)
at org.testng.internal.invokers.MethodInvocationHelper.invokeMethod(MethodInvocationHelper.java:139)
at org.testng.internal.invokers.TestInvoker.invokeMethod(TestInvoker.java:677)
at org.testng.internal.invokers.TestInvoker.invokeTestMethod(TestInvoker.java:221)
at org.testng.internal.invokers.MethodRunner.runInSequence(MethodRunner.java:50)
at org.testng.internal.invokers.TestInvoker$MethodInvocationAgent.invoke(TestInvoker.java:962)
at org.testng.internal.invokers.TestInvoker.invokeTestMethods(TestInvoker.java:194)
at org.testng.internal.invokers.TestMethodWorker.invokeTestMethods(TestMethodWorker.java:148)
at org.testng.internal.invokers.TestMethodWorker.run(TestMethodWorker.java:128)
at java.base/java.util.ArrayList.forEach(ArrayList.java:1511)
at org.testng.TestRunner.privateRun(TestRunner.java:806)
at org.testng.TestRunner.run(TestRunner.java:601)
at org.testng.SuiteRunner.runTest(SuiteRunner.java:433)
at org.testng.SuiteRunner.runSequentially(SuiteRunner.java:427)
at org.testng.SuiteRunner.privateRun(SuiteRunner.java:387)
at org.testng.SuiteRunner.run(SuiteRunner.java:330)
at org.testng.SuiteRunnerWorker.runSuite(SuiteRunnerWorker.java:52)
at org.testng.SuiteRunnerWorker.run(SuiteRunnerWorker.java:95)
at org.testng.TestNG.runSuitesSequentially(TestNG.java:1256)
at org.testng.TestNG.runSuitesLocally(TestNG.java:1176)
at org.testng.TestNG.runSuites(TestNG.java:1099)
at org.testng.TestNG.run(TestNG.java:1067)
at org.testng.remote.AbstractRemoteTestNG.run(AbstractRemoteTestNG.java:115)
at org.testng.remote.RemoteTestNG.initAndRun(RemoteTestNG.java:251)
at org.testng.remote.RemoteTestNG.main(RemoteTestNG.java:77)
]]>
            </full-stacktrace>
          </exception> <!-- io.cucumber.testng.UndefinedStepException -->
          <reporter-output>
          </reporter-output>
        </test-method> <!-- runScenario -->
        <test-method signature="runScenario(io.cucumber.testng.PickleWrapper,io.cucumber.testng.FeatureWrapper)[pri:0, instance:com.sqa.psikotes.framework.runner.TestRunner@2767e23c]" started-at="2022-10-04T10:51:26 WIB" name="runScenario" description="Runs Cucumber Scenarios" data-provider="scenarios" finished-at="2022-10-04T10:51:35 WIB" duration-ms="8751" status="FAIL">
          <params>
            <param index="0">
              <value>
                <![CDATA["TSDU004003 Admin ingin menampilkan beberapa data NON ACTIVE berdasarkan name dan email menggunakan enter pada keyboard"]]>
              </value>
            </param>
            <param index="1">
              <value>
                <![CDATA["TSDU004 Mencari user non active"]]>
              </value>
            </param>
          </params>
          <exception class="io.cucumber.testng.UndefinedStepException">
            <message>
              <![CDATA[The step 'TSDU004003 Tampil hasil filter NON ACTIVE User berdasarkan kuma' is undefined.
You can implement this step using the snippet(s) below:

@Then("TSDU004003 Tampil hasil filter NON ACTIVE User berdasarkan kuma")
public void tsdu004003_tampil_hasil_filter_non_active_user_berdasarkan_kuma() {
    // Write code here that turns the phrase above into concrete actions
    throw new io.cucumber.java.PendingException();
}
]]>
            </message>
            <full-stacktrace>
              <![CDATA[io.cucumber.testng.UndefinedStepException: The step 'TSDU004003 Tampil hasil filter NON ACTIVE User berdasarkan kuma' is undefined.
You can implement this step using the snippet(s) below:

@Then("TSDU004003 Tampil hasil filter NON ACTIVE User berdasarkan kuma")
public void tsdu004003_tampil_hasil_filter_non_active_user_berdasarkan_kuma() {
    // Write code here that turns the phrase above into concrete actions
    throw new io.cucumber.java.PendingException();
}

at io.cucumber.core.runtime.TestCaseResultObserver.assertTestCasePassed(TestCaseResultObserver.java:69)
at io.cucumber.testng.TestCaseResultObserver.assertTestCasePassed(TestCaseResultObserver.java:23)
at io.cucumber.testng.TestNGCucumberRunner.lambda$runScenario$1(TestNGCucumberRunner.java:133)
at io.cucumber.core.runtime.CucumberExecutionContext.lambda$runTestCase$5(CucumberExecutionContext.java:129)
at io.cucumber.core.runtime.RethrowingThrowableCollector.executeAndThrow(RethrowingThrowableCollector.java:23)
at io.cucumber.core.runtime.CucumberExecutionContext.runTestCase(CucumberExecutionContext.java:129)
at io.cucumber.testng.TestNGCucumberRunner.runScenario(TestNGCucumberRunner.java:129)
at io.cucumber.testng.AbstractTestNGCucumberTests.runScenario(AbstractTestNGCucumberTests.java:35)
at jdk.internal.reflect.GeneratedMethodAccessor134.invoke(Unknown Source)
at java.base/jdk.internal.reflect.DelegatingMethodAccessorImpl.invoke(DelegatingMethodAccessorImpl.java:43)
at java.base/java.lang.reflect.Method.invoke(Method.java:568)
at org.testng.internal.invokers.MethodInvocationHelper.invokeMethod(MethodInvocationHelper.java:139)
at org.testng.internal.invokers.TestInvoker.invokeMethod(TestInvoker.java:677)
at org.testng.internal.invokers.TestInvoker.invokeTestMethod(TestInvoker.java:221)
at org.testng.internal.invokers.MethodRunner.runInSequence(MethodRunner.java:50)
at org.testng.internal.invokers.TestInvoker$MethodInvocationAgent.invoke(TestInvoker.java:962)
at org.testng.internal.invokers.TestInvoker.invokeTestMethods(TestInvoker.java:194)
at org.testng.internal.invokers.TestMethodWorker.invokeTestMethods(TestMethodWorker.java:148)
at org.testng.internal.invokers.TestMethodWorker.run(TestMethodWorker.java:128)
at java.base/java.util.ArrayList.forEach(ArrayList.java:1511)
at org.testng.TestRunner.privateRun(TestRunner.java:806)
at org.testng.TestRunner.run(TestRunner.java:601)
at org.testng.SuiteRunner.runTest(SuiteRunner.java:433)
at org.testng.SuiteRunner.runSequentially(SuiteRunner.java:427)
at org.testng.SuiteRunner.privateRun(SuiteRunner.java:387)
at org.testng.SuiteRunner.run(SuiteRunner.java:330)
at org.testng.SuiteRunnerWorker.runSuite(SuiteRunnerWorker.java:52)
at org.testng.SuiteRunnerWorker.run(SuiteRunnerWorker.java:95)
at org.testng.TestNG.runSuitesSequentially(TestNG.java:1256)
at org.testng.TestNG.runSuitesLocally(TestNG.java:1176)
at org.testng.TestNG.runSuites(TestNG.java:1099)
at org.testng.TestNG.run(TestNG.java:1067)
at org.testng.remote.AbstractRemoteTestNG.run(AbstractRemoteTestNG.java:115)
at org.testng.remote.RemoteTestNG.initAndRun(RemoteTestNG.java:251)
at org.testng.remote.RemoteTestNG.main(RemoteTestNG.java:77)
]]>
            </full-stacktrace>
          </exception> <!-- io.cucumber.testng.UndefinedStepException -->
          <reporter-output>
          </reporter-output>
        </test-method> <!-- runScenario -->
        <test-method signature="runScenario(io.cucumber.testng.PickleWrapper,io.cucumber.testng.FeatureWrapper)[pri:0, instance:com.sqa.psikotes.framework.runner.TestRunner@2767e23c]" started-at="2022-10-04T10:51:35 WIB" name="runScenario" description="Runs Cucumber Scenarios" data-provider="scenarios" finished-at="2022-10-04T10:51:43 WIB" duration-ms="8766" status="FAIL">
          <params>
            <param index="0">
              <value>
                <![CDATA["TSDU004003 Admin ingin menampilkan beberapa data NON ACTIVE berdasarkan name dan email menggunakan enter pada keyboard"]]>
              </value>
            </param>
            <param index="1">
              <value>
                <![CDATA["TSDU004 Mencari user non active"]]>
              </value>
            </param>
          </params>
          <exception class="io.cucumber.testng.UndefinedStepException">
            <message>
              <![CDATA[The step 'TSDU004003 Tampil hasil filter NON ACTIVE User berdasarkan kuma@gmail.com' is undefined.
You can implement this step using the snippet(s) below:

@Then("TSDU004003 Tampil hasil filter NON ACTIVE User berdasarkan kuma@gmail.com")
public void tsdu004003_tampil_hasil_filter_non_active_user_berdasarkan_kuma_gmail_com() {
    // Write code here that turns the phrase above into concrete actions
    throw new io.cucumber.java.PendingException();
}
]]>
            </message>
            <full-stacktrace>
              <![CDATA[io.cucumber.testng.UndefinedStepException: The step 'TSDU004003 Tampil hasil filter NON ACTIVE User berdasarkan kuma@gmail.com' is undefined.
You can implement this step using the snippet(s) below:

@Then("TSDU004003 Tampil hasil filter NON ACTIVE User berdasarkan kuma@gmail.com")
public void tsdu004003_tampil_hasil_filter_non_active_user_berdasarkan_kuma_gmail_com() {
    // Write code here that turns the phrase above into concrete actions
    throw new io.cucumber.java.PendingException();
}

at io.cucumber.core.runtime.TestCaseResultObserver.assertTestCasePassed(TestCaseResultObserver.java:69)
at io.cucumber.testng.TestCaseResultObserver.assertTestCasePassed(TestCaseResultObserver.java:23)
at io.cucumber.testng.TestNGCucumberRunner.lambda$runScenario$1(TestNGCucumberRunner.java:133)
at io.cucumber.core.runtime.CucumberExecutionContext.lambda$runTestCase$5(CucumberExecutionContext.java:129)
at io.cucumber.core.runtime.RethrowingThrowableCollector.executeAndThrow(RethrowingThrowableCollector.java:23)
at io.cucumber.core.runtime.CucumberExecutionContext.runTestCase(CucumberExecutionContext.java:129)
at io.cucumber.testng.TestNGCucumberRunner.runScenario(TestNGCucumberRunner.java:129)
at io.cucumber.testng.AbstractTestNGCucumberTests.runScenario(AbstractTestNGCucumberTests.java:35)
at jdk.internal.reflect.GeneratedMethodAccessor134.invoke(Unknown Source)
at java.base/jdk.internal.reflect.DelegatingMethodAccessorImpl.invoke(DelegatingMethodAccessorImpl.java:43)
at java.base/java.lang.reflect.Method.invoke(Method.java:568)
at org.testng.internal.invokers.MethodInvocationHelper.invokeMethod(MethodInvocationHelper.java:139)
at org.testng.internal.invokers.TestInvoker.invokeMethod(TestInvoker.java:677)
at org.testng.internal.invokers.TestInvoker.invokeTestMethod(TestInvoker.java:221)
at org.testng.internal.invokers.MethodRunner.runInSequence(MethodRunner.java:50)
at org.testng.internal.invokers.TestInvoker$MethodInvocationAgent.invoke(TestInvoker.java:962)
at org.testng.internal.invokers.TestInvoker.invokeTestMethods(TestInvoker.java:194)
at org.testng.internal.invokers.TestMethodWorker.invokeTestMethods(TestMethodWorker.java:148)
at org.testng.internal.invokers.TestMethodWorker.run(TestMethodWorker.java:128)
at java.base/java.util.ArrayList.forEach(ArrayList.java:1511)
at org.testng.TestRunner.privateRun(TestRunner.java:806)
at org.testng.TestRunner.run(TestRunner.java:601)
at org.testng.SuiteRunner.runTest(SuiteRunner.java:433)
at org.testng.SuiteRunner.runSequentially(SuiteRunner.java:427)
at org.testng.SuiteRunner.privateRun(SuiteRunner.java:387)
at org.testng.SuiteRunner.run(SuiteRunner.java:330)
at org.testng.SuiteRunnerWorker.runSuite(SuiteRunnerWorker.java:52)
at org.testng.SuiteRunnerWorker.run(SuiteRunnerWorker.java:95)
at org.testng.TestNG.runSuitesSequentially(TestNG.java:1256)
at org.testng.TestNG.runSuitesLocally(TestNG.java:1176)
at org.testng.TestNG.runSuites(TestNG.java:1099)
at org.testng.TestNG.run(TestNG.java:1067)
at org.testng.remote.AbstractRemoteTestNG.run(AbstractRemoteTestNG.java:115)
at org.testng.remote.RemoteTestNG.initAndRun(RemoteTestNG.java:251)
at org.testng.remote.RemoteTestNG.main(RemoteTestNG.java:77)
]]>
            </full-stacktrace>
          </exception> <!-- io.cucumber.testng.UndefinedStepException -->
          <reporter-output>
          </reporter-output>
        </test-method> <!-- runScenario -->
        <test-method signature="runScenario(io.cucumber.testng.PickleWrapper,io.cucumber.testng.FeatureWrapper)[pri:0, instance:com.sqa.psikotes.framework.runner.TestRunner@2767e23c]" started-at="2022-10-04T10:51:43 WIB" name="runScenario" description="Runs Cucumber Scenarios" data-provider="scenarios" finished-at="2022-10-04T10:51:43 WIB" duration-ms="42" status="FAIL">
          <params>
            <param index="0">
              <value>
                <![CDATA["TSDU005001 Admin ingin menampilkan semua data ACTIVE Users"]]>
              </value>
            </param>
            <param index="1">
              <value>
                <![CDATA["TSDU005 Menampilkan user active"]]>
              </value>
            </param>
          </params>
          <exception class="io.cucumber.testng.UndefinedStepException">
            <message>
              <![CDATA[The step 'TSDU005 Admin harus membuka halaman  data users' and 3 other step(s) are undefined.
You can implement these steps using the snippet(s) below:

@Given("TSDU005 Admin harus membuka halaman  data users")
public void tsdu005_admin_harus_membuka_halaman_data_users() {
    // Write code here that turns the phrase above into concrete actions
    throw new io.cucumber.java.PendingException();
}
@When("TSDU005001 Admin klik tombol untuk dropdown yang ada di sebelah kanan search field")
public void tsdu005001_admin_klik_tombol_untuk_dropdown_yang_ada_di_sebelah_kanan_search_field() {
    // Write code here that turns the phrase above into concrete actions
    throw new io.cucumber.java.PendingException();
}
@When("TSDU005001 Admin memilih ACTIVE")
public void tsdu005001_admin_memilih_active() {
    // Write code here that turns the phrase above into concrete actions
    throw new io.cucumber.java.PendingException();
}
@Then("TSDU005001 Tampil status ACTIVE")
public void tsdu005001_tampil_status_active() {
    // Write code here that turns the phrase above into concrete actions
    throw new io.cucumber.java.PendingException();
}
]]>
            </message>
            <full-stacktrace>
              <![CDATA[io.cucumber.testng.UndefinedStepException: The step 'TSDU005 Admin harus membuka halaman  data users' and 3 other step(s) are undefined.
You can implement these steps using the snippet(s) below:

@Given("TSDU005 Admin harus membuka halaman  data users")
public void tsdu005_admin_harus_membuka_halaman_data_users() {
    // Write code here that turns the phrase above into concrete actions
    throw new io.cucumber.java.PendingException();
}
@When("TSDU005001 Admin klik tombol untuk dropdown yang ada di sebelah kanan search field")
public void tsdu005001_admin_klik_tombol_untuk_dropdown_yang_ada_di_sebelah_kanan_search_field() {
    // Write code here that turns the phrase above into concrete actions
    throw new io.cucumber.java.PendingException();
}
@When("TSDU005001 Admin memilih ACTIVE")
public void tsdu005001_admin_memilih_active() {
    // Write code here that turns the phrase above into concrete actions
    throw new io.cucumber.java.PendingException();
}
@Then("TSDU005001 Tampil status ACTIVE")
public void tsdu005001_tampil_status_active() {
    // Write code here that turns the phrase above into concrete actions
    throw new io.cucumber.java.PendingException();
}

at io.cucumber.core.runtime.TestCaseResultObserver.assertTestCasePassed(TestCaseResultObserver.java:69)
at io.cucumber.testng.TestCaseResultObserver.assertTestCasePassed(TestCaseResultObserver.java:23)
at io.cucumber.testng.TestNGCucumberRunner.lambda$runScenario$1(TestNGCucumberRunner.java:133)
at io.cucumber.core.runtime.CucumberExecutionContext.lambda$runTestCase$5(CucumberExecutionContext.java:129)
at io.cucumber.core.runtime.RethrowingThrowableCollector.executeAndThrow(RethrowingThrowableCollector.java:23)
at io.cucumber.core.runtime.CucumberExecutionContext.runTestCase(CucumberExecutionContext.java:129)
at io.cucumber.testng.TestNGCucumberRunner.runScenario(TestNGCucumberRunner.java:129)
at io.cucumber.testng.AbstractTestNGCucumberTests.runScenario(AbstractTestNGCucumberTests.java:35)
at jdk.internal.reflect.GeneratedMethodAccessor134.invoke(Unknown Source)
at java.base/jdk.internal.reflect.DelegatingMethodAccessorImpl.invoke(DelegatingMethodAccessorImpl.java:43)
at java.base/java.lang.reflect.Method.invoke(Method.java:568)
at org.testng.internal.invokers.MethodInvocationHelper.invokeMethod(MethodInvocationHelper.java:139)
at org.testng.internal.invokers.TestInvoker.invokeMethod(TestInvoker.java:677)
at org.testng.internal.invokers.TestInvoker.invokeTestMethod(TestInvoker.java:221)
at org.testng.internal.invokers.MethodRunner.runInSequence(MethodRunner.java:50)
at org.testng.internal.invokers.TestInvoker$MethodInvocationAgent.invoke(TestInvoker.java:962)
at org.testng.internal.invokers.TestInvoker.invokeTestMethods(TestInvoker.java:194)
at org.testng.internal.invokers.TestMethodWorker.invokeTestMethods(TestMethodWorker.java:148)
at org.testng.internal.invokers.TestMethodWorker.run(TestMethodWorker.java:128)
at java.base/java.util.ArrayList.forEach(ArrayList.java:1511)
at org.testng.TestRunner.privateRun(TestRunner.java:806)
at org.testng.TestRunner.run(TestRunner.java:601)
at org.testng.SuiteRunner.runTest(SuiteRunner.java:433)
at org.testng.SuiteRunner.runSequentially(SuiteRunner.java:427)
at org.testng.SuiteRunner.privateRun(SuiteRunner.java:387)
at org.testng.SuiteRunner.run(SuiteRunner.java:330)
at org.testng.SuiteRunnerWorker.runSuite(SuiteRunnerWorker.java:52)
at org.testng.SuiteRunnerWorker.run(SuiteRunnerWorker.java:95)
at org.testng.TestNG.runSuitesSequentially(TestNG.java:1256)
at org.testng.TestNG.runSuitesLocally(TestNG.java:1176)
at org.testng.TestNG.runSuites(TestNG.java:1099)
at org.testng.TestNG.run(TestNG.java:1067)
at org.testng.remote.AbstractRemoteTestNG.run(AbstractRemoteTestNG.java:115)
at org.testng.remote.RemoteTestNG.initAndRun(RemoteTestNG.java:251)
at org.testng.remote.RemoteTestNG.main(RemoteTestNG.java:77)
]]>
            </full-stacktrace>
          </exception> <!-- io.cucumber.testng.UndefinedStepException -->
          <reporter-output>
          </reporter-output>
        </test-method> <!-- runScenario -->
        <test-method signature="runScenario(io.cucumber.testng.PickleWrapper,io.cucumber.testng.FeatureWrapper)[pri:0, instance:com.sqa.psikotes.framework.runner.TestRunner@2767e23c]" started-at="2022-10-04T10:51:43 WIB" name="runScenario" description="Runs Cucumber Scenarios" data-provider="scenarios" finished-at="2022-10-04T10:51:56 WIB" duration-ms="12909" status="PASS">
          <params>
            <param index="0">
              <value>
                <![CDATA["TSDU006001 Admin ingin menampilkan beberapa data ACTIVE berdasarkan name dan email menggunakan tombol search"]]>
              </value>
            </param>
            <param index="1">
              <value>
                <![CDATA["TSDU006 Mencari user active"]]>
              </value>
            </param>
          </params>
          <reporter-output>
          </reporter-output>
        </test-method> <!-- runScenario -->
        <test-method signature="runScenario(io.cucumber.testng.PickleWrapper,io.cucumber.testng.FeatureWrapper)[pri:0, instance:com.sqa.psikotes.framework.runner.TestRunner@2767e23c]" started-at="2022-10-04T10:51:56 WIB" name="runScenario" description="Runs Cucumber Scenarios" data-provider="scenarios" finished-at="2022-10-04T10:52:09 WIB" duration-ms="12914" status="PASS">
          <params>
            <param index="0">
              <value>
                <![CDATA["TSDU006001 Admin ingin menampilkan beberapa data ACTIVE berdasarkan name dan email menggunakan tombol search"]]>
              </value>
            </param>
            <param index="1">
              <value>
                <![CDATA["TSDU006 Mencari user active"]]>
              </value>
            </param>
          </params>
          <reporter-output>
          </reporter-output>
        </test-method> <!-- runScenario -->
        <test-method signature="runScenario(io.cucumber.testng.PickleWrapper,io.cucumber.testng.FeatureWrapper)[pri:0, instance:com.sqa.psikotes.framework.runner.TestRunner@2767e23c]" started-at="2022-10-04T10:52:09 WIB" name="runScenario" description="Runs Cucumber Scenarios" data-provider="scenarios" finished-at="2022-10-04T10:52:22 WIB" duration-ms="12878" status="PASS">
          <params>
            <param index="0">
              <value>
                <![CDATA["TSDU006002 Admin ingin menampilkan beberapa data ACTIVE berdasarkan name dan email menggunakan berwarna hijau"]]>
              </value>
            </param>
            <param index="1">
              <value>
                <![CDATA["TSDU006 Mencari user active"]]>
              </value>
            </param>
          </params>
          <reporter-output>
          </reporter-output>
        </test-method> <!-- runScenario -->
        <test-method signature="runScenario(io.cucumber.testng.PickleWrapper,io.cucumber.testng.FeatureWrapper)[pri:0, instance:com.sqa.psikotes.framework.runner.TestRunner@2767e23c]" started-at="2022-10-04T10:52:22 WIB" name="runScenario" description="Runs Cucumber Scenarios" data-provider="scenarios" finished-at="2022-10-04T10:52:35 WIB" duration-ms="12903" status="PASS">
          <params>
            <param index="0">
              <value>
                <![CDATA["TSDU006002 Admin ingin menampilkan beberapa data ACTIVE berdasarkan name dan email menggunakan berwarna hijau"]]>
              </value>
            </param>
            <param index="1">
              <value>
                <![CDATA["TSDU006 Mencari user active"]]>
              </value>
            </param>
          </params>
          <reporter-output>
          </reporter-output>
        </test-method> <!-- runScenario -->
        <test-method signature="runScenario(io.cucumber.testng.PickleWrapper,io.cucumber.testng.FeatureWrapper)[pri:0, instance:com.sqa.psikotes.framework.runner.TestRunner@2767e23c]" started-at="2022-10-04T10:52:35 WIB" name="runScenario" description="Runs Cucumber Scenarios" data-provider="scenarios" finished-at="2022-10-04T10:52:48 WIB" duration-ms="12927" status="PASS">
          <params>
            <param index="0">
              <value>
                <![CDATA["TSDU006003 Admin ingin menampilkan beberapa data ACTIVE berdasarkan name dan email menggunakan enter pada keyboard"]]>
              </value>
            </param>
            <param index="1">
              <value>
                <![CDATA["TSDU006 Mencari user active"]]>
              </value>
            </param>
          </params>
          <reporter-output>
          </reporter-output>
        </test-method> <!-- runScenario -->
        <test-method signature="runScenario(io.cucumber.testng.PickleWrapper,io.cucumber.testng.FeatureWrapper)[pri:0, instance:com.sqa.psikotes.framework.runner.TestRunner@2767e23c]" started-at="2022-10-04T10:52:48 WIB" name="runScenario" description="Runs Cucumber Scenarios" data-provider="scenarios" finished-at="2022-10-04T10:53:01 WIB" duration-ms="12929" status="PASS">
          <params>
            <param index="0">
              <value>
                <![CDATA["TSDU006003 Admin ingin menampilkan beberapa data ACTIVE berdasarkan name dan email menggunakan enter pada keyboard"]]>
              </value>
            </param>
            <param index="1">
              <value>
                <![CDATA["TSDU006 Mencari user active"]]>
              </value>
            </param>
          </params>
          <reporter-output>
          </reporter-output>
        </test-method> <!-- runScenario -->
        <test-method signature="runScenario(io.cucumber.testng.PickleWrapper,io.cucumber.testng.FeatureWrapper)[pri:0, instance:com.sqa.psikotes.framework.runner.TestRunner@2767e23c]" started-at="2022-10-04T10:53:01 WIB" name="runScenario" description="Runs Cucumber Scenarios" data-provider="scenarios" finished-at="2022-10-04T10:53:12 WIB" duration-ms="10714" status="PASS">
          <params>
            <param index="0">
              <value>
                <![CDATA["TSDU007001 Admin ingin melihat detail salah satu Data Users"]]>
              </value>
            </param>
            <param index="1">
              <value>
                <![CDATA["TSDU007 Melihat detail user"]]>
              </value>
            </param>
          </params>
          <reporter-output>
          </reporter-output>
        </test-method> <!-- runScenario -->
        <test-method signature="runScenario(io.cucumber.testng.PickleWrapper,io.cucumber.testng.FeatureWrapper)[pri:0, instance:com.sqa.psikotes.framework.runner.TestRunner@2767e23c]" started-at="2022-10-04T10:53:12 WIB" name="runScenario" description="Runs Cucumber Scenarios" data-provider="scenarios" finished-at="2022-10-04T10:53:25 WIB" duration-ms="12867" status="PASS">
          <params>
            <param index="0">
              <value>
                <![CDATA["TSDU008001 Admin klik  icon edit"]]>
              </value>
            </param>
            <param index="1">
              <value>
                <![CDATA["TSDU008 Edit user non active"]]>
              </value>
            </param>
          </params>
          <reporter-output>
          </reporter-output>
        </test-method> <!-- runScenario -->
        <test-method signature="runScenario(io.cucumber.testng.PickleWrapper,io.cucumber.testng.FeatureWrapper)[pri:0, instance:com.sqa.psikotes.framework.runner.TestRunner@2767e23c]" started-at="2022-10-04T10:53:25 WIB" name="runScenario" description="Runs Cucumber Scenarios" data-provider="scenarios" finished-at="2022-10-04T10:53:42 WIB" duration-ms="17066" status="PASS">
          <params>
            <param index="0">
              <value>
                <![CDATA["TSDU008002 Admin edit status User dari NON ACTIVE menjadi ACTIVE dan cek validasi dari pop up"]]>
              </value>
            </param>
            <param index="1">
              <value>
                <![CDATA["TSDU008 Edit user non active"]]>
              </value>
            </param>
          </params>
          <reporter-output>
          </reporter-output>
        </test-method> <!-- runScenario -->
        <test-method signature="runScenario(io.cucumber.testng.PickleWrapper,io.cucumber.testng.FeatureWrapper)[pri:0, instance:com.sqa.psikotes.framework.runner.TestRunner@2767e23c]" started-at="2022-10-04T10:53:42 WIB" name="runScenario" description="Runs Cucumber Scenarios" data-provider="scenarios" finished-at="2022-10-04T10:54:11 WIB" duration-ms="29725" status="PASS">
          <params>
            <param index="0">
              <value>
                <![CDATA["TSDU008003 Admin edit status User dari NON ACTIVE menjadi ACTIVE dan cek validasi dari tabel active"]]>
              </value>
            </param>
            <param index="1">
              <value>
                <![CDATA["TSDU008 Edit user non active"]]>
              </value>
            </param>
          </params>
          <reporter-output>
          </reporter-output>
        </test-method> <!-- runScenario -->
        <test-method signature="runScenario(io.cucumber.testng.PickleWrapper,io.cucumber.testng.FeatureWrapper)[pri:0, instance:com.sqa.psikotes.framework.runner.TestRunner@2767e23c]" started-at="2022-10-04T10:54:11 WIB" name="runScenario" description="Runs Cucumber Scenarios" data-provider="scenarios" finished-at="2022-10-04T10:54:30 WIB" duration-ms="18496" status="PASS">
          <params>
            <param index="0">
              <value>
                <![CDATA["TSDU008004 Admin edit kategori dengan mencentang kategori STAFF di status User NON ACTIVE"]]>
              </value>
            </param>
            <param index="1">
              <value>
                <![CDATA["TSDU008 Edit user non active"]]>
              </value>
            </param>
          </params>
          <reporter-output>
          </reporter-output>
        </test-method> <!-- runScenario -->
        <test-method signature="runScenario(io.cucumber.testng.PickleWrapper,io.cucumber.testng.FeatureWrapper)[pri:0, instance:com.sqa.psikotes.framework.runner.TestRunner@2767e23c]" started-at="2022-10-04T10:54:30 WIB" name="runScenario" description="Runs Cucumber Scenarios" data-provider="scenarios" finished-at="2022-10-04T10:54:48 WIB" duration-ms="18608" status="PASS">
          <params>
            <param index="0">
              <value>
                <![CDATA["TSDU008005 Admin edit kategori dengan mencentang kategori LEADER di status User NON ACTIVE"]]>
              </value>
            </param>
            <param index="1">
              <value>
                <![CDATA["TSDU008 Edit user non active"]]>
              </value>
            </param>
          </params>
          <reporter-output>
          </reporter-output>
        </test-method> <!-- runScenario -->
        <test-method signature="runScenario(io.cucumber.testng.PickleWrapper,io.cucumber.testng.FeatureWrapper)[pri:0, instance:com.sqa.psikotes.framework.runner.TestRunner@2767e23c]" started-at="2022-10-04T10:54:48 WIB" name="runScenario" description="Runs Cucumber Scenarios" data-provider="scenarios" finished-at="2022-10-04T10:55:07 WIB" duration-ms="18480" status="PASS">
          <params>
            <param index="0">
              <value>
                <![CDATA["TSDU008006 Admin edit kategori dengan menghilangkan centang kategori STAFF di status User NON ACTIVE"]]>
              </value>
            </param>
            <param index="1">
              <value>
                <![CDATA["TSDU008 Edit user non active"]]>
              </value>
            </param>
          </params>
          <reporter-output>
          </reporter-output>
        </test-method> <!-- runScenario -->
        <test-method signature="runScenario(io.cucumber.testng.PickleWrapper,io.cucumber.testng.FeatureWrapper)[pri:0, instance:com.sqa.psikotes.framework.runner.TestRunner@2767e23c]" started-at="2022-10-04T10:55:07 WIB" name="runScenario" description="Runs Cucumber Scenarios" data-provider="scenarios" finished-at="2022-10-04T10:55:25 WIB" duration-ms="18185" status="PASS">
          <params>
            <param index="0">
              <value>
                <![CDATA["TSDU008007 Admin edit kategori dengan menghilangkan centang kategori LEADER di status User NON ACTIVE"]]>
              </value>
            </param>
            <param index="1">
              <value>
                <![CDATA["TSDU008 Edit user non active"]]>
              </value>
            </param>
          </params>
          <reporter-output>
          </reporter-output>
        </test-method> <!-- runScenario -->
        <test-method signature="runScenario(io.cucumber.testng.PickleWrapper,io.cucumber.testng.FeatureWrapper)[pri:0, instance:com.sqa.psikotes.framework.runner.TestRunner@2767e23c]" started-at="2022-10-04T10:55:25 WIB" name="runScenario" description="Runs Cucumber Scenarios" data-provider="scenarios" finished-at="2022-10-04T10:55:44 WIB" duration-ms="19194" status="PASS">
          <params>
            <param index="0">
              <value>
                <![CDATA["TSDU008008 Admin edit kategori dengan mencentang kategori STAFF dan LEADER di status User NON ACTIVE"]]>
              </value>
            </param>
            <param index="1">
              <value>
                <![CDATA["TSDU008 Edit user non active"]]>
              </value>
            </param>
          </params>
          <reporter-output>
          </reporter-output>
        </test-method> <!-- runScenario -->
        <test-method signature="runScenario(io.cucumber.testng.PickleWrapper,io.cucumber.testng.FeatureWrapper)[pri:0, instance:com.sqa.psikotes.framework.runner.TestRunner@2767e23c]" started-at="2022-10-04T10:55:44 WIB" name="runScenario" description="Runs Cucumber Scenarios" data-provider="scenarios" finished-at="2022-10-04T10:56:03 WIB" duration-ms="19144" status="PASS">
          <params>
            <param index="0">
              <value>
                <![CDATA["TSDU008009 Admin edit kategori dengan menghilangkan centang kategori STAFF dan LEADER di status User NON ACTIVE"]]>
              </value>
            </param>
            <param index="1">
              <value>
                <![CDATA["TSDU008 Edit user non active"]]>
              </value>
            </param>
          </params>
          <reporter-output>
          </reporter-output>
        </test-method> <!-- runScenario -->
        <test-method signature="runScenario(io.cucumber.testng.PickleWrapper,io.cucumber.testng.FeatureWrapper)[pri:0, instance:com.sqa.psikotes.framework.runner.TestRunner@2767e23c]" started-at="2022-10-04T10:56:03 WIB" name="runScenario" description="Runs Cucumber Scenarios" data-provider="scenarios" finished-at="2022-10-04T10:56:21 WIB" duration-ms="17146" status="PASS">
          <params>
            <param index="0">
              <value>
                <![CDATA["TSDU009001 Admin edit status User dari ACTIVE menjadi NON ACTIVE dan cek validasi dari pop up"]]>
              </value>
            </param>
            <param index="1">
              <value>
                <![CDATA["TSDU009 Edit user active"]]>
              </value>
            </param>
          </params>
          <reporter-output>
          </reporter-output>
        </test-method> <!-- runScenario -->
        <test-method signature="runScenario(io.cucumber.testng.PickleWrapper,io.cucumber.testng.FeatureWrapper)[pri:0, instance:com.sqa.psikotes.framework.runner.TestRunner@2767e23c]" started-at="2022-10-04T10:56:21 WIB" name="runScenario" description="Runs Cucumber Scenarios" data-provider="scenarios" finished-at="2022-10-04T10:56:51 WIB" duration-ms="29919" status="PASS">
          <params>
            <param index="0">
              <value>
                <![CDATA["TSDU009002 Admin edit status User dari ACTIVE menjadi NON ACTIVE dan cek validasi dari tabel active"]]>
              </value>
            </param>
            <param index="1">
              <value>
                <![CDATA["TSDU009 Edit user active"]]>
              </value>
            </param>
          </params>
          <reporter-output>
          </reporter-output>
        </test-method> <!-- runScenario -->
        <test-method signature="runScenario(io.cucumber.testng.PickleWrapper,io.cucumber.testng.FeatureWrapper)[pri:0, instance:com.sqa.psikotes.framework.runner.TestRunner@2767e23c]" started-at="2022-10-04T10:56:51 WIB" name="runScenario" description="Runs Cucumber Scenarios" data-provider="scenarios" finished-at="2022-10-04T10:57:11 WIB" duration-ms="20069" status="PASS">
          <params>
            <param index="0">
              <value>
                <![CDATA["TSDU009003 Admin edit kategori dengan mencentang kategori STAFF di status User ACTIVE"]]>
              </value>
            </param>
            <param index="1">
              <value>
                <![CDATA["TSDU009 Edit user active"]]>
              </value>
            </param>
          </params>
          <reporter-output>
          </reporter-output>
        </test-method> <!-- runScenario -->
        <test-method signature="runScenario(io.cucumber.testng.PickleWrapper,io.cucumber.testng.FeatureWrapper)[pri:0, instance:com.sqa.psikotes.framework.runner.TestRunner@2767e23c]" started-at="2022-10-04T10:57:11 WIB" name="runScenario" description="Runs Cucumber Scenarios" data-provider="scenarios" finished-at="2022-10-04T10:57:29 WIB" duration-ms="18157" status="PASS">
          <params>
            <param index="0">
              <value>
                <![CDATA["TSDU009004 Admin edit kategori dengan mencentang kategori LEADER di status User ACTIVE"]]>
              </value>
            </param>
            <param index="1">
              <value>
                <![CDATA["TSDU009 Edit user active"]]>
              </value>
            </param>
          </params>
          <reporter-output>
          </reporter-output>
        </test-method> <!-- runScenario -->
        <test-method signature="runScenario(io.cucumber.testng.PickleWrapper,io.cucumber.testng.FeatureWrapper)[pri:0, instance:com.sqa.psikotes.framework.runner.TestRunner@2767e23c]" started-at="2022-10-04T10:57:29 WIB" name="runScenario" description="Runs Cucumber Scenarios" data-provider="scenarios" finished-at="2022-10-04T10:57:47 WIB" duration-ms="18180" status="PASS">
          <params>
            <param index="0">
              <value>
                <![CDATA["TSDU009005 Admin edit kategori dengan menghilangkan centang kategori STAFF di status User NON ACTIVE"]]>
              </value>
            </param>
            <param index="1">
              <value>
                <![CDATA["TSDU009 Edit user active"]]>
              </value>
            </param>
          </params>
          <reporter-output>
          </reporter-output>
        </test-method> <!-- runScenario -->
        <test-method signature="runScenario(io.cucumber.testng.PickleWrapper,io.cucumber.testng.FeatureWrapper)[pri:0, instance:com.sqa.psikotes.framework.runner.TestRunner@2767e23c]" started-at="2022-10-04T10:57:47 WIB" name="runScenario" description="Runs Cucumber Scenarios" data-provider="scenarios" finished-at="2022-10-04T10:58:05 WIB" duration-ms="18355" status="PASS">
          <params>
            <param index="0">
              <value>
                <![CDATA["TSDU009006 Admin edit kategori dengan menghilangkan centang kategori LEADER di status User NON ACTIVE"]]>
              </value>
            </param>
            <param index="1">
              <value>
                <![CDATA["TSDU009 Edit user active"]]>
              </value>
            </param>
          </params>
          <reporter-output>
          </reporter-output>
        </test-method> <!-- runScenario -->
        <test-method signature="runScenario(io.cucumber.testng.PickleWrapper,io.cucumber.testng.FeatureWrapper)[pri:0, instance:com.sqa.psikotes.framework.runner.TestRunner@2767e23c]" started-at="2022-10-04T10:58:05 WIB" name="runScenario" description="Runs Cucumber Scenarios" data-provider="scenarios" finished-at="2022-10-04T10:58:25 WIB" duration-ms="19767" status="PASS">
          <params>
            <param index="0">
              <value>
                <![CDATA["TSDU009007 Admin edit kategori dengan mencentang kategori STAFF dan LEADER di status User ACTIVE"]]>
              </value>
            </param>
            <param index="1">
              <value>
                <![CDATA["TSDU009 Edit user active"]]>
              </value>
            </param>
          </params>
          <reporter-output>
          </reporter-output>
        </test-method> <!-- runScenario -->
        <test-method signature="runScenario(io.cucumber.testng.PickleWrapper,io.cucumber.testng.FeatureWrapper)[pri:0, instance:com.sqa.psikotes.framework.runner.TestRunner@2767e23c]" started-at="2022-10-04T10:58:25 WIB" name="runScenario" description="Runs Cucumber Scenarios" data-provider="scenarios" finished-at="2022-10-04T10:58:45 WIB" duration-ms="19523" status="PASS">
          <params>
            <param index="0">
              <value>
                <![CDATA["TSDU009008 Admin edit kategori dengan menghilangkan centang kategori STAFF dan LEADER di status User NON ACTIVE"]]>
              </value>
            </param>
            <param index="1">
              <value>
                <![CDATA["TSDU009 Edit user active"]]>
              </value>
            </param>
          </params>
          <reporter-output>
          </reporter-output>
        </test-method> <!-- runScenario -->
        <test-method signature="runScenario(io.cucumber.testng.PickleWrapper,io.cucumber.testng.FeatureWrapper)[pri:0, instance:com.sqa.psikotes.framework.runner.TestRunner@2767e23c]" started-at="2022-10-04T10:58:45 WIB" name="runScenario" description="Runs Cucumber Scenarios" data-provider="scenarios" finished-at="2022-10-04T10:58:53 WIB" duration-ms="8612" status="PASS">
          <params>
            <param index="0">
              <value>
                <![CDATA["TSDU010001 Admin klik icon edit password"]]>
              </value>
            </param>
            <param index="1">
              <value>
                <![CDATA["TSDU010 Admin edit password user"]]>
              </value>
            </param>
          </params>
          <reporter-output>
          </reporter-output>
        </test-method> <!-- runScenario -->
        <test-method signature="runScenario(io.cucumber.testng.PickleWrapper,io.cucumber.testng.FeatureWrapper)[pri:0, instance:com.sqa.psikotes.framework.runner.TestRunner@2767e23c]" started-at="2022-10-04T10:58:53 WIB" name="runScenario" description="Runs Cucumber Scenarios" data-provider="scenarios" finished-at="2022-10-04T10:59:09 WIB" duration-ms="16074" status="PASS">
          <params>
            <param index="0">
              <value>
                <![CDATA["TSDU010002 Admin edit password non active user"]]>
              </value>
            </param>
            <param index="1">
              <value>
                <![CDATA["TSDU010 Admin edit password user"]]>
              </value>
            </param>
          </params>
          <reporter-output>
          </reporter-output>
        </test-method> <!-- runScenario -->
        <test-method signature="runScenario(io.cucumber.testng.PickleWrapper,io.cucumber.testng.FeatureWrapper)[pri:0, instance:com.sqa.psikotes.framework.runner.TestRunner@2767e23c]" started-at="2022-10-04T10:59:09 WIB" name="runScenario" description="Runs Cucumber Scenarios" data-provider="scenarios" finished-at="2022-10-04T10:59:26 WIB" duration-ms="16267" status="PASS">
          <params>
            <param index="0">
              <value>
                <![CDATA["TSDU010003 Admin edit password active user"]]>
              </value>
            </param>
            <param index="1">
              <value>
                <![CDATA["TSDU010 Admin edit password user"]]>
              </value>
            </param>
          </params>
          <reporter-output>
          </reporter-output>
        </test-method> <!-- runScenario -->
        <test-method signature="runScenario(io.cucumber.testng.PickleWrapper,io.cucumber.testng.FeatureWrapper)[pri:0, instance:com.sqa.psikotes.framework.runner.TestRunner@2767e23c]" started-at="2022-10-04T10:59:26 WIB" name="runScenario" description="Runs Cucumber Scenarios" data-provider="scenarios" finished-at="2022-10-04T10:59:34 WIB" duration-ms="8763" status="PASS">
          <params>
            <param index="0">
              <value>
                <![CDATA["TSDU011001 Admin cek p10 NON ACTIVE data yang tampil"]]>
              </value>
            </param>
            <param index="1">
              <value>
                <![CDATA["TSDU011 Admin show page p10 non active"]]>
              </value>
            </param>
          </params>
          <reporter-output>
          </reporter-output>
        </test-method> <!-- runScenario -->
        <test-method signature="runScenario(io.cucumber.testng.PickleWrapper,io.cucumber.testng.FeatureWrapper)[pri:0, instance:com.sqa.psikotes.framework.runner.TestRunner@2767e23c]" started-at="2022-10-04T10:59:34 WIB" name="runScenario" description="Runs Cucumber Scenarios" data-provider="scenarios" finished-at="2022-10-04T10:59:40 WIB" duration-ms="5412" status="PASS">
          <params>
            <param index="0">
              <value>
                <![CDATA["TSDU011002 Admin cek p10 NON ACTIVE data yang tampil"]]>
              </value>
            </param>
            <param index="1">
              <value>
                <![CDATA["TSDU011 Admin show page p10 non active"]]>
              </value>
            </param>
          </params>
          <reporter-output>
          </reporter-output>
        </test-method> <!-- runScenario -->
        <test-method signature="runScenario(io.cucumber.testng.PickleWrapper,io.cucumber.testng.FeatureWrapper)[pri:0, instance:com.sqa.psikotes.framework.runner.TestRunner@2767e23c]" started-at="2022-10-04T10:59:40 WIB" name="runScenario" description="Runs Cucumber Scenarios" data-provider="scenarios" finished-at="2022-10-04T10:59:43 WIB" duration-ms="3168" status="PASS">
          <params>
            <param index="0">
              <value>
                <![CDATA["TSDU011003 Admin cek p10 NON ACTIVE data yang tampil"]]>
              </value>
            </param>
            <param index="1">
              <value>
                <![CDATA["TSDU011 Admin show page p10 non active"]]>
              </value>
            </param>
          </params>
          <reporter-output>
          </reporter-output>
        </test-method> <!-- runScenario -->
        <test-method signature="runScenario(io.cucumber.testng.PickleWrapper,io.cucumber.testng.FeatureWrapper)[pri:0, instance:com.sqa.psikotes.framework.runner.TestRunner@2767e23c]" started-at="2022-10-04T10:59:43 WIB" name="runScenario" description="Runs Cucumber Scenarios" data-provider="scenarios" finished-at="2022-10-04T10:59:46 WIB" duration-ms="3152" status="PASS">
          <params>
            <param index="0">
              <value>
                <![CDATA["TSDU011004 Admin cek p10 NON ACTIVE data yang tampil"]]>
              </value>
            </param>
            <param index="1">
              <value>
                <![CDATA["TSDU011 Admin show page p10 non active"]]>
              </value>
            </param>
          </params>
          <reporter-output>
          </reporter-output>
        </test-method> <!-- runScenario -->
        <test-method signature="runScenario(io.cucumber.testng.PickleWrapper,io.cucumber.testng.FeatureWrapper)[pri:0, instance:com.sqa.psikotes.framework.runner.TestRunner@2767e23c]" started-at="2022-10-04T10:59:46 WIB" name="runScenario" description="Runs Cucumber Scenarios" data-provider="scenarios" finished-at="2022-10-04T10:59:49 WIB" duration-ms="3178" status="PASS">
          <params>
            <param index="0">
              <value>
                <![CDATA["TSDU011005 Admin cek p10 NON ACTIVE data yang tampil"]]>
              </value>
            </param>
            <param index="1">
              <value>
                <![CDATA["TSDU011 Admin show page p10 non active"]]>
              </value>
            </param>
          </params>
          <reporter-output>
          </reporter-output>
        </test-method> <!-- runScenario -->
        <test-method signature="runScenario(io.cucumber.testng.PickleWrapper,io.cucumber.testng.FeatureWrapper)[pri:0, instance:com.sqa.psikotes.framework.runner.TestRunner@2767e23c]" started-at="2022-10-04T10:59:49 WIB" name="runScenario" description="Runs Cucumber Scenarios" data-provider="scenarios" finished-at="2022-10-04T10:59:52 WIB" duration-ms="3186" status="PASS">
          <params>
            <param index="0">
              <value>
                <![CDATA["TSDU011006 Admin cek p10 NON ACTIVE data yang tampil"]]>
              </value>
            </param>
            <param index="1">
              <value>
                <![CDATA["TSDU011 Admin show page p10 non active"]]>
              </value>
            </param>
          </params>
          <reporter-output>
          </reporter-output>
        </test-method> <!-- runScenario -->
        <test-method signature="runScenario(io.cucumber.testng.PickleWrapper,io.cucumber.testng.FeatureWrapper)[pri:0, instance:com.sqa.psikotes.framework.runner.TestRunner@2767e23c]" started-at="2022-10-04T10:59:52 WIB" name="runScenario" description="Runs Cucumber Scenarios" data-provider="scenarios" finished-at="2022-10-04T10:59:56 WIB" duration-ms="3187" status="PASS">
          <params>
            <param index="0">
              <value>
                <![CDATA["TSDU011007 Admin cek p10 NON ACTIVE data yang tampil"]]>
              </value>
            </param>
            <param index="1">
              <value>
                <![CDATA["TSDU011 Admin show page p10 non active"]]>
              </value>
            </param>
          </params>
          <reporter-output>
          </reporter-output>
        </test-method> <!-- runScenario -->
        <test-method signature="runScenario(io.cucumber.testng.PickleWrapper,io.cucumber.testng.FeatureWrapper)[pri:0, instance:com.sqa.psikotes.framework.runner.TestRunner@2767e23c]" started-at="2022-10-04T10:59:56 WIB" name="runScenario" description="Runs Cucumber Scenarios" data-provider="scenarios" finished-at="2022-10-04T10:59:59 WIB" duration-ms="3201" status="PASS">
          <params>
            <param index="0">
              <value>
                <![CDATA["TSDU011008 Admin cek p10 NON ACTIVE data yang tampil"]]>
              </value>
            </param>
            <param index="1">
              <value>
                <![CDATA["TSDU011 Admin show page p10 non active"]]>
              </value>
            </param>
          </params>
          <reporter-output>
          </reporter-output>
        </test-method> <!-- runScenario -->
        <test-method signature="runScenario(io.cucumber.testng.PickleWrapper,io.cucumber.testng.FeatureWrapper)[pri:0, instance:com.sqa.psikotes.framework.runner.TestRunner@2767e23c]" started-at="2022-10-04T10:59:59 WIB" name="runScenario" description="Runs Cucumber Scenarios" data-provider="scenarios" finished-at="2022-10-04T11:00:02 WIB" duration-ms="3195" status="PASS">
          <params>
            <param index="0">
              <value>
                <![CDATA["TSDU011009 Admin cek p10 NON ACTIVE data yang tampil"]]>
              </value>
            </param>
            <param index="1">
              <value>
                <![CDATA["TSDU011 Admin show page p10 non active"]]>
              </value>
            </param>
          </params>
          <reporter-output>
          </reporter-output>
        </test-method> <!-- runScenario -->
        <test-method signature="runScenario(io.cucumber.testng.PickleWrapper,io.cucumber.testng.FeatureWrapper)[pri:0, instance:com.sqa.psikotes.framework.runner.TestRunner@2767e23c]" started-at="2022-10-04T11:00:02 WIB" name="runScenario" description="Runs Cucumber Scenarios" data-provider="scenarios" finished-at="2022-10-04T11:00:05 WIB" duration-ms="3184" status="PASS">
          <params>
            <param index="0">
              <value>
                <![CDATA["TSDU011010 Admin cek p10 NON ACTIVE data yang tampil"]]>
              </value>
            </param>
            <param index="1">
              <value>
                <![CDATA["TSDU011 Admin show page p10 non active"]]>
              </value>
            </param>
          </params>
          <reporter-output>
          </reporter-output>
        </test-method> <!-- runScenario -->
        <test-method signature="runScenario(io.cucumber.testng.PickleWrapper,io.cucumber.testng.FeatureWrapper)[pri:0, instance:com.sqa.psikotes.framework.runner.TestRunner@2767e23c]" started-at="2022-10-04T11:00:05 WIB" name="runScenario" description="Runs Cucumber Scenarios" data-provider="scenarios" finished-at="2022-10-04T11:00:08 WIB" duration-ms="3186" status="PASS">
          <params>
            <param index="0">
              <value>
                <![CDATA["TSDU011011 Admin cek p10 NON ACTIVE data yang tampil"]]>
              </value>
            </param>
            <param index="1">
              <value>
                <![CDATA["TSDU011 Admin show page p10 non active"]]>
              </value>
            </param>
          </params>
          <reporter-output>
          </reporter-output>
        </test-method> <!-- runScenario -->
        <test-method signature="runScenario(io.cucumber.testng.PickleWrapper,io.cucumber.testng.FeatureWrapper)[pri:0, instance:com.sqa.psikotes.framework.runner.TestRunner@2767e23c]" started-at="2022-10-04T11:00:08 WIB" name="runScenario" description="Runs Cucumber Scenarios" data-provider="scenarios" finished-at="2022-10-04T11:00:12 WIB" duration-ms="3190" status="PASS">
          <params>
            <param index="0">
              <value>
                <![CDATA["TSDU011012 Admin cek p10 NON ACTIVE data yang tampil"]]>
              </value>
            </param>
            <param index="1">
              <value>
                <![CDATA["TSDU011 Admin show page p10 non active"]]>
              </value>
            </param>
          </params>
          <reporter-output>
          </reporter-output>
        </test-method> <!-- runScenario -->
        <test-method signature="runScenario(io.cucumber.testng.PickleWrapper,io.cucumber.testng.FeatureWrapper)[pri:0, instance:com.sqa.psikotes.framework.runner.TestRunner@2767e23c]" started-at="2022-10-04T11:00:12 WIB" name="runScenario" description="Runs Cucumber Scenarios" data-provider="scenarios" finished-at="2022-10-04T11:00:15 WIB" duration-ms="3186" status="PASS">
          <params>
            <param index="0">
              <value>
                <![CDATA["TSDU011013 Admin cek p10 NON ACTIVE data yang tampil"]]>
              </value>
            </param>
            <param index="1">
              <value>
                <![CDATA["TSDU011 Admin show page p10 non active"]]>
              </value>
            </param>
          </params>
          <reporter-output>
          </reporter-output>
        </test-method> <!-- runScenario -->
        <test-method signature="runScenario(io.cucumber.testng.PickleWrapper,io.cucumber.testng.FeatureWrapper)[pri:0, instance:com.sqa.psikotes.framework.runner.TestRunner@2767e23c]" started-at="2022-10-04T11:00:15 WIB" name="runScenario" description="Runs Cucumber Scenarios" data-provider="scenarios" finished-at="2022-10-04T11:00:24 WIB" duration-ms="8915" status="PASS">
          <params>
            <param index="0">
              <value>
                <![CDATA["TSDU011014 Admin cek p25 NON ACTIVE data yang tampil"]]>
              </value>
            </param>
            <param index="1">
              <value>
                <![CDATA["TSDU011 Admin show page p25 non active"]]>
              </value>
            </param>
          </params>
          <reporter-output>
          </reporter-output>
        </test-method> <!-- runScenario -->
        <test-method signature="runScenario(io.cucumber.testng.PickleWrapper,io.cucumber.testng.FeatureWrapper)[pri:0, instance:com.sqa.psikotes.framework.runner.TestRunner@2767e23c]" started-at="2022-10-04T11:00:24 WIB" name="runScenario" description="Runs Cucumber Scenarios" data-provider="scenarios" finished-at="2022-10-04T11:00:29 WIB" duration-ms="5393" status="PASS">
          <params>
            <param index="0">
              <value>
                <![CDATA["TSDU011015 Admin cek p25 NON ACTIVE data yang tampil"]]>
              </value>
            </param>
            <param index="1">
              <value>
                <![CDATA["TSDU011 Admin show page p25 non active"]]>
              </value>
            </param>
          </params>
          <reporter-output>
          </reporter-output>
        </test-method> <!-- runScenario -->
        <test-method signature="runScenario(io.cucumber.testng.PickleWrapper,io.cucumber.testng.FeatureWrapper)[pri:0, instance:com.sqa.psikotes.framework.runner.TestRunner@2767e23c]" started-at="2022-10-04T11:00:29 WIB" name="runScenario" description="Runs Cucumber Scenarios" data-provider="scenarios" finished-at="2022-10-04T11:00:32 WIB" duration-ms="3158" status="PASS">
          <params>
            <param index="0">
              <value>
                <![CDATA["TSDU011016 Admin cek p25 NON ACTIVE data yang tampil"]]>
              </value>
            </param>
            <param index="1">
              <value>
                <![CDATA["TSDU011 Admin show page p25 non active"]]>
              </value>
            </param>
          </params>
          <reporter-output>
          </reporter-output>
        </test-method> <!-- runScenario -->
        <test-method signature="runScenario(io.cucumber.testng.PickleWrapper,io.cucumber.testng.FeatureWrapper)[pri:0, instance:com.sqa.psikotes.framework.runner.TestRunner@2767e23c]" started-at="2022-10-04T11:00:32 WIB" name="runScenario" description="Runs Cucumber Scenarios" data-provider="scenarios" finished-at="2022-10-04T11:00:35 WIB" duration-ms="3160" status="PASS">
          <params>
            <param index="0">
              <value>
                <![CDATA["TSDU011017 Admin cek p25 NON ACTIVE data yang tampil"]]>
              </value>
            </param>
            <param index="1">
              <value>
                <![CDATA["TSDU011 Admin show page p25 non active"]]>
              </value>
            </param>
          </params>
          <reporter-output>
          </reporter-output>
        </test-method> <!-- runScenario -->
        <test-method signature="runScenario(io.cucumber.testng.PickleWrapper,io.cucumber.testng.FeatureWrapper)[pri:0, instance:com.sqa.psikotes.framework.runner.TestRunner@2767e23c]" started-at="2022-10-04T11:00:35 WIB" name="runScenario" description="Runs Cucumber Scenarios" data-provider="scenarios" finished-at="2022-10-04T11:00:39 WIB" duration-ms="3168" status="PASS">
          <params>
            <param index="0">
              <value>
                <![CDATA["TSDU011018 Admin cek p25 NON ACTIVE data yang tampil"]]>
              </value>
            </param>
            <param index="1">
              <value>
                <![CDATA["TSDU011 Admin show page p25 non active"]]>
              </value>
            </param>
          </params>
          <reporter-output>
          </reporter-output>
        </test-method> <!-- runScenario -->
        <test-method signature="runScenario(io.cucumber.testng.PickleWrapper,io.cucumber.testng.FeatureWrapper)[pri:0, instance:com.sqa.psikotes.framework.runner.TestRunner@2767e23c]" started-at="2022-10-04T11:00:39 WIB" name="runScenario" description="Runs Cucumber Scenarios" data-provider="scenarios" finished-at="2022-10-04T11:00:42 WIB" duration-ms="3166" status="PASS">
          <params>
            <param index="0">
              <value>
                <![CDATA["TSDU011019 Admin cek p25 NON ACTIVE data yang tampil"]]>
              </value>
            </param>
            <param index="1">
              <value>
                <![CDATA["TSDU011 Admin show page p25 non active"]]>
              </value>
            </param>
          </params>
          <reporter-output>
          </reporter-output>
        </test-method> <!-- runScenario -->
        <test-method signature="runScenario(io.cucumber.testng.PickleWrapper,io.cucumber.testng.FeatureWrapper)[pri:0, instance:com.sqa.psikotes.framework.runner.TestRunner@2767e23c]" started-at="2022-10-04T11:00:42 WIB" name="runScenario" description="Runs Cucumber Scenarios" data-provider="scenarios" finished-at="2022-10-04T11:00:45 WIB" duration-ms="3185" status="PASS">
          <params>
            <param index="0">
              <value>
                <![CDATA["TSDU011020 Admin cek p25 NON ACTIVE data yang tampil"]]>
              </value>
            </param>
            <param index="1">
              <value>
                <![CDATA["TSDU011 Admin show page p25 non active"]]>
              </value>
            </param>
          </params>
          <reporter-output>
          </reporter-output>
        </test-method> <!-- runScenario -->
        <test-method signature="runScenario(io.cucumber.testng.PickleWrapper,io.cucumber.testng.FeatureWrapper)[pri:0, instance:com.sqa.psikotes.framework.runner.TestRunner@2767e23c]" started-at="2022-10-04T11:00:45 WIB" name="runScenario" description="Runs Cucumber Scenarios" data-provider="scenarios" finished-at="2022-10-04T11:00:54 WIB" duration-ms="8994" status="PASS">
          <params>
            <param index="0">
              <value>
                <![CDATA["TSDU011021 Admin cek p50 NON ACTIVE data yang tampil"]]>
              </value>
            </param>
            <param index="1">
              <value>
                <![CDATA["TSDU011 Admin show page p50 non active"]]>
              </value>
            </param>
          </params>
          <reporter-output>
          </reporter-output>
        </test-method> <!-- runScenario -->
        <test-method signature="runScenario(io.cucumber.testng.PickleWrapper,io.cucumber.testng.FeatureWrapper)[pri:0, instance:com.sqa.psikotes.framework.runner.TestRunner@2767e23c]" started-at="2022-10-04T11:00:54 WIB" name="runScenario" description="Runs Cucumber Scenarios" data-provider="scenarios" finished-at="2022-10-04T11:00:59 WIB" duration-ms="5413" status="PASS">
          <params>
            <param index="0">
              <value>
                <![CDATA["TSDU011022 Admin cek p50 NON ACTIVE data yang tampil"]]>
              </value>
            </param>
            <param index="1">
              <value>
                <![CDATA["TSDU011 Admin show page p50 non active"]]>
              </value>
            </param>
          </params>
          <reporter-output>
          </reporter-output>
        </test-method> <!-- runScenario -->
        <test-method signature="runScenario(io.cucumber.testng.PickleWrapper,io.cucumber.testng.FeatureWrapper)[pri:0, instance:com.sqa.psikotes.framework.runner.TestRunner@2767e23c]" started-at="2022-10-04T11:00:59 WIB" name="runScenario" description="Runs Cucumber Scenarios" data-provider="scenarios" finished-at="2022-10-04T11:01:02 WIB" duration-ms="3181" status="PASS">
          <params>
            <param index="0">
              <value>
                <![CDATA["TSDU011023 Admin cek p50 NON ACTIVE data yang tampil"]]>
              </value>
            </param>
            <param index="1">
              <value>
                <![CDATA["TSDU011 Admin show page p50 non active"]]>
              </value>
            </param>
          </params>
          <reporter-output>
          </reporter-output>
        </test-method> <!-- runScenario -->
        <test-method signature="runScenario(io.cucumber.testng.PickleWrapper,io.cucumber.testng.FeatureWrapper)[pri:0, instance:com.sqa.psikotes.framework.runner.TestRunner@2767e23c]" started-at="2022-10-04T11:01:02 WIB" name="runScenario" description="Runs Cucumber Scenarios" data-provider="scenarios" finished-at="2022-10-04T11:01:06 WIB" duration-ms="3163" status="PASS">
          <params>
            <param index="0">
              <value>
                <![CDATA["TSDU011024 Admin cek p50 NON ACTIVE data yang tampil"]]>
              </value>
            </param>
            <param index="1">
              <value>
                <![CDATA["TSDU011 Admin show page p50 non active"]]>
              </value>
            </param>
          </params>
          <reporter-output>
          </reporter-output>
        </test-method> <!-- runScenario -->
        <test-method signature="runScenario(io.cucumber.testng.PickleWrapper,io.cucumber.testng.FeatureWrapper)[pri:0, instance:com.sqa.psikotes.framework.runner.TestRunner@2767e23c]" started-at="2022-10-04T11:01:06 WIB" name="runScenario" description="Runs Cucumber Scenarios" data-provider="scenarios" finished-at="2022-10-04T11:01:09 WIB" duration-ms="3173" status="PASS">
          <params>
            <param index="0">
              <value>
                <![CDATA["TSDU011025 Admin cek p50 NON ACTIVE data yang tampil"]]>
              </value>
            </param>
            <param index="1">
              <value>
                <![CDATA["TSDU011 Admin show page p50 non active"]]>
              </value>
            </param>
          </params>
          <reporter-output>
          </reporter-output>
        </test-method> <!-- runScenario -->
        <test-method signature="runScenario(io.cucumber.testng.PickleWrapper,io.cucumber.testng.FeatureWrapper)[pri:0, instance:com.sqa.psikotes.framework.runner.TestRunner@2767e23c]" started-at="2022-10-04T11:01:09 WIB" name="runScenario" description="Runs Cucumber Scenarios" data-provider="scenarios" finished-at="2022-10-04T11:01:18 WIB" duration-ms="8829" status="PASS">
          <params>
            <param index="0">
              <value>
                <![CDATA["TSDU011026 Admin cek p100 NON ACTIVE data yang tampil"]]>
              </value>
            </param>
            <param index="1">
              <value>
                <![CDATA["TSDU011 Admin show page p100 non active"]]>
              </value>
            </param>
          </params>
          <reporter-output>
          </reporter-output>
        </test-method> <!-- runScenario -->
        <test-method signature="runScenario(io.cucumber.testng.PickleWrapper,io.cucumber.testng.FeatureWrapper)[pri:0, instance:com.sqa.psikotes.framework.runner.TestRunner@2767e23c]" started-at="2022-10-04T11:01:18 WIB" name="runScenario" description="Runs Cucumber Scenarios" data-provider="scenarios" finished-at="2022-10-04T11:01:23 WIB" duration-ms="5360" status="PASS">
          <params>
            <param index="0">
              <value>
                <![CDATA["TSDU011027 Admin cek p100 NON ACTIVE data yang tampil"]]>
              </value>
            </param>
            <param index="1">
              <value>
                <![CDATA["TSDU011 Admin show page p100 non active"]]>
              </value>
            </param>
          </params>
          <reporter-output>
          </reporter-output>
        </test-method> <!-- runScenario -->
        <test-method signature="runScenario(io.cucumber.testng.PickleWrapper,io.cucumber.testng.FeatureWrapper)[pri:0, instance:com.sqa.psikotes.framework.runner.TestRunner@2767e23c]" started-at="2022-10-04T11:01:23 WIB" name="runScenario" description="Runs Cucumber Scenarios" data-provider="scenarios" finished-at="2022-10-04T11:01:34 WIB" duration-ms="10959" status="PASS">
          <params>
            <param index="0">
              <value>
                <![CDATA["TSDU011028 Admin cek p10 ACTIVE data yang tampil"]]>
              </value>
            </param>
            <param index="1">
              <value>
                <![CDATA["TSDU011 Admin show page p10 active"]]>
              </value>
            </param>
          </params>
          <reporter-output>
          </reporter-output>
        </test-method> <!-- runScenario -->
        <test-method signature="runScenario(io.cucumber.testng.PickleWrapper,io.cucumber.testng.FeatureWrapper)[pri:0, instance:com.sqa.psikotes.framework.runner.TestRunner@2767e23c]" started-at="2022-10-04T11:01:34 WIB" name="runScenario" description="Runs Cucumber Scenarios" data-provider="scenarios" finished-at="2022-10-04T11:01:39 WIB" duration-ms="5369" status="PASS">
          <params>
            <param index="0">
              <value>
                <![CDATA["TSDU011029 Admin cek p10 ACTIVE data yang tampil"]]>
              </value>
            </param>
            <param index="1">
              <value>
                <![CDATA["TSDU011 Admin show page p10 active"]]>
              </value>
            </param>
          </params>
          <reporter-output>
          </reporter-output>
        </test-method> <!-- runScenario -->
        <test-method signature="runScenario(io.cucumber.testng.PickleWrapper,io.cucumber.testng.FeatureWrapper)[pri:0, instance:com.sqa.psikotes.framework.runner.TestRunner@2767e23c]" started-at="2022-10-04T11:01:39 WIB" name="runScenario" description="Runs Cucumber Scenarios" data-provider="scenarios" finished-at="2022-10-04T11:01:42 WIB" duration-ms="3149" status="PASS">
          <params>
            <param index="0">
              <value>
                <![CDATA["TSDU011030 Admin cek p10 ACTIVE data yang tampil"]]>
              </value>
            </param>
            <param index="1">
              <value>
                <![CDATA["TSDU011 Admin show page p10 active"]]>
              </value>
            </param>
          </params>
          <reporter-output>
          </reporter-output>
        </test-method> <!-- runScenario -->
        <test-method signature="runScenario(io.cucumber.testng.PickleWrapper,io.cucumber.testng.FeatureWrapper)[pri:0, instance:com.sqa.psikotes.framework.runner.TestRunner@2767e23c]" started-at="2022-10-04T11:01:42 WIB" name="runScenario" description="Runs Cucumber Scenarios" data-provider="scenarios" finished-at="2022-10-04T11:01:46 WIB" duration-ms="3151" status="PASS">
          <params>
            <param index="0">
              <value>
                <![CDATA["TSDU011031 Admin cek p10 ACTIVE data yang tampil"]]>
              </value>
            </param>
            <param index="1">
              <value>
                <![CDATA["TSDU011 Admin show page p10 active"]]>
              </value>
            </param>
          </params>
          <reporter-output>
          </reporter-output>
        </test-method> <!-- runScenario -->
        <test-method signature="runScenario(io.cucumber.testng.PickleWrapper,io.cucumber.testng.FeatureWrapper)[pri:0, instance:com.sqa.psikotes.framework.runner.TestRunner@2767e23c]" started-at="2022-10-04T11:01:46 WIB" name="runScenario" description="Runs Cucumber Scenarios" data-provider="scenarios" finished-at="2022-10-04T11:01:49 WIB" duration-ms="3161" status="PASS">
          <params>
            <param index="0">
              <value>
                <![CDATA["TSDU011032 Admin cek p10 ACTIVE data yang tampil"]]>
              </value>
            </param>
            <param index="1">
              <value>
                <![CDATA["TSDU011 Admin show page p10 active"]]>
              </value>
            </param>
          </params>
          <reporter-output>
          </reporter-output>
        </test-method> <!-- runScenario -->
        <test-method signature="runScenario(io.cucumber.testng.PickleWrapper,io.cucumber.testng.FeatureWrapper)[pri:0, instance:com.sqa.psikotes.framework.runner.TestRunner@2767e23c]" started-at="2022-10-04T11:01:49 WIB" name="runScenario" description="Runs Cucumber Scenarios" data-provider="scenarios" finished-at="2022-10-04T11:01:52 WIB" duration-ms="3182" status="PASS">
          <params>
            <param index="0">
              <value>
                <![CDATA["TSDU011033 Admin cek p10 ACTIVE data yang tampil"]]>
              </value>
            </param>
            <param index="1">
              <value>
                <![CDATA["TSDU011 Admin show page p10 active"]]>
              </value>
            </param>
          </params>
          <reporter-output>
          </reporter-output>
        </test-method> <!-- runScenario -->
        <test-method signature="runScenario(io.cucumber.testng.PickleWrapper,io.cucumber.testng.FeatureWrapper)[pri:0, instance:com.sqa.psikotes.framework.runner.TestRunner@2767e23c]" started-at="2022-10-04T11:01:52 WIB" name="runScenario" description="Runs Cucumber Scenarios" data-provider="scenarios" finished-at="2022-10-04T11:01:55 WIB" duration-ms="3180" status="PASS">
          <params>
            <param index="0">
              <value>
                <![CDATA["TSDU011034 Admin cek p10 ACTIVE data yang tampil"]]>
              </value>
            </param>
            <param index="1">
              <value>
                <![CDATA["TSDU011 Admin show page p10 active"]]>
              </value>
            </param>
          </params>
          <reporter-output>
          </reporter-output>
        </test-method> <!-- runScenario -->
        <test-method signature="runScenario(io.cucumber.testng.PickleWrapper,io.cucumber.testng.FeatureWrapper)[pri:0, instance:com.sqa.psikotes.framework.runner.TestRunner@2767e23c]" started-at="2022-10-04T11:01:55 WIB" name="runScenario" description="Runs Cucumber Scenarios" data-provider="scenarios" finished-at="2022-10-04T11:01:58 WIB" duration-ms="3185" status="PASS">
          <params>
            <param index="0">
              <value>
                <![CDATA["TSDU011035 Admin cek p10 ACTIVE data yang tampil"]]>
              </value>
            </param>
            <param index="1">
              <value>
                <![CDATA["TSDU011 Admin show page p10 active"]]>
              </value>
            </param>
          </params>
          <reporter-output>
          </reporter-output>
        </test-method> <!-- runScenario -->
        <test-method signature="runScenario(io.cucumber.testng.PickleWrapper,io.cucumber.testng.FeatureWrapper)[pri:0, instance:com.sqa.psikotes.framework.runner.TestRunner@2767e23c]" started-at="2022-10-04T11:01:58 WIB" name="runScenario" description="Runs Cucumber Scenarios" data-provider="scenarios" finished-at="2022-10-04T11:02:01 WIB" duration-ms="3164" status="PASS">
          <params>
            <param index="0">
              <value>
                <![CDATA["TSDU011036 Admin cek p10 ACTIVE data yang tampil"]]>
              </value>
            </param>
            <param index="1">
              <value>
                <![CDATA["TSDU011 Admin show page p10 active"]]>
              </value>
            </param>
          </params>
          <reporter-output>
          </reporter-output>
        </test-method> <!-- runScenario -->
        <test-method signature="runScenario(io.cucumber.testng.PickleWrapper,io.cucumber.testng.FeatureWrapper)[pri:0, instance:com.sqa.psikotes.framework.runner.TestRunner@2767e23c]" started-at="2022-10-04T11:02:01 WIB" name="runScenario" description="Runs Cucumber Scenarios" data-provider="scenarios" finished-at="2022-10-04T11:02:05 WIB" duration-ms="3169" status="PASS">
          <params>
            <param index="0">
              <value>
                <![CDATA["TSDU011037 Admin cek p10 ACTIVE data yang tampil"]]>
              </value>
            </param>
            <param index="1">
              <value>
                <![CDATA["TSDU011 Admin show page p10 active"]]>
              </value>
            </param>
          </params>
          <reporter-output>
          </reporter-output>
        </test-method> <!-- runScenario -->
        <test-method signature="runScenario(io.cucumber.testng.PickleWrapper,io.cucumber.testng.FeatureWrapper)[pri:0, instance:com.sqa.psikotes.framework.runner.TestRunner@2767e23c]" started-at="2022-10-04T11:02:05 WIB" name="runScenario" description="Runs Cucumber Scenarios" data-provider="scenarios" finished-at="2022-10-04T11:02:08 WIB" duration-ms="3171" status="PASS">
          <params>
            <param index="0">
              <value>
                <![CDATA["TSDU011038 Admin cek p10 ACTIVE data yang tampil"]]>
              </value>
            </param>
            <param index="1">
              <value>
                <![CDATA["TSDU011 Admin show page p10 active"]]>
              </value>
            </param>
          </params>
          <reporter-output>
          </reporter-output>
        </test-method> <!-- runScenario -->
        <test-method signature="runScenario(io.cucumber.testng.PickleWrapper,io.cucumber.testng.FeatureWrapper)[pri:0, instance:com.sqa.psikotes.framework.runner.TestRunner@2767e23c]" started-at="2022-10-04T11:02:08 WIB" name="runScenario" description="Runs Cucumber Scenarios" data-provider="scenarios" finished-at="2022-10-04T11:02:11 WIB" duration-ms="3184" status="PASS">
          <params>
            <param index="0">
              <value>
                <![CDATA["TSDU011039 Admin cek p10 ACTIVE data yang tampil"]]>
              </value>
            </param>
            <param index="1">
              <value>
                <![CDATA["TSDU011 Admin show page p10 active"]]>
              </value>
            </param>
          </params>
          <reporter-output>
          </reporter-output>
        </test-method> <!-- runScenario -->
        <test-method signature="runScenario(io.cucumber.testng.PickleWrapper,io.cucumber.testng.FeatureWrapper)[pri:0, instance:com.sqa.psikotes.framework.runner.TestRunner@2767e23c]" started-at="2022-10-04T11:02:11 WIB" name="runScenario" description="Runs Cucumber Scenarios" data-provider="scenarios" finished-at="2022-10-04T11:02:14 WIB" duration-ms="3176" status="PASS">
          <params>
            <param index="0">
              <value>
                <![CDATA["TSDU011040 Admin cek p10 ACTIVE data yang tampil"]]>
              </value>
            </param>
            <param index="1">
              <value>
                <![CDATA["TSDU011 Admin show page p10 active"]]>
              </value>
            </param>
          </params>
          <reporter-output>
          </reporter-output>
        </test-method> <!-- runScenario -->
        <test-method signature="runScenario(io.cucumber.testng.PickleWrapper,io.cucumber.testng.FeatureWrapper)[pri:0, instance:com.sqa.psikotes.framework.runner.TestRunner@2767e23c]" started-at="2022-10-04T11:02:14 WIB" name="runScenario" description="Runs Cucumber Scenarios" data-provider="scenarios" finished-at="2022-10-04T11:02:25 WIB" duration-ms="11033" status="PASS">
          <params>
            <param index="0">
              <value>
                <![CDATA["TSDU011041 Admin cek p25 ACTIVE data yang tampil"]]>
              </value>
            </param>
            <param index="1">
              <value>
                <![CDATA["TSDU011 Admin show page p25 active"]]>
              </value>
            </param>
          </params>
          <reporter-output>
          </reporter-output>
        </test-method> <!-- runScenario -->
        <test-method signature="runScenario(io.cucumber.testng.PickleWrapper,io.cucumber.testng.FeatureWrapper)[pri:0, instance:com.sqa.psikotes.framework.runner.TestRunner@2767e23c]" started-at="2022-10-04T11:02:25 WIB" name="runScenario" description="Runs Cucumber Scenarios" data-provider="scenarios" finished-at="2022-10-04T11:02:31 WIB" duration-ms="5389" status="PASS">
          <params>
            <param index="0">
              <value>
                <![CDATA["TSDU011042 Admin cek p25 ACTIVE data yang tampil"]]>
              </value>
            </param>
            <param index="1">
              <value>
                <![CDATA["TSDU011 Admin show page p25 active"]]>
              </value>
            </param>
          </params>
          <reporter-output>
          </reporter-output>
        </test-method> <!-- runScenario -->
        <test-method signature="runScenario(io.cucumber.testng.PickleWrapper,io.cucumber.testng.FeatureWrapper)[pri:0, instance:com.sqa.psikotes.framework.runner.TestRunner@2767e23c]" started-at="2022-10-04T11:02:31 WIB" name="runScenario" description="Runs Cucumber Scenarios" data-provider="scenarios" finished-at="2022-10-04T11:02:34 WIB" duration-ms="3209" status="PASS">
          <params>
            <param index="0">
              <value>
                <![CDATA["TSDU011043 Admin cek p25 ACTIVE data yang tampil"]]>
              </value>
            </param>
            <param index="1">
              <value>
                <![CDATA["TSDU011 Admin show page p25 active"]]>
              </value>
            </param>
          </params>
          <reporter-output>
          </reporter-output>
        </test-method> <!-- runScenario -->
        <test-method signature="runScenario(io.cucumber.testng.PickleWrapper,io.cucumber.testng.FeatureWrapper)[pri:0, instance:com.sqa.psikotes.framework.runner.TestRunner@2767e23c]" started-at="2022-10-04T11:02:34 WIB" name="runScenario" description="Runs Cucumber Scenarios" data-provider="scenarios" finished-at="2022-10-04T11:02:37 WIB" duration-ms="3217" status="PASS">
          <params>
            <param index="0">
              <value>
                <![CDATA["TSDU011044 Admin cek p25 ACTIVE data yang tampil"]]>
              </value>
            </param>
            <param index="1">
              <value>
                <![CDATA["TSDU011 Admin show page p25 active"]]>
              </value>
            </param>
          </params>
          <reporter-output>
          </reporter-output>
        </test-method> <!-- runScenario -->
        <test-method signature="runScenario(io.cucumber.testng.PickleWrapper,io.cucumber.testng.FeatureWrapper)[pri:0, instance:com.sqa.psikotes.framework.runner.TestRunner@2767e23c]" started-at="2022-10-04T11:02:37 WIB" name="runScenario" description="Runs Cucumber Scenarios" data-provider="scenarios" finished-at="2022-10-04T11:02:40 WIB" duration-ms="3219" status="PASS">
          <params>
            <param index="0">
              <value>
                <![CDATA["TSDU011045 Admin cek p25 ACTIVE data yang tampil"]]>
              </value>
            </param>
            <param index="1">
              <value>
                <![CDATA["TSDU011 Admin show page p25 active"]]>
              </value>
            </param>
          </params>
          <reporter-output>
          </reporter-output>
        </test-method> <!-- runScenario -->
        <test-method signature="runScenario(io.cucumber.testng.PickleWrapper,io.cucumber.testng.FeatureWrapper)[pri:0, instance:com.sqa.psikotes.framework.runner.TestRunner@2767e23c]" started-at="2022-10-04T11:02:40 WIB" name="runScenario" description="Runs Cucumber Scenarios" data-provider="scenarios" finished-at="2022-10-04T11:02:43 WIB" duration-ms="3208" status="PASS">
          <params>
            <param index="0">
              <value>
                <![CDATA["TSDU011046 Admin cek p25 ACTIVE data yang tampil"]]>
              </value>
            </param>
            <param index="1">
              <value>
                <![CDATA["TSDU011 Admin show page p25 active"]]>
              </value>
            </param>
          </params>
          <reporter-output>
          </reporter-output>
        </test-method> <!-- runScenario -->
        <test-method signature="runScenario(io.cucumber.testng.PickleWrapper,io.cucumber.testng.FeatureWrapper)[pri:0, instance:com.sqa.psikotes.framework.runner.TestRunner@2767e23c]" started-at="2022-10-04T11:02:43 WIB" name="runScenario" description="Runs Cucumber Scenarios" data-provider="scenarios" finished-at="2022-10-04T11:02:47 WIB" duration-ms="3238" status="PASS">
          <params>
            <param index="0">
              <value>
                <![CDATA["TSDU011047 Admin cek p25 ACTIVE data yang tampil"]]>
              </value>
            </param>
            <param index="1">
              <value>
                <![CDATA["TSDU011 Admin show page p25 active"]]>
              </value>
            </param>
          </params>
          <reporter-output>
          </reporter-output>
        </test-method> <!-- runScenario -->
        <test-method signature="runScenario(io.cucumber.testng.PickleWrapper,io.cucumber.testng.FeatureWrapper)[pri:0, instance:com.sqa.psikotes.framework.runner.TestRunner@2767e23c]" started-at="2022-10-04T11:02:47 WIB" name="runScenario" description="Runs Cucumber Scenarios" data-provider="scenarios" finished-at="2022-10-04T11:02:58 WIB" duration-ms="11410" status="PASS">
          <params>
            <param index="0">
              <value>
                <![CDATA["TSDU011048 Admin cek p50 ACTIVE data yang tampil"]]>
              </value>
            </param>
            <param index="1">
              <value>
                <![CDATA["TSDU011 Admin show page p50 active"]]>
              </value>
            </param>
          </params>
          <reporter-output>
          </reporter-output>
        </test-method> <!-- runScenario -->
        <test-method signature="runScenario(io.cucumber.testng.PickleWrapper,io.cucumber.testng.FeatureWrapper)[pri:0, instance:com.sqa.psikotes.framework.runner.TestRunner@2767e23c]" started-at="2022-10-04T11:02:58 WIB" name="runScenario" description="Runs Cucumber Scenarios" data-provider="scenarios" finished-at="2022-10-04T11:03:04 WIB" duration-ms="5406" status="PASS">
          <params>
            <param index="0">
              <value>
                <![CDATA["TSDU011049 Admin cek p50 ACTIVE data yang tampil"]]>
              </value>
            </param>
            <param index="1">
              <value>
                <![CDATA["TSDU011 Admin show page p50 active"]]>
              </value>
            </param>
          </params>
          <reporter-output>
          </reporter-output>
        </test-method> <!-- runScenario -->
        <test-method signature="runScenario(io.cucumber.testng.PickleWrapper,io.cucumber.testng.FeatureWrapper)[pri:0, instance:com.sqa.psikotes.framework.runner.TestRunner@2767e23c]" started-at="2022-10-04T11:03:04 WIB" name="runScenario" description="Runs Cucumber Scenarios" data-provider="scenarios" finished-at="2022-10-04T11:03:07 WIB" duration-ms="3157" status="PASS">
          <params>
            <param index="0">
              <value>
                <![CDATA["TSDU011050 Admin cek p50 ACTIVE data yang tampil"]]>
              </value>
            </param>
            <param index="1">
              <value>
                <![CDATA["TSDU011 Admin show page p50 active"]]>
              </value>
            </param>
          </params>
          <reporter-output>
          </reporter-output>
        </test-method> <!-- runScenario -->
        <test-method signature="runScenario(io.cucumber.testng.PickleWrapper,io.cucumber.testng.FeatureWrapper)[pri:0, instance:com.sqa.psikotes.framework.runner.TestRunner@2767e23c]" started-at="2022-10-04T11:03:07 WIB" name="runScenario" description="Runs Cucumber Scenarios" data-provider="scenarios" finished-at="2022-10-04T11:03:10 WIB" duration-ms="3170" status="PASS">
          <params>
            <param index="0">
              <value>
                <![CDATA["TSDU011051 Admin cek p50 ACTIVE data yang tampil"]]>
              </value>
            </param>
            <param index="1">
              <value>
                <![CDATA["TSDU011 Admin show page p50 active"]]>
              </value>
            </param>
          </params>
          <reporter-output>
          </reporter-output>
        </test-method> <!-- runScenario -->
        <test-method signature="runScenario(io.cucumber.testng.PickleWrapper,io.cucumber.testng.FeatureWrapper)[pri:0, instance:com.sqa.psikotes.framework.runner.TestRunner@2767e23c]" started-at="2022-10-04T11:03:10 WIB" name="runScenario" description="Runs Cucumber Scenarios" data-provider="scenarios" finished-at="2022-10-04T11:03:13 WIB" duration-ms="3162" status="PASS">
          <params>
            <param index="0">
              <value>
                <![CDATA["TSDU011052 Admin cek p50 ACTIVE data yang tampil"]]>
              </value>
            </param>
            <param index="1">
              <value>
                <![CDATA["TSDU011 Admin show page p50 active"]]>
              </value>
            </param>
          </params>
          <reporter-output>
          </reporter-output>
        </test-method> <!-- runScenario -->
        <test-method signature="runScenario(io.cucumber.testng.PickleWrapper,io.cucumber.testng.FeatureWrapper)[pri:0, instance:com.sqa.psikotes.framework.runner.TestRunner@2767e23c]" started-at="2022-10-04T11:03:13 WIB" name="runScenario" description="Runs Cucumber Scenarios" data-provider="scenarios" finished-at="2022-10-04T11:03:24 WIB" duration-ms="10869" status="PASS">
          <params>
            <param index="0">
              <value>
                <![CDATA["TSDU011053 Admin cek p100 ACTIVE data yang tampil"]]>
              </value>
            </param>
            <param index="1">
              <value>
                <![CDATA["TSDU011 Admin show page p100 active"]]>
              </value>
            </param>
          </params>
          <reporter-output>
          </reporter-output>
        </test-method> <!-- runScenario -->
        <test-method signature="runScenario(io.cucumber.testng.PickleWrapper,io.cucumber.testng.FeatureWrapper)[pri:0, instance:com.sqa.psikotes.framework.runner.TestRunner@2767e23c]" started-at="2022-10-04T11:03:24 WIB" name="runScenario" description="Runs Cucumber Scenarios" data-provider="scenarios" finished-at="2022-10-04T11:03:29 WIB" duration-ms="5316" status="PASS">
          <params>
            <param index="0">
              <value>
                <![CDATA["TSDU011054 Admin cek p100 ACTIVE data yang tampil"]]>
              </value>
            </param>
            <param index="1">
              <value>
                <![CDATA["TSDU011 Admin show page p100 active"]]>
              </value>
            </param>
          </params>
          <reporter-output>
          </reporter-output>
        </test-method> <!-- runScenario -->
        <test-method is-config="true" signature="tearDownClass()[pri:0, instance:com.sqa.psikotes.framework.runner.TestRunner@2767e23c]" started-at="2022-10-04T11:03:29 WIB" name="tearDownClass" finished-at="2022-10-04T11:03:30 WIB" duration-ms="407" status="PASS">
          <reporter-output>
          </reporter-output>
        </test-method> <!-- tearDownClass -->
      </class> <!-- com.sqa.psikotes.framework.runner.TestRunner -->
    </test> <!-- Default test -->
  </suite> <!-- Default suite -->
</testng-results>
